2019-06-28 03:08:32,419 Orchard.Recipes.Services.RecipeManager - Default - INFO Executing recipe 'Default'. [ExecutionId=61e3d1f74a9d496cad78f7652f5f9ea3]
2019-06-28 03:08:32,439 Orchard.Recipes.Services.RecipeStepQueue - Default - INFO Enqueuing recipe step 'Feature'. [ExecutionId=61e3d1f74a9d496cad78f7652f5f9ea3]
2019-06-28 03:08:32,453 Orchard.Recipes.Services.RecipeStepQueue - Default - INFO Enqueuing recipe step 'ContentDefinition'. [ExecutionId=61e3d1f74a9d496cad78f7652f5f9ea3]
2019-06-28 03:08:32,464 Orchard.Recipes.Services.RecipeStepQueue - Default - INFO Enqueuing recipe step 'Settings'. [ExecutionId=61e3d1f74a9d496cad78f7652f5f9ea3]
2019-06-28 03:08:32,475 Orchard.Recipes.Services.RecipeStepQueue - Default - INFO Enqueuing recipe step 'Migration'. [ExecutionId=61e3d1f74a9d496cad78f7652f5f9ea3]
2019-06-28 03:08:32,486 Orchard.Recipes.Services.RecipeStepQueue - Default - INFO Enqueuing recipe step 'Command'. [ExecutionId=61e3d1f74a9d496cad78f7652f5f9ea3]
2019-06-28 03:08:32,504 Orchard.Recipes.Services.RecipeStepQueue - Default - INFO Enqueuing recipe step 'ActivateShell'. [ExecutionId=(null)]
2019-06-28 03:08:32,614 Orchard.Recipes.Services.RecipeStepQueue - Default - INFO Dequeuing recipe steps. [ExecutionId=61e3d1f74a9d496cad78f7652f5f9ea3]
2019-06-28 03:08:32,618 Orchard.Recipes.Services.RecipeStepQueue - Default - INFO Dequeuing recipe step 'Feature'. [ExecutionId=61e3d1f74a9d496cad78f7652f5f9ea3]
2019-06-28 03:08:32,621 Orchard.Recipes.Services.RecipeStepExecutor - Default - INFO Executing recipe step 'Feature'. [ExecutionId=61e3d1f74a9d496cad78f7652f5f9ea3]
2019-06-28 03:08:32,627 Orchard.Recipes.Providers.RecipeHandlers.RecipeExecutionStepHandler - Default - INFO Executing recipe step 'Feature'. [ExecutionId=61e3d1f74a9d496cad78f7652f5f9ea3]
2019-06-28 03:08:32,631 Orchard.Recipes.Services.RecipeExecutionLogger - Default - INFO FeatureStep: Enabling features: Orchard.Blogs;Orchard.Comments;Orchard.Tags;Orchard.Alias;Orchard.Autoroute;TinyMce;Orchard.MediaLibrary;Orchard.ContentPicker;Orchard.PublishLater;Orchard.Resources;Orchard.Widgets;Orchard.ContentTypes;Orchard.Scripting;Orchard.Scripting.Lightweight;PackagingServices;Orchard.Packaging;Orchard.Projections;Orchard.Fields;Orchard.OutputCache;Orchard.Taxonomies;Orchard.Workflows;Orchard.Layouts;Orchard.Layouts.Tokens;TheThemeMachine [ExecutionId=61e3d1f74a9d496cad78f7652f5f9ea3]
2019-06-28 03:08:32,728 Orchard.Recipes.Providers.RecipeHandlers.RecipeExecutionStepHandler - Default - INFO Finished executing recipe step 'Feature'. [ExecutionId=61e3d1f74a9d496cad78f7652f5f9ea3]
2019-06-28 03:08:32,757 Orchard.Recipes.Services.RecipeScheduler - Default - INFO Scheduling next step of recipe. [ExecutionId=61e3d1f74a9d496cad78f7652f5f9ea3]
2019-06-28 03:08:34,808 Orchard.Recipes.Services.RecipeStepQueue - Default - INFO Dequeuing recipe steps. [ExecutionId=61e3d1f74a9d496cad78f7652f5f9ea3]
2019-06-28 03:08:34,811 Orchard.Recipes.Services.RecipeStepQueue - Default - INFO Dequeuing recipe step 'ContentDefinition'. [ExecutionId=61e3d1f74a9d496cad78f7652f5f9ea3]
2019-06-28 03:08:34,813 Orchard.Recipes.Services.RecipeStepExecutor - Default - INFO Executing recipe step 'ContentDefinition'. [ExecutionId=61e3d1f74a9d496cad78f7652f5f9ea3]
2019-06-28 03:08:34,816 Orchard.Recipes.Providers.RecipeHandlers.RecipeExecutionStepHandler - Default - INFO Executing recipe step 'ContentDefinition'. [ExecutionId=61e3d1f74a9d496cad78f7652f5f9ea3]
2019-06-28 03:08:34,820 Orchard.Recipes.Services.RecipeExecutionLogger - Default - INFO ContentDefinitionStep: Importing content type 'Page'. [ExecutionId=61e3d1f74a9d496cad78f7652f5f9ea3]
2019-06-28 03:08:34,922 Orchard.Recipes.Services.RecipeExecutionLogger - Default - INFO ContentDefinitionStep: Importing content type 'BlogPost'. [ExecutionId=61e3d1f74a9d496cad78f7652f5f9ea3]
2019-06-28 03:08:34,957 Orchard.Recipes.Services.RecipeExecutionLogger - Default - INFO ContentDefinitionStep: Importing content part 'BodyPart'. [ExecutionId=61e3d1f74a9d496cad78f7652f5f9ea3]
2019-06-28 03:08:34,968 Orchard.Recipes.Providers.RecipeHandlers.RecipeExecutionStepHandler - Default - INFO Finished executing recipe step 'ContentDefinition'. [ExecutionId=61e3d1f74a9d496cad78f7652f5f9ea3]
2019-06-28 03:08:34,978 Orchard.Recipes.Services.RecipeScheduler - Default - INFO Scheduling next step of recipe. [ExecutionId=61e3d1f74a9d496cad78f7652f5f9ea3]
2019-06-28 03:08:35,084 Orchard.Recipes.Services.RecipeStepQueue - Default - INFO Dequeuing recipe steps. [ExecutionId=61e3d1f74a9d496cad78f7652f5f9ea3]
2019-06-28 03:08:35,087 Orchard.Recipes.Services.RecipeStepQueue - Default - INFO Dequeuing recipe step 'Settings'. [ExecutionId=61e3d1f74a9d496cad78f7652f5f9ea3]
2019-06-28 03:08:35,089 Orchard.Recipes.Services.RecipeStepExecutor - Default - INFO Executing recipe step 'Settings'. [ExecutionId=61e3d1f74a9d496cad78f7652f5f9ea3]
2019-06-28 03:08:35,092 Orchard.Recipes.Providers.RecipeHandlers.RecipeExecutionStepHandler - Default - INFO Executing recipe step 'Settings'. [ExecutionId=61e3d1f74a9d496cad78f7652f5f9ea3]
2019-06-28 03:08:35,218 Orchard.Recipes.Providers.RecipeHandlers.RecipeExecutionStepHandler - Default - INFO Finished executing recipe step 'Settings'. [ExecutionId=61e3d1f74a9d496cad78f7652f5f9ea3]
2019-06-28 03:08:35,225 Orchard.Recipes.Services.RecipeScheduler - Default - INFO Scheduling next step of recipe. [ExecutionId=61e3d1f74a9d496cad78f7652f5f9ea3]
2019-06-28 03:08:35,320 Orchard.Recipes.Services.RecipeStepQueue - Default - INFO Dequeuing recipe steps. [ExecutionId=61e3d1f74a9d496cad78f7652f5f9ea3]
2019-06-28 03:08:35,323 Orchard.Recipes.Services.RecipeStepQueue - Default - INFO Dequeuing recipe step 'Migration'. [ExecutionId=61e3d1f74a9d496cad78f7652f5f9ea3]
2019-06-28 03:08:35,326 Orchard.Recipes.Services.RecipeStepExecutor - Default - INFO Executing recipe step 'Migration'. [ExecutionId=61e3d1f74a9d496cad78f7652f5f9ea3]
2019-06-28 03:08:35,328 Orchard.Recipes.Providers.RecipeHandlers.RecipeExecutionStepHandler - Default - INFO Executing recipe step 'Migration'. [ExecutionId=61e3d1f74a9d496cad78f7652f5f9ea3]
2019-06-28 03:08:35,405 Orchard.Recipes.Providers.RecipeHandlers.RecipeExecutionStepHandler - Default - INFO Finished executing recipe step 'Migration'. [ExecutionId=61e3d1f74a9d496cad78f7652f5f9ea3]
2019-06-28 03:08:35,411 Orchard.Recipes.Services.RecipeScheduler - Default - INFO Scheduling next step of recipe. [ExecutionId=61e3d1f74a9d496cad78f7652f5f9ea3]
2019-06-28 03:08:35,502 Orchard.Recipes.Services.RecipeStepQueue - Default - INFO Dequeuing recipe steps. [ExecutionId=61e3d1f74a9d496cad78f7652f5f9ea3]
2019-06-28 03:08:35,505 Orchard.Recipes.Services.RecipeStepQueue - Default - INFO Dequeuing recipe step 'Command'. [ExecutionId=61e3d1f74a9d496cad78f7652f5f9ea3]
2019-06-28 03:08:35,507 Orchard.Recipes.Services.RecipeStepExecutor - Default - INFO Executing recipe step 'Command'. [ExecutionId=61e3d1f74a9d496cad78f7652f5f9ea3]
2019-06-28 03:08:35,510 Orchard.Recipes.Providers.RecipeHandlers.RecipeExecutionStepHandler - Default - INFO Executing recipe step 'Command'. [ExecutionId=61e3d1f74a9d496cad78f7652f5f9ea3]
2019-06-28 03:08:35,513 Orchard.Recipes.Services.RecipeExecutionLogger - Default - INFO CommandStep: Executing command: layer create Default /LayerRule:"true" /Description:"The widgets in this layer are displayed on all pages" [ExecutionId=61e3d1f74a9d496cad78f7652f5f9ea3]
2019-06-28 03:08:35,746 Orchard.Recipes.Services.RecipeExecutionLogger - Default - INFO CommandStep: Executing command: layer create Authenticated /LayerRule:"authenticated" /Description:"The widgets in this layer are displayed when the user is authenticated" [ExecutionId=61e3d1f74a9d496cad78f7652f5f9ea3]
2019-06-28 03:08:35,764 Orchard.Recipes.Services.RecipeExecutionLogger - Default - INFO CommandStep: Executing command: layer create Anonymous /LayerRule:"not authenticated" /Description:"The widgets in this layer are displayed when the user is anonymous" [ExecutionId=61e3d1f74a9d496cad78f7652f5f9ea3]
2019-06-28 03:08:35,782 Orchard.Recipes.Services.RecipeExecutionLogger - Default - INFO CommandStep: Executing command: layer create Disabled /LayerRule:"false" /Description:"The widgets in this layer are never displayed" [ExecutionId=61e3d1f74a9d496cad78f7652f5f9ea3]
2019-06-28 03:08:35,800 Orchard.Recipes.Services.RecipeExecutionLogger - Default - INFO CommandStep: Executing command: layer create TheHomepage /LayerRule:"url '~/'" /Description:"The widgets in this layer are displayed on the home page" [ExecutionId=61e3d1f74a9d496cad78f7652f5f9ea3]
2019-06-28 03:08:35,818 Orchard.Recipes.Services.RecipeExecutionLogger - Default - INFO CommandStep: Executing command: site setting set baseurl [ExecutionId=61e3d1f74a9d496cad78f7652f5f9ea3]
2019-06-28 03:08:35,823 Orchard.Recipes.Services.RecipeExecutionLogger - Default - INFO CommandStep: Executing command: menu create /MenuName:"Main Menu" [ExecutionId=61e3d1f74a9d496cad78f7652f5f9ea3]
2019-06-28 03:08:35,842 Orchard.Recipes.Services.RecipeExecutionLogger - Default - INFO CommandStep: Executing command: page create /Slug:"welcome-to-orchard" /Title:"Welcome to Orchard!" /Path:"welcome-to-orchard" /Homepage:true /Publish:true /UseWelcomeText:true [ExecutionId=61e3d1f74a9d496cad78f7652f5f9ea3]
2019-06-28 03:08:36,244 Orchard.Recipes.Services.RecipeExecutionLogger - Default - INFO CommandStep: Executing command: menuitem create /MenuPosition:"0" /MenuText:"Home" /Url:"~/" /MenuName:"Main Menu" [ExecutionId=61e3d1f74a9d496cad78f7652f5f9ea3]
2019-06-28 03:08:36,286 Orchard.Recipes.Services.RecipeExecutionLogger - Default - INFO CommandStep: Executing command: widget create MenuWidget /Title:"Main Menu" /RenderTitle:false /Zone:"Navigation" /Position:"1" /Layer:"Default" /Identity:"MenuWidget1" /MenuName:"Main Menu" [ExecutionId=61e3d1f74a9d496cad78f7652f5f9ea3]
2019-06-28 03:08:36,348 Orchard.Recipes.Services.RecipeExecutionLogger - Default - INFO CommandStep: Executing command: theme activate "The Theme Machine" [ExecutionId=61e3d1f74a9d496cad78f7652f5f9ea3]
2019-06-28 03:08:36,352 Orchard.Recipes.Providers.RecipeHandlers.RecipeExecutionStepHandler - Default - INFO Finished executing recipe step 'Command'. [ExecutionId=61e3d1f74a9d496cad78f7652f5f9ea3]
2019-06-28 03:08:36,360 Orchard.Recipes.Services.RecipeScheduler - Default - INFO Scheduling next step of recipe. [ExecutionId=61e3d1f74a9d496cad78f7652f5f9ea3]
2019-06-28 03:08:36,476 Orchard.Recipes.Services.RecipeStepQueue - Default - INFO Dequeuing recipe steps. [ExecutionId=61e3d1f74a9d496cad78f7652f5f9ea3]
2019-06-28 03:08:36,478 Orchard.Recipes.Services.RecipeStepQueue - Default - INFO Dequeuing recipe step 'ActivateShell'. [ExecutionId=61e3d1f74a9d496cad78f7652f5f9ea3]
2019-06-28 03:08:36,481 Orchard.Recipes.Services.RecipeStepExecutor - Default - INFO Executing recipe step 'ActivateShell'. [ExecutionId=61e3d1f74a9d496cad78f7652f5f9ea3]
2019-06-28 03:08:36,484 Orchard.Recipes.Providers.RecipeHandlers.RecipeExecutionStepHandler - Default - INFO Executing recipe step 'ActivateShell'. [ExecutionId=61e3d1f74a9d496cad78f7652f5f9ea3]
2019-06-28 03:08:36,490 Orchard.Recipes.Providers.RecipeHandlers.RecipeExecutionStepHandler - Default - INFO Finished executing recipe step 'ActivateShell'. [ExecutionId=61e3d1f74a9d496cad78f7652f5f9ea3]
2019-06-28 03:08:36,568 Orchard.Recipes.Services.RecipeScheduler - Default - INFO Scheduling next step of recipe. [ExecutionId=61e3d1f74a9d496cad78f7652f5f9ea3]
2019-06-28 03:08:36,689 Orchard.Recipes.Services.RecipeStepQueue - Default - INFO Dequeuing recipe steps. [ExecutionId=61e3d1f74a9d496cad78f7652f5f9ea3]
2019-06-28 03:08:36,691 Orchard.Recipes.Services.RecipeStepExecutor - Default - INFO No more recipe steps left to execute. [ExecutionId=61e3d1f74a9d496cad78f7652f5f9ea3]
2019-06-28 03:08:36,694 Orchard.Recipes.Services.RecipeScheduler - Default - INFO All recipe steps executed; restarting shell. [ExecutionId=61e3d1f74a9d496cad78f7652f5f9ea3]
