2019-07-01 06:14:56,801 Orchard.Recipes.Services.RecipeManager - Default - INFO Executing recipe 'Default'. [ExecutionId=4cf80daa60144e4aa935e8d32c58f775]
2019-07-01 06:14:56,831 Orchard.Recipes.Services.RecipeStepQueue - Default - INFO Enqueuing recipe step 'Feature'. [ExecutionId=4cf80daa60144e4aa935e8d32c58f775]
2019-07-01 06:14:56,846 Orchard.Recipes.Services.RecipeStepQueue - Default - INFO Enqueuing recipe step 'ContentDefinition'. [ExecutionId=4cf80daa60144e4aa935e8d32c58f775]
2019-07-01 06:14:56,855 Orchard.Recipes.Services.RecipeStepQueue - Default - INFO Enqueuing recipe step 'Settings'. [ExecutionId=4cf80daa60144e4aa935e8d32c58f775]
2019-07-01 06:14:56,865 Orchard.Recipes.Services.RecipeStepQueue - Default - INFO Enqueuing recipe step 'Migration'. [ExecutionId=4cf80daa60144e4aa935e8d32c58f775]
2019-07-01 06:14:56,875 Orchard.Recipes.Services.RecipeStepQueue - Default - INFO Enqueuing recipe step 'Command'. [ExecutionId=4cf80daa60144e4aa935e8d32c58f775]
2019-07-01 06:14:56,891 Orchard.Recipes.Services.RecipeStepQueue - Default - INFO Enqueuing recipe step 'ActivateShell'. [ExecutionId=(null)]
2019-07-01 06:14:57,014 Orchard.Recipes.Services.RecipeStepQueue - Default - INFO Dequeuing recipe steps. [ExecutionId=4cf80daa60144e4aa935e8d32c58f775]
2019-07-01 06:14:57,018 Orchard.Recipes.Services.RecipeStepQueue - Default - INFO Dequeuing recipe step 'Feature'. [ExecutionId=4cf80daa60144e4aa935e8d32c58f775]
2019-07-01 06:14:57,020 Orchard.Recipes.Services.RecipeStepExecutor - Default - INFO Executing recipe step 'Feature'. [ExecutionId=4cf80daa60144e4aa935e8d32c58f775]
2019-07-01 06:14:57,027 Orchard.Recipes.Providers.RecipeHandlers.RecipeExecutionStepHandler - Default - INFO Executing recipe step 'Feature'. [ExecutionId=4cf80daa60144e4aa935e8d32c58f775]
2019-07-01 06:14:57,032 Orchard.Recipes.Services.RecipeExecutionLogger - Default - INFO FeatureStep: Enabling features: Orchard.Blogs;Orchard.Comments;Orchard.Tags;Orchard.Alias;Orchard.Autoroute;TinyMce;Orchard.MediaLibrary;Orchard.ContentPicker;Orchard.PublishLater;Orchard.Resources;Orchard.Widgets;Orchard.ContentTypes;Orchard.Scripting;Orchard.Scripting.Lightweight;PackagingServices;Orchard.Packaging;Orchard.Projections;Orchard.Fields;Orchard.OutputCache;Orchard.Taxonomies;Orchard.Workflows;Orchard.Layouts;Orchard.Layouts.Tokens;TheThemeMachine [ExecutionId=4cf80daa60144e4aa935e8d32c58f775]
2019-07-01 06:14:57,137 Orchard.Recipes.Providers.RecipeHandlers.RecipeExecutionStepHandler - Default - INFO Finished executing recipe step 'Feature'. [ExecutionId=4cf80daa60144e4aa935e8d32c58f775]
2019-07-01 06:14:57,171 Orchard.Recipes.Services.RecipeScheduler - Default - INFO Scheduling next step of recipe. [ExecutionId=4cf80daa60144e4aa935e8d32c58f775]
2019-07-01 06:14:59,351 Orchard.Recipes.Services.RecipeStepQueue - Default - INFO Dequeuing recipe steps. [ExecutionId=4cf80daa60144e4aa935e8d32c58f775]
2019-07-01 06:14:59,354 Orchard.Recipes.Services.RecipeStepQueue - Default - INFO Dequeuing recipe step 'ContentDefinition'. [ExecutionId=4cf80daa60144e4aa935e8d32c58f775]
2019-07-01 06:14:59,356 Orchard.Recipes.Services.RecipeStepExecutor - Default - INFO Executing recipe step 'ContentDefinition'. [ExecutionId=4cf80daa60144e4aa935e8d32c58f775]
2019-07-01 06:14:59,359 Orchard.Recipes.Providers.RecipeHandlers.RecipeExecutionStepHandler - Default - INFO Executing recipe step 'ContentDefinition'. [ExecutionId=4cf80daa60144e4aa935e8d32c58f775]
2019-07-01 06:14:59,363 Orchard.Recipes.Services.RecipeExecutionLogger - Default - INFO ContentDefinitionStep: Importing content type 'Page'. [ExecutionId=4cf80daa60144e4aa935e8d32c58f775]
2019-07-01 06:14:59,461 Orchard.Recipes.Services.RecipeExecutionLogger - Default - INFO ContentDefinitionStep: Importing content type 'BlogPost'. [ExecutionId=4cf80daa60144e4aa935e8d32c58f775]
2019-07-01 06:14:59,479 Orchard.Recipes.Services.RecipeExecutionLogger - Default - INFO ContentDefinitionStep: Importing content part 'BodyPart'. [ExecutionId=4cf80daa60144e4aa935e8d32c58f775]
2019-07-01 06:14:59,491 Orchard.Recipes.Providers.RecipeHandlers.RecipeExecutionStepHandler - Default - INFO Finished executing recipe step 'ContentDefinition'. [ExecutionId=4cf80daa60144e4aa935e8d32c58f775]
2019-07-01 06:14:59,502 Orchard.Recipes.Services.RecipeScheduler - Default - INFO Scheduling next step of recipe. [ExecutionId=4cf80daa60144e4aa935e8d32c58f775]
2019-07-01 06:14:59,601 Orchard.Recipes.Services.RecipeStepQueue - Default - INFO Dequeuing recipe steps. [ExecutionId=4cf80daa60144e4aa935e8d32c58f775]
2019-07-01 06:14:59,604 Orchard.Recipes.Services.RecipeStepQueue - Default - INFO Dequeuing recipe step 'Settings'. [ExecutionId=4cf80daa60144e4aa935e8d32c58f775]
2019-07-01 06:14:59,607 Orchard.Recipes.Services.RecipeStepExecutor - Default - INFO Executing recipe step 'Settings'. [ExecutionId=4cf80daa60144e4aa935e8d32c58f775]
2019-07-01 06:14:59,609 Orchard.Recipes.Providers.RecipeHandlers.RecipeExecutionStepHandler - Default - INFO Executing recipe step 'Settings'. [ExecutionId=4cf80daa60144e4aa935e8d32c58f775]
2019-07-01 06:14:59,724 Orchard.Recipes.Providers.RecipeHandlers.RecipeExecutionStepHandler - Default - INFO Finished executing recipe step 'Settings'. [ExecutionId=4cf80daa60144e4aa935e8d32c58f775]
2019-07-01 06:14:59,733 Orchard.Recipes.Services.RecipeScheduler - Default - INFO Scheduling next step of recipe. [ExecutionId=4cf80daa60144e4aa935e8d32c58f775]
2019-07-01 06:14:59,832 Orchard.Recipes.Services.RecipeStepQueue - Default - INFO Dequeuing recipe steps. [ExecutionId=4cf80daa60144e4aa935e8d32c58f775]
2019-07-01 06:14:59,835 Orchard.Recipes.Services.RecipeStepQueue - Default - INFO Dequeuing recipe step 'Migration'. [ExecutionId=4cf80daa60144e4aa935e8d32c58f775]
2019-07-01 06:14:59,838 Orchard.Recipes.Services.RecipeStepExecutor - Default - INFO Executing recipe step 'Migration'. [ExecutionId=4cf80daa60144e4aa935e8d32c58f775]
2019-07-01 06:14:59,840 Orchard.Recipes.Providers.RecipeHandlers.RecipeExecutionStepHandler - Default - INFO Executing recipe step 'Migration'. [ExecutionId=4cf80daa60144e4aa935e8d32c58f775]
2019-07-01 06:14:59,912 Orchard.Recipes.Providers.RecipeHandlers.RecipeExecutionStepHandler - Default - INFO Finished executing recipe step 'Migration'. [ExecutionId=4cf80daa60144e4aa935e8d32c58f775]
2019-07-01 06:14:59,919 Orchard.Recipes.Services.RecipeScheduler - Default - INFO Scheduling next step of recipe. [ExecutionId=4cf80daa60144e4aa935e8d32c58f775]
2019-07-01 06:15:00,020 Orchard.Recipes.Services.RecipeStepQueue - Default - INFO Dequeuing recipe steps. [ExecutionId=4cf80daa60144e4aa935e8d32c58f775]
2019-07-01 06:15:00,023 Orchard.Recipes.Services.RecipeStepQueue - Default - INFO Dequeuing recipe step 'Command'. [ExecutionId=4cf80daa60144e4aa935e8d32c58f775]
2019-07-01 06:15:00,025 Orchard.Recipes.Services.RecipeStepExecutor - Default - INFO Executing recipe step 'Command'. [ExecutionId=4cf80daa60144e4aa935e8d32c58f775]
2019-07-01 06:15:00,028 Orchard.Recipes.Providers.RecipeHandlers.RecipeExecutionStepHandler - Default - INFO Executing recipe step 'Command'. [ExecutionId=4cf80daa60144e4aa935e8d32c58f775]
2019-07-01 06:15:00,031 Orchard.Recipes.Services.RecipeExecutionLogger - Default - INFO CommandStep: Executing command: layer create Default /LayerRule:"true" /Description:"The widgets in this layer are displayed on all pages" [ExecutionId=4cf80daa60144e4aa935e8d32c58f775]
2019-07-01 06:15:00,247 Orchard.Recipes.Services.RecipeExecutionLogger - Default - INFO CommandStep: Executing command: layer create Authenticated /LayerRule:"authenticated" /Description:"The widgets in this layer are displayed when the user is authenticated" [ExecutionId=4cf80daa60144e4aa935e8d32c58f775]
2019-07-01 06:15:00,268 Orchard.Recipes.Services.RecipeExecutionLogger - Default - INFO CommandStep: Executing command: layer create Anonymous /LayerRule:"not authenticated" /Description:"The widgets in this layer are displayed when the user is anonymous" [ExecutionId=4cf80daa60144e4aa935e8d32c58f775]
2019-07-01 06:15:00,287 Orchard.Recipes.Services.RecipeExecutionLogger - Default - INFO CommandStep: Executing command: layer create Disabled /LayerRule:"false" /Description:"The widgets in this layer are never displayed" [ExecutionId=4cf80daa60144e4aa935e8d32c58f775]
2019-07-01 06:15:00,308 Orchard.Recipes.Services.RecipeExecutionLogger - Default - INFO CommandStep: Executing command: layer create TheHomepage /LayerRule:"url '~/'" /Description:"The widgets in this layer are displayed on the home page" [ExecutionId=4cf80daa60144e4aa935e8d32c58f775]
2019-07-01 06:15:00,329 Orchard.Recipes.Services.RecipeExecutionLogger - Default - INFO CommandStep: Executing command: site setting set baseurl [ExecutionId=4cf80daa60144e4aa935e8d32c58f775]
2019-07-01 06:15:00,334 Orchard.Recipes.Services.RecipeExecutionLogger - Default - INFO CommandStep: Executing command: menu create /MenuName:"Main Menu" [ExecutionId=4cf80daa60144e4aa935e8d32c58f775]
2019-07-01 06:15:00,356 Orchard.Recipes.Services.RecipeExecutionLogger - Default - INFO CommandStep: Executing command: page create /Slug:"welcome-to-orchard" /Title:"Welcome to Orchard!" /Path:"welcome-to-orchard" /Homepage:true /Publish:true /UseWelcomeText:true [ExecutionId=4cf80daa60144e4aa935e8d32c58f775]
2019-07-01 06:15:00,843 Orchard.Recipes.Services.RecipeExecutionLogger - Default - INFO CommandStep: Executing command: menuitem create /MenuPosition:"0" /MenuText:"Home" /Url:"~/" /MenuName:"Main Menu" [ExecutionId=4cf80daa60144e4aa935e8d32c58f775]
2019-07-01 06:15:00,887 Orchard.Recipes.Services.RecipeExecutionLogger - Default - INFO CommandStep: Executing command: widget create MenuWidget /Title:"Main Menu" /RenderTitle:false /Zone:"Navigation" /Position:"1" /Layer:"Default" /Identity:"MenuWidget1" /MenuName:"Main Menu" [ExecutionId=4cf80daa60144e4aa935e8d32c58f775]
2019-07-01 06:15:00,951 Orchard.Recipes.Services.RecipeExecutionLogger - Default - INFO CommandStep: Executing command: theme activate "The Theme Machine" [ExecutionId=4cf80daa60144e4aa935e8d32c58f775]
2019-07-01 06:15:00,958 Orchard.Recipes.Providers.RecipeHandlers.RecipeExecutionStepHandler - Default - INFO Finished executing recipe step 'Command'. [ExecutionId=4cf80daa60144e4aa935e8d32c58f775]
2019-07-01 06:15:00,967 Orchard.Recipes.Services.RecipeScheduler - Default - INFO Scheduling next step of recipe. [ExecutionId=4cf80daa60144e4aa935e8d32c58f775]
2019-07-01 06:15:01,072 Orchard.Recipes.Services.RecipeStepQueue - Default - INFO Dequeuing recipe steps. [ExecutionId=4cf80daa60144e4aa935e8d32c58f775]
2019-07-01 06:15:01,076 Orchard.Recipes.Services.RecipeStepQueue - Default - INFO Dequeuing recipe step 'ActivateShell'. [ExecutionId=4cf80daa60144e4aa935e8d32c58f775]
2019-07-01 06:15:01,078 Orchard.Recipes.Services.RecipeStepExecutor - Default - INFO Executing recipe step 'ActivateShell'. [ExecutionId=4cf80daa60144e4aa935e8d32c58f775]
2019-07-01 06:15:01,081 Orchard.Recipes.Providers.RecipeHandlers.RecipeExecutionStepHandler - Default - INFO Executing recipe step 'ActivateShell'. [ExecutionId=4cf80daa60144e4aa935e8d32c58f775]
2019-07-01 06:15:01,088 Orchard.Recipes.Providers.RecipeHandlers.RecipeExecutionStepHandler - Default - INFO Finished executing recipe step 'ActivateShell'. [ExecutionId=4cf80daa60144e4aa935e8d32c58f775]
2019-07-01 06:15:01,156 Orchard.Recipes.Services.RecipeScheduler - Default - INFO Scheduling next step of recipe. [ExecutionId=4cf80daa60144e4aa935e8d32c58f775]
2019-07-01 06:15:01,258 Orchard.Recipes.Services.RecipeStepQueue - Default - INFO Dequeuing recipe steps. [ExecutionId=4cf80daa60144e4aa935e8d32c58f775]
2019-07-01 06:15:01,261 Orchard.Recipes.Services.RecipeStepExecutor - Default - INFO No more recipe steps left to execute. [ExecutionId=4cf80daa60144e4aa935e8d32c58f775]
2019-07-01 06:15:01,264 Orchard.Recipes.Services.RecipeScheduler - Default - INFO All recipe steps executed; restarting shell. [ExecutionId=4cf80daa60144e4aa935e8d32c58f775]
