2019-07-09 04:31:04,039 Orchard.Recipes.Services.RecipeManager - Default - INFO Executing recipe 'Default'. [ExecutionId=5a93e054cbff44abbb85a088ae76de46]
2019-07-09 04:31:04,067 Orchard.Recipes.Services.RecipeStepQueue - Default - INFO Enqueuing recipe step 'Feature'. [ExecutionId=5a93e054cbff44abbb85a088ae76de46]
2019-07-09 04:31:04,082 Orchard.Recipes.Services.RecipeStepQueue - Default - INFO Enqueuing recipe step 'ContentDefinition'. [ExecutionId=5a93e054cbff44abbb85a088ae76de46]
2019-07-09 04:31:04,094 Orchard.Recipes.Services.RecipeStepQueue - Default - INFO Enqueuing recipe step 'Settings'. [ExecutionId=5a93e054cbff44abbb85a088ae76de46]
2019-07-09 04:31:04,105 Orchard.Recipes.Services.RecipeStepQueue - Default - INFO Enqueuing recipe step 'Migration'. [ExecutionId=5a93e054cbff44abbb85a088ae76de46]
2019-07-09 04:31:04,116 Orchard.Recipes.Services.RecipeStepQueue - Default - INFO Enqueuing recipe step 'Command'. [ExecutionId=5a93e054cbff44abbb85a088ae76de46]
2019-07-09 04:31:04,132 Orchard.Recipes.Services.RecipeStepQueue - Default - INFO Enqueuing recipe step 'ActivateShell'. [ExecutionId=(null)]
2019-07-09 04:31:04,252 Orchard.Recipes.Services.RecipeStepQueue - Default - INFO Dequeuing recipe steps. [ExecutionId=5a93e054cbff44abbb85a088ae76de46]
2019-07-09 04:31:04,256 Orchard.Recipes.Services.RecipeStepQueue - Default - INFO Dequeuing recipe step 'Feature'. [ExecutionId=5a93e054cbff44abbb85a088ae76de46]
2019-07-09 04:31:04,258 Orchard.Recipes.Services.RecipeStepExecutor - Default - INFO Executing recipe step 'Feature'. [ExecutionId=5a93e054cbff44abbb85a088ae76de46]
2019-07-09 04:31:04,265 Orchard.Recipes.Providers.RecipeHandlers.RecipeExecutionStepHandler - Default - INFO Executing recipe step 'Feature'. [ExecutionId=5a93e054cbff44abbb85a088ae76de46]
2019-07-09 04:31:04,270 Orchard.Recipes.Services.RecipeExecutionLogger - Default - INFO FeatureStep: Enabling features: Orchard.Blogs;Orchard.Comments;Orchard.Tags;Orchard.Alias;Orchard.Autoroute;TinyMce;Orchard.MediaLibrary;Orchard.ContentPicker;Orchard.PublishLater;Orchard.Resources;Orchard.Widgets;Orchard.ContentTypes;Orchard.Scripting;Orchard.Scripting.Lightweight;PackagingServices;Orchard.Packaging;Orchard.Projections;Orchard.Fields;Orchard.OutputCache;Orchard.Taxonomies;Orchard.Workflows;Orchard.Layouts;Orchard.Layouts.Tokens;TheThemeMachine [ExecutionId=5a93e054cbff44abbb85a088ae76de46]
2019-07-09 04:31:04,373 Orchard.Recipes.Providers.RecipeHandlers.RecipeExecutionStepHandler - Default - INFO Finished executing recipe step 'Feature'. [ExecutionId=5a93e054cbff44abbb85a088ae76de46]
2019-07-09 04:31:04,407 Orchard.Recipes.Services.RecipeScheduler - Default - INFO Scheduling next step of recipe. [ExecutionId=5a93e054cbff44abbb85a088ae76de46]
2019-07-09 04:31:06,568 Orchard.Recipes.Services.RecipeStepQueue - Default - INFO Dequeuing recipe steps. [ExecutionId=5a93e054cbff44abbb85a088ae76de46]
2019-07-09 04:31:06,570 Orchard.Recipes.Services.RecipeStepQueue - Default - INFO Dequeuing recipe step 'ContentDefinition'. [ExecutionId=5a93e054cbff44abbb85a088ae76de46]
2019-07-09 04:31:06,573 Orchard.Recipes.Services.RecipeStepExecutor - Default - INFO Executing recipe step 'ContentDefinition'. [ExecutionId=5a93e054cbff44abbb85a088ae76de46]
2019-07-09 04:31:06,580 Orchard.Recipes.Providers.RecipeHandlers.RecipeExecutionStepHandler - Default - INFO Executing recipe step 'ContentDefinition'. [ExecutionId=5a93e054cbff44abbb85a088ae76de46]
2019-07-09 04:31:06,584 Orchard.Recipes.Services.RecipeExecutionLogger - Default - INFO ContentDefinitionStep: Importing content type 'Page'. [ExecutionId=5a93e054cbff44abbb85a088ae76de46]
2019-07-09 04:31:06,761 Orchard.Recipes.Services.RecipeExecutionLogger - Default - INFO ContentDefinitionStep: Importing content type 'BlogPost'. [ExecutionId=5a93e054cbff44abbb85a088ae76de46]
2019-07-09 04:31:06,781 Orchard.Recipes.Services.RecipeExecutionLogger - Default - INFO ContentDefinitionStep: Importing content part 'BodyPart'. [ExecutionId=5a93e054cbff44abbb85a088ae76de46]
2019-07-09 04:31:06,792 Orchard.Recipes.Providers.RecipeHandlers.RecipeExecutionStepHandler - Default - INFO Finished executing recipe step 'ContentDefinition'. [ExecutionId=5a93e054cbff44abbb85a088ae76de46]
2019-07-09 04:31:06,802 Orchard.Recipes.Services.RecipeScheduler - Default - INFO Scheduling next step of recipe. [ExecutionId=5a93e054cbff44abbb85a088ae76de46]
2019-07-09 04:31:06,912 Orchard.Recipes.Services.RecipeStepQueue - Default - INFO Dequeuing recipe steps. [ExecutionId=5a93e054cbff44abbb85a088ae76de46]
2019-07-09 04:31:06,915 Orchard.Recipes.Services.RecipeStepQueue - Default - INFO Dequeuing recipe step 'Settings'. [ExecutionId=5a93e054cbff44abbb85a088ae76de46]
2019-07-09 04:31:06,917 Orchard.Recipes.Services.RecipeStepExecutor - Default - INFO Executing recipe step 'Settings'. [ExecutionId=5a93e054cbff44abbb85a088ae76de46]
2019-07-09 04:31:06,919 Orchard.Recipes.Providers.RecipeHandlers.RecipeExecutionStepHandler - Default - INFO Executing recipe step 'Settings'. [ExecutionId=5a93e054cbff44abbb85a088ae76de46]
2019-07-09 04:31:07,037 Orchard.Recipes.Providers.RecipeHandlers.RecipeExecutionStepHandler - Default - INFO Finished executing recipe step 'Settings'. [ExecutionId=5a93e054cbff44abbb85a088ae76de46]
2019-07-09 04:31:07,047 Orchard.Recipes.Services.RecipeScheduler - Default - INFO Scheduling next step of recipe. [ExecutionId=5a93e054cbff44abbb85a088ae76de46]
2019-07-09 04:31:07,146 Orchard.Recipes.Services.RecipeStepQueue - Default - INFO Dequeuing recipe steps. [ExecutionId=5a93e054cbff44abbb85a088ae76de46]
2019-07-09 04:31:07,149 Orchard.Recipes.Services.RecipeStepQueue - Default - INFO Dequeuing recipe step 'Migration'. [ExecutionId=5a93e054cbff44abbb85a088ae76de46]
2019-07-09 04:31:07,151 Orchard.Recipes.Services.RecipeStepExecutor - Default - INFO Executing recipe step 'Migration'. [ExecutionId=5a93e054cbff44abbb85a088ae76de46]
2019-07-09 04:31:07,154 Orchard.Recipes.Providers.RecipeHandlers.RecipeExecutionStepHandler - Default - INFO Executing recipe step 'Migration'. [ExecutionId=5a93e054cbff44abbb85a088ae76de46]
2019-07-09 04:31:07,227 Orchard.Recipes.Providers.RecipeHandlers.RecipeExecutionStepHandler - Default - INFO Finished executing recipe step 'Migration'. [ExecutionId=5a93e054cbff44abbb85a088ae76de46]
2019-07-09 04:31:07,234 Orchard.Recipes.Services.RecipeScheduler - Default - INFO Scheduling next step of recipe. [ExecutionId=5a93e054cbff44abbb85a088ae76de46]
2019-07-09 04:31:07,331 Orchard.Recipes.Services.RecipeStepQueue - Default - INFO Dequeuing recipe steps. [ExecutionId=5a93e054cbff44abbb85a088ae76de46]
2019-07-09 04:31:07,334 Orchard.Recipes.Services.RecipeStepQueue - Default - INFO Dequeuing recipe step 'Command'. [ExecutionId=5a93e054cbff44abbb85a088ae76de46]
2019-07-09 04:31:07,336 Orchard.Recipes.Services.RecipeStepExecutor - Default - INFO Executing recipe step 'Command'. [ExecutionId=5a93e054cbff44abbb85a088ae76de46]
2019-07-09 04:31:07,338 Orchard.Recipes.Providers.RecipeHandlers.RecipeExecutionStepHandler - Default - INFO Executing recipe step 'Command'. [ExecutionId=5a93e054cbff44abbb85a088ae76de46]
2019-07-09 04:31:07,342 Orchard.Recipes.Services.RecipeExecutionLogger - Default - INFO CommandStep: Executing command: layer create Default /LayerRule:"true" /Description:"The widgets in this layer are displayed on all pages" [ExecutionId=5a93e054cbff44abbb85a088ae76de46]
2019-07-09 04:31:07,552 Orchard.Recipes.Services.RecipeExecutionLogger - Default - INFO CommandStep: Executing command: layer create Authenticated /LayerRule:"authenticated" /Description:"The widgets in this layer are displayed when the user is authenticated" [ExecutionId=5a93e054cbff44abbb85a088ae76de46]
2019-07-09 04:31:07,573 Orchard.Recipes.Services.RecipeExecutionLogger - Default - INFO CommandStep: Executing command: layer create Anonymous /LayerRule:"not authenticated" /Description:"The widgets in this layer are displayed when the user is anonymous" [ExecutionId=5a93e054cbff44abbb85a088ae76de46]
2019-07-09 04:31:07,593 Orchard.Recipes.Services.RecipeExecutionLogger - Default - INFO CommandStep: Executing command: layer create Disabled /LayerRule:"false" /Description:"The widgets in this layer are never displayed" [ExecutionId=5a93e054cbff44abbb85a088ae76de46]
2019-07-09 04:31:07,614 Orchard.Recipes.Services.RecipeExecutionLogger - Default - INFO CommandStep: Executing command: layer create TheHomepage /LayerRule:"url '~/'" /Description:"The widgets in this layer are displayed on the home page" [ExecutionId=5a93e054cbff44abbb85a088ae76de46]
2019-07-09 04:31:07,635 Orchard.Recipes.Services.RecipeExecutionLogger - Default - INFO CommandStep: Executing command: site setting set baseurl [ExecutionId=5a93e054cbff44abbb85a088ae76de46]
2019-07-09 04:31:07,641 Orchard.Recipes.Services.RecipeExecutionLogger - Default - INFO CommandStep: Executing command: menu create /MenuName:"Main Menu" [ExecutionId=5a93e054cbff44abbb85a088ae76de46]
2019-07-09 04:31:07,662 Orchard.Recipes.Services.RecipeExecutionLogger - Default - INFO CommandStep: Executing command: page create /Slug:"welcome-to-orchard" /Title:"Welcome to Orchard!" /Path:"welcome-to-orchard" /Homepage:true /Publish:true /UseWelcomeText:true [ExecutionId=5a93e054cbff44abbb85a088ae76de46]
2019-07-09 04:31:08,144 Orchard.Recipes.Services.RecipeExecutionLogger - Default - INFO CommandStep: Executing command: menuitem create /MenuPosition:"0" /MenuText:"Home" /Url:"~/" /MenuName:"Main Menu" [ExecutionId=5a93e054cbff44abbb85a088ae76de46]
2019-07-09 04:31:08,188 Orchard.Recipes.Services.RecipeExecutionLogger - Default - INFO CommandStep: Executing command: widget create MenuWidget /Title:"Main Menu" /RenderTitle:false /Zone:"Navigation" /Position:"1" /Layer:"Default" /Identity:"MenuWidget1" /MenuName:"Main Menu" [ExecutionId=5a93e054cbff44abbb85a088ae76de46]
2019-07-09 04:31:08,252 Orchard.Recipes.Services.RecipeExecutionLogger - Default - INFO CommandStep: Executing command: theme activate "The Theme Machine" [ExecutionId=5a93e054cbff44abbb85a088ae76de46]
2019-07-09 04:31:08,258 Orchard.Recipes.Providers.RecipeHandlers.RecipeExecutionStepHandler - Default - INFO Finished executing recipe step 'Command'. [ExecutionId=5a93e054cbff44abbb85a088ae76de46]
2019-07-09 04:31:08,266 Orchard.Recipes.Services.RecipeScheduler - Default - INFO Scheduling next step of recipe. [ExecutionId=5a93e054cbff44abbb85a088ae76de46]
2019-07-09 04:31:08,371 Orchard.Recipes.Services.RecipeStepQueue - Default - INFO Dequeuing recipe steps. [ExecutionId=5a93e054cbff44abbb85a088ae76de46]
2019-07-09 04:31:08,374 Orchard.Recipes.Services.RecipeStepQueue - Default - INFO Dequeuing recipe step 'ActivateShell'. [ExecutionId=5a93e054cbff44abbb85a088ae76de46]
2019-07-09 04:31:08,376 Orchard.Recipes.Services.RecipeStepExecutor - Default - INFO Executing recipe step 'ActivateShell'. [ExecutionId=5a93e054cbff44abbb85a088ae76de46]
2019-07-09 04:31:08,379 Orchard.Recipes.Providers.RecipeHandlers.RecipeExecutionStepHandler - Default - INFO Executing recipe step 'ActivateShell'. [ExecutionId=5a93e054cbff44abbb85a088ae76de46]
2019-07-09 04:31:08,386 Orchard.Recipes.Providers.RecipeHandlers.RecipeExecutionStepHandler - Default - INFO Finished executing recipe step 'ActivateShell'. [ExecutionId=5a93e054cbff44abbb85a088ae76de46]
2019-07-09 04:31:08,456 Orchard.Recipes.Services.RecipeScheduler - Default - INFO Scheduling next step of recipe. [ExecutionId=5a93e054cbff44abbb85a088ae76de46]
2019-07-09 04:31:08,557 Orchard.Recipes.Services.RecipeStepQueue - Default - INFO Dequeuing recipe steps. [ExecutionId=5a93e054cbff44abbb85a088ae76de46]
2019-07-09 04:31:08,560 Orchard.Recipes.Services.RecipeStepExecutor - Default - INFO No more recipe steps left to execute. [ExecutionId=5a93e054cbff44abbb85a088ae76de46]
2019-07-09 04:31:08,563 Orchard.Recipes.Services.RecipeScheduler - Default - INFO All recipe steps executed; restarting shell. [ExecutionId=5a93e054cbff44abbb85a088ae76de46]
