2019-06-29 15:53:06,247 [40] Orchard.Environment.Extensions.Folders.ExtensionHarvester - (null) - The module 'Erdem.WebShop' could not be loaded. It was ignored. [(null)]
System.ArgumentException: The line  in manifest for extension Erdem.WebShop was ignored
   konum: Orchard.Environment.Extensions.Folders.ExtensionHarvester.GetFeaturesForExtension(IDictionary`2 manifest, ExtensionDescriptor extensionDescriptor) C:\Projeler\version 3\Orchard-1.10.3\src\Orchard\Environment\Extensions\Folders\ExtensionHarvester.cs içinde: satýr 326
   konum: Orchard.Environment.Extensions.Folders.ExtensionHarvester.GetDescriptorForExtension(String locationPath, String extensionId, String extensionType, String manifestText) C:\Projeler\version 3\Orchard-1.10.3\src\Orchard\Environment\Extensions\Folders\ExtensionHarvester.cs içinde: satýr 135
   konum: Orchard.Environment.Extensions.Folders.ExtensionHarvester.<>c__DisplayClass39_0.<GetExtensionDescriptor>b__0(AcquireContext`1 context) C:\Projeler\version 3\Orchard-1.10.3\src\Orchard\Environment\Extensions\Folders\ExtensionHarvester.cs içinde: satýr 157
   konum: Orchard.Caching.Cache`2.CreateEntry(TKey k, Func`2 acquire) C:\Projeler\version 3\Orchard-1.10.3\src\Orchard\Caching\Cache.cs içinde: satýr 57
   konum: Orchard.Caching.Cache`2.UpdateEntry(CacheEntry currentEntry, TKey k, Func`2 acquire) C:\Projeler\version 3\Orchard-1.10.3\src\Orchard\Caching\Cache.cs içinde: satýr 33
   konum: Orchard.Caching.Cache`2.<>c__DisplayClass3_0.<Get>b__1(TKey k, CacheEntry currentEntry) C:\Projeler\version 3\Orchard-1.10.3\src\Orchard\Caching\Cache.cs içinde: satýr 21
   konum: System.Collections.Concurrent.ConcurrentDictionary`2.AddOrUpdate(TKey key, Func`2 addValueFactory, Func`3 updateValueFactory)
   konum: Orchard.Caching.Cache`2.Get(TKey key, Func`2 acquire) C:\Projeler\version 3\Orchard-1.10.3\src\Orchard\Caching\Cache.cs içinde: satýr 17
   konum: Orchard.Caching.DefaultCacheManager.Get[TKey,TResult](TKey key, Func`2 acquire) C:\Projeler\version 3\Orchard-1.10.3\src\Orchard\Caching\DefaultCacheManager.cs içinde: satýr 33
   konum: Orchard.Caching.CacheManagerExtensions.Get[TKey,TResult](ICacheManager cacheManager, TKey key, Boolean preventConcurrentCalls, Func`2 acquire) C:\Projeler\version 3\Orchard-1.10.3\src\Orchard\Caching\ICacheManager.cs içinde: satýr 13
   konum: Orchard.Environment.Extensions.Folders.ExtensionHarvester.GetExtensionDescriptor(String locationPath, String extensionId, String extensionType, String manifestPath, Boolean manifestIsOptional) C:\Projeler\version 3\Orchard-1.10.3\src\Orchard\Environment\Extensions\Folders\ExtensionHarvester.cs içinde: satýr 141
   konum: Orchard.Environment.Extensions.Folders.ExtensionHarvester.AvailableExtensionsInFolder(String path, String extensionType, String manifestName, Boolean manifestIsOptional) C:\Projeler\version 3\Orchard-1.10.3\src\Orchard\Environment\Extensions\Folders\ExtensionHarvester.cs içinde: satýr 79
2019-06-29 16:04:50,735 [7] Orchard.Environment.Extensions.Folders.ExtensionHarvester - (null) - The module 'Erdem.WebShop' could not be loaded. It was ignored. [(null)]
System.ArgumentException: The line  in manifest for extension Erdem.WebShop was ignored
   konum: Orchard.Environment.Extensions.Folders.ExtensionHarvester.GetFeaturesForExtension(IDictionary`2 manifest, ExtensionDescriptor extensionDescriptor) C:\Projeler\version 3\Orchard-1.10.3\src\Orchard\Environment\Extensions\Folders\ExtensionHarvester.cs içinde: satýr 326
   konum: Orchard.Environment.Extensions.Folders.ExtensionHarvester.GetDescriptorForExtension(String locationPath, String extensionId, String extensionType, String manifestText) C:\Projeler\version 3\Orchard-1.10.3\src\Orchard\Environment\Extensions\Folders\ExtensionHarvester.cs içinde: satýr 135
   konum: Orchard.Environment.Extensions.Folders.ExtensionHarvester.<>c__DisplayClass39_0.<GetExtensionDescriptor>b__0(AcquireContext`1 context) C:\Projeler\version 3\Orchard-1.10.3\src\Orchard\Environment\Extensions\Folders\ExtensionHarvester.cs içinde: satýr 157
   konum: Orchard.Caching.Cache`2.CreateEntry(TKey k, Func`2 acquire) C:\Projeler\version 3\Orchard-1.10.3\src\Orchard\Caching\Cache.cs içinde: satýr 57
   konum: Orchard.Caching.Cache`2.AddEntry(TKey k, Func`2 acquire) C:\Projeler\version 3\Orchard-1.10.3\src\Orchard\Caching\Cache.cs içinde: satýr 27
   konum: Orchard.Caching.Cache`2.<>c__DisplayClass3_0.<Get>b__0(TKey k) C:\Projeler\version 3\Orchard-1.10.3\src\Orchard\Caching\Cache.cs içinde: satýr 19
   konum: System.Collections.Concurrent.ConcurrentDictionary`2.AddOrUpdate(TKey key, Func`2 addValueFactory, Func`3 updateValueFactory)
   konum: Orchard.Caching.Cache`2.Get(TKey key, Func`2 acquire) C:\Projeler\version 3\Orchard-1.10.3\src\Orchard\Caching\Cache.cs içinde: satýr 17
   konum: Orchard.Caching.DefaultCacheManager.Get[TKey,TResult](TKey key, Func`2 acquire) C:\Projeler\version 3\Orchard-1.10.3\src\Orchard\Caching\DefaultCacheManager.cs içinde: satýr 33
   konum: Orchard.Caching.CacheManagerExtensions.Get[TKey,TResult](ICacheManager cacheManager, TKey key, Boolean preventConcurrentCalls, Func`2 acquire) C:\Projeler\version 3\Orchard-1.10.3\src\Orchard\Caching\ICacheManager.cs içinde: satýr 13
   konum: Orchard.Environment.Extensions.Folders.ExtensionHarvester.GetExtensionDescriptor(String locationPath, String extensionId, String extensionType, String manifestPath, Boolean manifestIsOptional) C:\Projeler\version 3\Orchard-1.10.3\src\Orchard\Environment\Extensions\Folders\ExtensionHarvester.cs içinde: satýr 141
   konum: Orchard.Environment.Extensions.Folders.ExtensionHarvester.AvailableExtensionsInFolder(String path, String extensionType, String manifestName, Boolean manifestIsOptional) C:\Projeler\version 3\Orchard-1.10.3\src\Orchard\Environment\Extensions\Folders\ExtensionHarvester.cs içinde: satýr 79
2019-06-29 16:15:35,208 [7] Orchard.Environment.Extensions.Folders.ExtensionHarvester - (null) - The module 'Erdem.WebShop' could not be loaded. It was ignored. [(null)]
System.ArgumentException: The line  in manifest for extension Erdem.WebShop was ignored
   konum: Orchard.Environment.Extensions.Folders.ExtensionHarvester.GetFeaturesForExtension(IDictionary`2 manifest, ExtensionDescriptor extensionDescriptor) C:\Projeler\version 3\Orchard-1.10.3\src\Orchard\Environment\Extensions\Folders\ExtensionHarvester.cs içinde: satýr 326
   konum: Orchard.Environment.Extensions.Folders.ExtensionHarvester.GetDescriptorForExtension(String locationPath, String extensionId, String extensionType, String manifestText) C:\Projeler\version 3\Orchard-1.10.3\src\Orchard\Environment\Extensions\Folders\ExtensionHarvester.cs içinde: satýr 135
   konum: Orchard.Environment.Extensions.Folders.ExtensionHarvester.<>c__DisplayClass39_0.<GetExtensionDescriptor>b__0(AcquireContext`1 context) C:\Projeler\version 3\Orchard-1.10.3\src\Orchard\Environment\Extensions\Folders\ExtensionHarvester.cs içinde: satýr 157
   konum: Orchard.Caching.Cache`2.CreateEntry(TKey k, Func`2 acquire) C:\Projeler\version 3\Orchard-1.10.3\src\Orchard\Caching\Cache.cs içinde: satýr 57
   konum: Orchard.Caching.Cache`2.AddEntry(TKey k, Func`2 acquire) C:\Projeler\version 3\Orchard-1.10.3\src\Orchard\Caching\Cache.cs içinde: satýr 27
   konum: Orchard.Caching.Cache`2.<>c__DisplayClass3_0.<Get>b__0(TKey k) C:\Projeler\version 3\Orchard-1.10.3\src\Orchard\Caching\Cache.cs içinde: satýr 19
   konum: System.Collections.Concurrent.ConcurrentDictionary`2.AddOrUpdate(TKey key, Func`2 addValueFactory, Func`3 updateValueFactory)
   konum: Orchard.Caching.Cache`2.Get(TKey key, Func`2 acquire) C:\Projeler\version 3\Orchard-1.10.3\src\Orchard\Caching\Cache.cs içinde: satýr 17
   konum: Orchard.Caching.DefaultCacheManager.Get[TKey,TResult](TKey key, Func`2 acquire) C:\Projeler\version 3\Orchard-1.10.3\src\Orchard\Caching\DefaultCacheManager.cs içinde: satýr 33
   konum: Orchard.Caching.CacheManagerExtensions.Get[TKey,TResult](ICacheManager cacheManager, TKey key, Boolean preventConcurrentCalls, Func`2 acquire) C:\Projeler\version 3\Orchard-1.10.3\src\Orchard\Caching\ICacheManager.cs içinde: satýr 13
   konum: Orchard.Environment.Extensions.Folders.ExtensionHarvester.GetExtensionDescriptor(String locationPath, String extensionId, String extensionType, String manifestPath, Boolean manifestIsOptional) C:\Projeler\version 3\Orchard-1.10.3\src\Orchard\Environment\Extensions\Folders\ExtensionHarvester.cs içinde: satýr 141
   konum: Orchard.Environment.Extensions.Folders.ExtensionHarvester.AvailableExtensionsInFolder(String path, String extensionType, String manifestName, Boolean manifestIsOptional) C:\Projeler\version 3\Orchard-1.10.3\src\Orchard\Environment\Extensions\Folders\ExtensionHarvester.cs içinde: satýr 79
