2019-07-03 02:48:58,955 Orchard.Recipes.Services.RecipeManager - Default - INFO Executing recipe 'Default'. [ExecutionId=2e0ed9a3d6784fd586aa7166638e8175]
2019-07-03 02:48:58,983 Orchard.Recipes.Services.RecipeStepQueue - Default - INFO Enqueuing recipe step 'Feature'. [ExecutionId=2e0ed9a3d6784fd586aa7166638e8175]
2019-07-03 02:48:58,998 Orchard.Recipes.Services.RecipeStepQueue - Default - INFO Enqueuing recipe step 'ContentDefinition'. [ExecutionId=2e0ed9a3d6784fd586aa7166638e8175]
2019-07-03 02:48:59,008 Orchard.Recipes.Services.RecipeStepQueue - Default - INFO Enqueuing recipe step 'Settings'. [ExecutionId=2e0ed9a3d6784fd586aa7166638e8175]
2019-07-03 02:48:59,018 Orchard.Recipes.Services.RecipeStepQueue - Default - INFO Enqueuing recipe step 'Migration'. [ExecutionId=2e0ed9a3d6784fd586aa7166638e8175]
2019-07-03 02:48:59,029 Orchard.Recipes.Services.RecipeStepQueue - Default - INFO Enqueuing recipe step 'Command'. [ExecutionId=2e0ed9a3d6784fd586aa7166638e8175]
2019-07-03 02:48:59,046 Orchard.Recipes.Services.RecipeStepQueue - Default - INFO Enqueuing recipe step 'ActivateShell'. [ExecutionId=(null)]
2019-07-03 02:48:59,180 Orchard.Recipes.Services.RecipeStepQueue - Default - INFO Dequeuing recipe steps. [ExecutionId=2e0ed9a3d6784fd586aa7166638e8175]
2019-07-03 02:48:59,184 Orchard.Recipes.Services.RecipeStepQueue - Default - INFO Dequeuing recipe step 'Feature'. [ExecutionId=2e0ed9a3d6784fd586aa7166638e8175]
2019-07-03 02:48:59,187 Orchard.Recipes.Services.RecipeStepExecutor - Default - INFO Executing recipe step 'Feature'. [ExecutionId=2e0ed9a3d6784fd586aa7166638e8175]
2019-07-03 02:48:59,194 Orchard.Recipes.Providers.RecipeHandlers.RecipeExecutionStepHandler - Default - INFO Executing recipe step 'Feature'. [ExecutionId=2e0ed9a3d6784fd586aa7166638e8175]
2019-07-03 02:48:59,199 Orchard.Recipes.Services.RecipeExecutionLogger - Default - INFO FeatureStep: Enabling features: Orchard.Blogs;Orchard.Comments;Orchard.Tags;Orchard.Alias;Orchard.Autoroute;TinyMce;Orchard.MediaLibrary;Orchard.ContentPicker;Orchard.PublishLater;Orchard.Resources;Orchard.Widgets;Orchard.ContentTypes;Orchard.Scripting;Orchard.Scripting.Lightweight;PackagingServices;Orchard.Packaging;Orchard.Projections;Orchard.Fields;Orchard.OutputCache;Orchard.Taxonomies;Orchard.Workflows;Orchard.Layouts;Orchard.Layouts.Tokens;TheThemeMachine [ExecutionId=2e0ed9a3d6784fd586aa7166638e8175]
2019-07-03 02:48:59,311 Orchard.Recipes.Providers.RecipeHandlers.RecipeExecutionStepHandler - Default - INFO Finished executing recipe step 'Feature'. [ExecutionId=2e0ed9a3d6784fd586aa7166638e8175]
2019-07-03 02:48:59,347 Orchard.Recipes.Services.RecipeScheduler - Default - INFO Scheduling next step of recipe. [ExecutionId=2e0ed9a3d6784fd586aa7166638e8175]
2019-07-03 02:49:01,484 Orchard.Recipes.Services.RecipeStepQueue - Default - INFO Dequeuing recipe steps. [ExecutionId=2e0ed9a3d6784fd586aa7166638e8175]
2019-07-03 02:49:01,487 Orchard.Recipes.Services.RecipeStepQueue - Default - INFO Dequeuing recipe step 'ContentDefinition'. [ExecutionId=2e0ed9a3d6784fd586aa7166638e8175]
2019-07-03 02:49:01,490 Orchard.Recipes.Services.RecipeStepExecutor - Default - INFO Executing recipe step 'ContentDefinition'. [ExecutionId=2e0ed9a3d6784fd586aa7166638e8175]
2019-07-03 02:49:01,492 Orchard.Recipes.Providers.RecipeHandlers.RecipeExecutionStepHandler - Default - INFO Executing recipe step 'ContentDefinition'. [ExecutionId=2e0ed9a3d6784fd586aa7166638e8175]
2019-07-03 02:49:01,496 Orchard.Recipes.Services.RecipeExecutionLogger - Default - INFO ContentDefinitionStep: Importing content type 'Page'. [ExecutionId=2e0ed9a3d6784fd586aa7166638e8175]
2019-07-03 02:49:01,603 Orchard.Recipes.Services.RecipeExecutionLogger - Default - INFO ContentDefinitionStep: Importing content type 'BlogPost'. [ExecutionId=2e0ed9a3d6784fd586aa7166638e8175]
2019-07-03 02:49:01,624 Orchard.Recipes.Services.RecipeExecutionLogger - Default - INFO ContentDefinitionStep: Importing content part 'BodyPart'. [ExecutionId=2e0ed9a3d6784fd586aa7166638e8175]
2019-07-03 02:49:01,636 Orchard.Recipes.Providers.RecipeHandlers.RecipeExecutionStepHandler - Default - INFO Finished executing recipe step 'ContentDefinition'. [ExecutionId=2e0ed9a3d6784fd586aa7166638e8175]
2019-07-03 02:49:01,647 Orchard.Recipes.Services.RecipeScheduler - Default - INFO Scheduling next step of recipe. [ExecutionId=2e0ed9a3d6784fd586aa7166638e8175]
2019-07-03 02:49:01,752 Orchard.Recipes.Services.RecipeStepQueue - Default - INFO Dequeuing recipe steps. [ExecutionId=2e0ed9a3d6784fd586aa7166638e8175]
2019-07-03 02:49:01,755 Orchard.Recipes.Services.RecipeStepQueue - Default - INFO Dequeuing recipe step 'Settings'. [ExecutionId=2e0ed9a3d6784fd586aa7166638e8175]
2019-07-03 02:49:01,757 Orchard.Recipes.Services.RecipeStepExecutor - Default - INFO Executing recipe step 'Settings'. [ExecutionId=2e0ed9a3d6784fd586aa7166638e8175]
2019-07-03 02:49:01,760 Orchard.Recipes.Providers.RecipeHandlers.RecipeExecutionStepHandler - Default - INFO Executing recipe step 'Settings'. [ExecutionId=2e0ed9a3d6784fd586aa7166638e8175]
2019-07-03 02:49:01,888 Orchard.Recipes.Providers.RecipeHandlers.RecipeExecutionStepHandler - Default - INFO Finished executing recipe step 'Settings'. [ExecutionId=2e0ed9a3d6784fd586aa7166638e8175]
2019-07-03 02:49:01,897 Orchard.Recipes.Services.RecipeScheduler - Default - INFO Scheduling next step of recipe. [ExecutionId=2e0ed9a3d6784fd586aa7166638e8175]
2019-07-03 02:49:02,007 Orchard.Recipes.Services.RecipeStepQueue - Default - INFO Dequeuing recipe steps. [ExecutionId=2e0ed9a3d6784fd586aa7166638e8175]
2019-07-03 02:49:02,010 Orchard.Recipes.Services.RecipeStepQueue - Default - INFO Dequeuing recipe step 'Migration'. [ExecutionId=2e0ed9a3d6784fd586aa7166638e8175]
2019-07-03 02:49:02,012 Orchard.Recipes.Services.RecipeStepExecutor - Default - INFO Executing recipe step 'Migration'. [ExecutionId=2e0ed9a3d6784fd586aa7166638e8175]
2019-07-03 02:49:02,015 Orchard.Recipes.Providers.RecipeHandlers.RecipeExecutionStepHandler - Default - INFO Executing recipe step 'Migration'. [ExecutionId=2e0ed9a3d6784fd586aa7166638e8175]
2019-07-03 02:49:02,102 Orchard.Recipes.Providers.RecipeHandlers.RecipeExecutionStepHandler - Default - INFO Finished executing recipe step 'Migration'. [ExecutionId=2e0ed9a3d6784fd586aa7166638e8175]
2019-07-03 02:49:02,110 Orchard.Recipes.Services.RecipeScheduler - Default - INFO Scheduling next step of recipe. [ExecutionId=2e0ed9a3d6784fd586aa7166638e8175]
2019-07-03 02:49:02,219 Orchard.Recipes.Services.RecipeStepQueue - Default - INFO Dequeuing recipe steps. [ExecutionId=2e0ed9a3d6784fd586aa7166638e8175]
2019-07-03 02:49:02,222 Orchard.Recipes.Services.RecipeStepQueue - Default - INFO Dequeuing recipe step 'Command'. [ExecutionId=2e0ed9a3d6784fd586aa7166638e8175]
2019-07-03 02:49:02,224 Orchard.Recipes.Services.RecipeStepExecutor - Default - INFO Executing recipe step 'Command'. [ExecutionId=2e0ed9a3d6784fd586aa7166638e8175]
2019-07-03 02:49:02,226 Orchard.Recipes.Providers.RecipeHandlers.RecipeExecutionStepHandler - Default - INFO Executing recipe step 'Command'. [ExecutionId=2e0ed9a3d6784fd586aa7166638e8175]
2019-07-03 02:49:02,230 Orchard.Recipes.Services.RecipeExecutionLogger - Default - INFO CommandStep: Executing command: layer create Default /LayerRule:"true" /Description:"The widgets in this layer are displayed on all pages" [ExecutionId=2e0ed9a3d6784fd586aa7166638e8175]
2019-07-03 02:49:02,540 Orchard.Recipes.Services.RecipeExecutionLogger - Default - INFO CommandStep: Executing command: layer create Authenticated /LayerRule:"authenticated" /Description:"The widgets in this layer are displayed when the user is authenticated" [ExecutionId=2e0ed9a3d6784fd586aa7166638e8175]
2019-07-03 02:49:02,560 Orchard.Recipes.Services.RecipeExecutionLogger - Default - INFO CommandStep: Executing command: layer create Anonymous /LayerRule:"not authenticated" /Description:"The widgets in this layer are displayed when the user is anonymous" [ExecutionId=2e0ed9a3d6784fd586aa7166638e8175]
2019-07-03 02:49:02,580 Orchard.Recipes.Services.RecipeExecutionLogger - Default - INFO CommandStep: Executing command: layer create Disabled /LayerRule:"false" /Description:"The widgets in this layer are never displayed" [ExecutionId=2e0ed9a3d6784fd586aa7166638e8175]
2019-07-03 02:49:02,604 Orchard.Recipes.Services.RecipeExecutionLogger - Default - INFO CommandStep: Executing command: layer create TheHomepage /LayerRule:"url '~/'" /Description:"The widgets in this layer are displayed on the home page" [ExecutionId=2e0ed9a3d6784fd586aa7166638e8175]
2019-07-03 02:49:02,625 Orchard.Recipes.Services.RecipeExecutionLogger - Default - INFO CommandStep: Executing command: site setting set baseurl [ExecutionId=2e0ed9a3d6784fd586aa7166638e8175]
2019-07-03 02:49:02,630 Orchard.Recipes.Services.RecipeExecutionLogger - Default - INFO CommandStep: Executing command: menu create /MenuName:"Main Menu" [ExecutionId=2e0ed9a3d6784fd586aa7166638e8175]
2019-07-03 02:49:02,652 Orchard.Recipes.Services.RecipeExecutionLogger - Default - INFO CommandStep: Executing command: page create /Slug:"welcome-to-orchard" /Title:"Welcome to Orchard!" /Path:"welcome-to-orchard" /Homepage:true /Publish:true /UseWelcomeText:true [ExecutionId=2e0ed9a3d6784fd586aa7166638e8175]
2019-07-03 02:49:03,138 Orchard.Recipes.Services.RecipeExecutionLogger - Default - INFO CommandStep: Executing command: menuitem create /MenuPosition:"0" /MenuText:"Home" /Url:"~/" /MenuName:"Main Menu" [ExecutionId=2e0ed9a3d6784fd586aa7166638e8175]
2019-07-03 02:49:03,183 Orchard.Recipes.Services.RecipeExecutionLogger - Default - INFO CommandStep: Executing command: widget create MenuWidget /Title:"Main Menu" /RenderTitle:false /Zone:"Navigation" /Position:"1" /Layer:"Default" /Identity:"MenuWidget1" /MenuName:"Main Menu" [ExecutionId=2e0ed9a3d6784fd586aa7166638e8175]
2019-07-03 02:49:03,246 Orchard.Recipes.Services.RecipeExecutionLogger - Default - INFO CommandStep: Executing command: theme activate "The Theme Machine" [ExecutionId=2e0ed9a3d6784fd586aa7166638e8175]
2019-07-03 02:49:03,253 Orchard.Recipes.Providers.RecipeHandlers.RecipeExecutionStepHandler - Default - INFO Finished executing recipe step 'Command'. [ExecutionId=2e0ed9a3d6784fd586aa7166638e8175]
2019-07-03 02:49:03,262 Orchard.Recipes.Services.RecipeScheduler - Default - INFO Scheduling next step of recipe. [ExecutionId=2e0ed9a3d6784fd586aa7166638e8175]
2019-07-03 02:49:03,378 Orchard.Recipes.Services.RecipeStepQueue - Default - INFO Dequeuing recipe steps. [ExecutionId=2e0ed9a3d6784fd586aa7166638e8175]
2019-07-03 02:49:03,381 Orchard.Recipes.Services.RecipeStepQueue - Default - INFO Dequeuing recipe step 'ActivateShell'. [ExecutionId=2e0ed9a3d6784fd586aa7166638e8175]
2019-07-03 02:49:03,383 Orchard.Recipes.Services.RecipeStepExecutor - Default - INFO Executing recipe step 'ActivateShell'. [ExecutionId=2e0ed9a3d6784fd586aa7166638e8175]
2019-07-03 02:49:03,385 Orchard.Recipes.Providers.RecipeHandlers.RecipeExecutionStepHandler - Default - INFO Executing recipe step 'ActivateShell'. [ExecutionId=2e0ed9a3d6784fd586aa7166638e8175]
2019-07-03 02:49:03,392 Orchard.Recipes.Providers.RecipeHandlers.RecipeExecutionStepHandler - Default - INFO Finished executing recipe step 'ActivateShell'. [ExecutionId=2e0ed9a3d6784fd586aa7166638e8175]
2019-07-03 02:49:03,465 Orchard.Recipes.Services.RecipeScheduler - Default - INFO Scheduling next step of recipe. [ExecutionId=2e0ed9a3d6784fd586aa7166638e8175]
2019-07-03 02:49:03,567 Orchard.Recipes.Services.RecipeStepQueue - Default - INFO Dequeuing recipe steps. [ExecutionId=2e0ed9a3d6784fd586aa7166638e8175]
2019-07-03 02:49:03,570 Orchard.Recipes.Services.RecipeStepExecutor - Default - INFO No more recipe steps left to execute. [ExecutionId=2e0ed9a3d6784fd586aa7166638e8175]
2019-07-03 02:49:03,574 Orchard.Recipes.Services.RecipeScheduler - Default - INFO All recipe steps executed; restarting shell. [ExecutionId=2e0ed9a3d6784fd586aa7166638e8175]
