2019-07-07 00:35:26,755 [11] Orchard.Recipes.Services.RecipeManager - Default - INFO Executing recipe 'Default'.
2019-07-07 00:35:26,791 [11] Orchard.Recipes.Services.RecipeStepQueue - Default - INFO Enqueuing recipe step 'Feature'.
2019-07-07 00:35:26,805 [11] Orchard.Recipes.Services.RecipeStepQueue - Default - INFO Enqueuing recipe step 'ContentDefinition'.
2019-07-07 00:35:26,816 [11] Orchard.Recipes.Services.RecipeStepQueue - Default - INFO Enqueuing recipe step 'Settings'.
2019-07-07 00:35:26,826 [11] Orchard.Recipes.Services.RecipeStepQueue - Default - INFO Enqueuing recipe step 'Migration'.
2019-07-07 00:35:26,837 [11] Orchard.Recipes.Services.RecipeStepQueue - Default - INFO Enqueuing recipe step 'Command'.
2019-07-07 00:35:26,853 [11] Orchard.Recipes.Services.RecipeStepQueue - Default - INFO Enqueuing recipe step 'ActivateShell'.
2019-07-07 00:35:26,973 [11] Orchard.Recipes.Services.RecipeStepQueue - Default - INFO Dequeuing recipe steps.
2019-07-07 00:35:26,976 [11] Orchard.Recipes.Services.RecipeStepQueue - Default - INFO Dequeuing recipe step 'Feature'.
2019-07-07 00:35:26,979 [11] Orchard.Recipes.Services.RecipeStepExecutor - Default - INFO Executing recipe step 'Feature'.
2019-07-07 00:35:26,986 [11] Orchard.Recipes.Providers.RecipeHandlers.RecipeExecutionStepHandler - Default - INFO Executing recipe step 'Feature'.
2019-07-07 00:35:26,991 [11] Orchard.Recipes.Services.RecipeExecutionLogger - Default - INFO FeatureStep: Enabling features: Orchard.Blogs;Orchard.Comments;Orchard.Tags;Orchard.Alias;Orchard.Autoroute;TinyMce;Orchard.MediaLibrary;Orchard.ContentPicker;Orchard.PublishLater;Orchard.Resources;Orchard.Widgets;Orchard.ContentTypes;Orchard.Scripting;Orchard.Scripting.Lightweight;PackagingServices;Orchard.Packaging;Orchard.Projections;Orchard.Fields;Orchard.OutputCache;Orchard.Taxonomies;Orchard.Workflows;Orchard.Layouts;Orchard.Layouts.Tokens;TheThemeMachine
2019-07-07 00:35:27,103 [11] Orchard.Recipes.Providers.RecipeHandlers.RecipeExecutionStepHandler - Default - INFO Finished executing recipe step 'Feature'.
2019-07-07 00:35:27,139 [11] Orchard.Recipes.Services.RecipeScheduler - Default - INFO Scheduling next step of recipe.
2019-07-07 00:35:29,295 [11] Orchard.Recipes.Services.RecipeStepQueue - Default - INFO Dequeuing recipe steps.
2019-07-07 00:35:29,298 [11] Orchard.Recipes.Services.RecipeStepQueue - Default - INFO Dequeuing recipe step 'ContentDefinition'.
2019-07-07 00:35:29,301 [11] Orchard.Recipes.Services.RecipeStepExecutor - Default - INFO Executing recipe step 'ContentDefinition'.
2019-07-07 00:35:29,304 [11] Orchard.Recipes.Providers.RecipeHandlers.RecipeExecutionStepHandler - Default - INFO Executing recipe step 'ContentDefinition'.
2019-07-07 00:35:29,308 [11] Orchard.Recipes.Services.RecipeExecutionLogger - Default - INFO ContentDefinitionStep: Importing content type 'Page'.
2019-07-07 00:35:29,409 [11] Orchard.Recipes.Services.RecipeExecutionLogger - Default - INFO ContentDefinitionStep: Importing content type 'BlogPost'.
2019-07-07 00:35:29,427 [11] Orchard.Recipes.Services.RecipeExecutionLogger - Default - INFO ContentDefinitionStep: Importing content part 'BodyPart'.
2019-07-07 00:35:29,439 [11] Orchard.Recipes.Providers.RecipeHandlers.RecipeExecutionStepHandler - Default - INFO Finished executing recipe step 'ContentDefinition'.
2019-07-07 00:35:29,450 [11] Orchard.Recipes.Services.RecipeScheduler - Default - INFO Scheduling next step of recipe.
2019-07-07 00:35:29,551 [11] Orchard.Recipes.Services.RecipeStepQueue - Default - INFO Dequeuing recipe steps.
2019-07-07 00:35:29,554 [11] Orchard.Recipes.Services.RecipeStepQueue - Default - INFO Dequeuing recipe step 'Settings'.
2019-07-07 00:35:29,556 [11] Orchard.Recipes.Services.RecipeStepExecutor - Default - INFO Executing recipe step 'Settings'.
2019-07-07 00:35:29,559 [11] Orchard.Recipes.Providers.RecipeHandlers.RecipeExecutionStepHandler - Default - INFO Executing recipe step 'Settings'.
2019-07-07 00:35:29,675 [11] Orchard.Recipes.Providers.RecipeHandlers.RecipeExecutionStepHandler - Default - INFO Finished executing recipe step 'Settings'.
2019-07-07 00:35:29,684 [11] Orchard.Recipes.Services.RecipeScheduler - Default - INFO Scheduling next step of recipe.
2019-07-07 00:35:29,788 [11] Orchard.Recipes.Services.RecipeStepQueue - Default - INFO Dequeuing recipe steps.
2019-07-07 00:35:29,791 [11] Orchard.Recipes.Services.RecipeStepQueue - Default - INFO Dequeuing recipe step 'Migration'.
2019-07-07 00:35:29,793 [11] Orchard.Recipes.Services.RecipeStepExecutor - Default - INFO Executing recipe step 'Migration'.
2019-07-07 00:35:29,795 [11] Orchard.Recipes.Providers.RecipeHandlers.RecipeExecutionStepHandler - Default - INFO Executing recipe step 'Migration'.
2019-07-07 00:35:29,890 [11] Orchard.Recipes.Providers.RecipeHandlers.RecipeExecutionStepHandler - Default - INFO Finished executing recipe step 'Migration'.
2019-07-07 00:35:29,898 [11] Orchard.Recipes.Services.RecipeScheduler - Default - INFO Scheduling next step of recipe.
2019-07-07 00:35:30,002 [11] Orchard.Recipes.Services.RecipeStepQueue - Default - INFO Dequeuing recipe steps.
2019-07-07 00:35:30,005 [11] Orchard.Recipes.Services.RecipeStepQueue - Default - INFO Dequeuing recipe step 'Command'.
2019-07-07 00:35:30,007 [11] Orchard.Recipes.Services.RecipeStepExecutor - Default - INFO Executing recipe step 'Command'.
2019-07-07 00:35:30,009 [11] Orchard.Recipes.Providers.RecipeHandlers.RecipeExecutionStepHandler - Default - INFO Executing recipe step 'Command'.
2019-07-07 00:35:30,012 [11] Orchard.Recipes.Services.RecipeExecutionLogger - Default - INFO CommandStep: Executing command: layer create Default /LayerRule:"true" /Description:"The widgets in this layer are displayed on all pages"
2019-07-07 00:35:30,241 [11] Orchard.Recipes.Services.RecipeExecutionLogger - Default - INFO CommandStep: Executing command: layer create Authenticated /LayerRule:"authenticated" /Description:"The widgets in this layer are displayed when the user is authenticated"
2019-07-07 00:35:30,262 [11] Orchard.Recipes.Services.RecipeExecutionLogger - Default - INFO CommandStep: Executing command: layer create Anonymous /LayerRule:"not authenticated" /Description:"The widgets in this layer are displayed when the user is anonymous"
2019-07-07 00:35:30,283 [11] Orchard.Recipes.Services.RecipeExecutionLogger - Default - INFO CommandStep: Executing command: layer create Disabled /LayerRule:"false" /Description:"The widgets in this layer are never displayed"
2019-07-07 00:35:30,305 [11] Orchard.Recipes.Services.RecipeExecutionLogger - Default - INFO CommandStep: Executing command: layer create TheHomepage /LayerRule:"url '~/'" /Description:"The widgets in this layer are displayed on the home page"
2019-07-07 00:35:30,325 [11] Orchard.Recipes.Services.RecipeExecutionLogger - Default - INFO CommandStep: Executing command: site setting set baseurl
2019-07-07 00:35:30,331 [11] Orchard.Recipes.Services.RecipeExecutionLogger - Default - INFO CommandStep: Executing command: menu create /MenuName:"Main Menu"
2019-07-07 00:35:30,355 [11] Orchard.Recipes.Services.RecipeExecutionLogger - Default - INFO CommandStep: Executing command: page create /Slug:"welcome-to-orchard" /Title:"Welcome to Orchard!" /Path:"welcome-to-orchard" /Homepage:true /Publish:true /UseWelcomeText:true
2019-07-07 00:35:30,869 [11] Orchard.Recipes.Services.RecipeExecutionLogger - Default - INFO CommandStep: Executing command: menuitem create /MenuPosition:"0" /MenuText:"Home" /Url:"~/" /MenuName:"Main Menu"
2019-07-07 00:35:30,918 [11] Orchard.Recipes.Services.RecipeExecutionLogger - Default - INFO CommandStep: Executing command: widget create MenuWidget /Title:"Main Menu" /RenderTitle:false /Zone:"Navigation" /Position:"1" /Layer:"Default" /Identity:"MenuWidget1" /MenuName:"Main Menu"
2019-07-07 00:35:30,985 [11] Orchard.Recipes.Services.RecipeExecutionLogger - Default - INFO CommandStep: Executing command: theme activate "The Theme Machine"
2019-07-07 00:35:30,991 [11] Orchard.Recipes.Providers.RecipeHandlers.RecipeExecutionStepHandler - Default - INFO Finished executing recipe step 'Command'.
2019-07-07 00:35:31,001 [11] Orchard.Recipes.Services.RecipeScheduler - Default - INFO Scheduling next step of recipe.
2019-07-07 00:35:31,112 [11] Orchard.Recipes.Services.RecipeStepQueue - Default - INFO Dequeuing recipe steps.
2019-07-07 00:35:31,115 [11] Orchard.Recipes.Services.RecipeStepQueue - Default - INFO Dequeuing recipe step 'ActivateShell'.
2019-07-07 00:35:31,118 [11] Orchard.Recipes.Services.RecipeStepExecutor - Default - INFO Executing recipe step 'ActivateShell'.
2019-07-07 00:35:31,121 [11] Orchard.Recipes.Providers.RecipeHandlers.RecipeExecutionStepHandler - Default - INFO Executing recipe step 'ActivateShell'.
2019-07-07 00:35:31,127 [11] Orchard.Recipes.Providers.RecipeHandlers.RecipeExecutionStepHandler - Default - INFO Finished executing recipe step 'ActivateShell'.
2019-07-07 00:35:31,211 [11] Orchard.Recipes.Services.RecipeScheduler - Default - INFO Scheduling next step of recipe.
2019-07-07 00:35:31,328 [11] Orchard.Recipes.Services.RecipeStepQueue - Default - INFO Dequeuing recipe steps.
2019-07-07 00:35:31,331 [11] Orchard.Recipes.Services.RecipeStepExecutor - Default - INFO No more recipe steps left to execute.
2019-07-07 00:35:31,334 [11] Orchard.Recipes.Services.RecipeScheduler - Default - INFO All recipe steps executed; restarting shell.
2019-07-07 02:32:40,542 [15] Orchard.Exceptions.DefaultExceptionPolicy - Default - ERROR An unexpected exception was caught
System.Exception: TargetInvocationException ContentZone ---> System.Exception: TargetInvocationException List ---> System.Exception: TargetInvocationException ContentZone ---> Orchard.OrchardException: Shape type Parts_Taskt_AddButton not found
   konum: Orchard.DisplayManagement.Implementation.DefaultDisplayManager.Execute(DisplayContext context) C:\Projeler10\Orchard-1.10.3\Orchard-1.10.3\src\Orchard\DisplayManagement\Implementation\DefaultDisplayManager.cs içinde: satýr 105
   konum: Orchard.DisplayManagement.Implementation.DisplayHelper.ShapeExecute(Object shape) C:\Projeler10\Orchard-1.10.3\Orchard-1.10.3\src\Orchard\DisplayManagement\Implementation\DisplayHelper.cs içinde: satýr 86
   konum: Orchard.DisplayManagement.Implementation.DisplayHelper.Invoke(String name, INamedEnumerable`1 parameters) C:\Projeler10\Orchard-1.10.3\Orchard-1.10.3\src\Orchard\DisplayManagement\Implementation\DisplayHelper.cs içinde: satýr 44
   konum: Orchard.DisplayManagement.Implementation.DisplayHelper.TryInvoke(InvokeBinder binder, Object[] args, Object& result) C:\Projeler10\Orchard-1.10.3\Orchard-1.10.3\src\Orchard\DisplayManagement\Implementation\DisplayHelper.cs içinde: satýr 29
   konum: CallSite.Target(Closure , CallSite , Object , Object )
   konum: Orchard.Core.Shapes.CoreShapes.ContentZone(Object Display, Object Shape, TextWriter Output) C:\Projeler10\Orchard-1.10.3\Orchard-1.10.3\src\Orchard.Web\Core\Shapes\CoreShapes.cs içinde: satýr 303
   --- Ýç özel durum yýðýný izlemesinin sonu ---
   konum: Orchard.DisplayManagement.Descriptors.ShapeAttributeStrategy.ShapeAttributeBindingStrategy.PerformInvoke(DisplayContext displayContext, MethodInfo methodInfo, Object serviceInstance) C:\Projeler10\Orchard-1.10.3\Orchard-1.10.3\src\Orchard\DisplayManagement\Descriptors\ShapeAttributeStrategy\ShapeAttributeBindingStrategy.cs içinde: satýr 73
   konum: Orchard.DisplayManagement.Descriptors.ShapeAttributeStrategy.ShapeAttributeBindingStrategy.<>c__DisplayClass5_0.<CreateDelegate>b__0(DisplayContext context) C:\Projeler10\Orchard-1.10.3\Orchard-1.10.3\src\Orchard\DisplayManagement\Descriptors\ShapeAttributeStrategy\ShapeAttributeBindingStrategy.cs içinde: satýr 55
   konum: Orchard.DisplayManagement.Descriptors.ShapeAlterationBuilder.<>c__DisplayClass7_1.<BoundAs>b__1(DisplayContext displayContext) C:\Projeler10\Orchard-1.10.3\Orchard-1.10.3\src\Orchard\DisplayManagement\Descriptors\ShapeAlterationBuilder.cs içinde: satýr 56
   konum: Orchard.DisplayManagement.Implementation.DefaultDisplayManager.Process(ShapeBinding shapeBinding, IShape shape, DisplayContext context) C:\Projeler10\Orchard-1.10.3\Orchard-1.10.3\src\Orchard\DisplayManagement\Implementation\DefaultDisplayManager.cs içinde: satýr 204
   konum: Orchard.DisplayManagement.Implementation.DefaultDisplayManager.Execute(DisplayContext context) C:\Projeler10\Orchard-1.10.3\Orchard-1.10.3\src\Orchard\DisplayManagement\Implementation\DefaultDisplayManager.cs içinde: satýr 100
   konum: Orchard.DisplayManagement.Implementation.DisplayHelper.ShapeExecute(Object shape) C:\Projeler10\Orchard-1.10.3\Orchard-1.10.3\src\Orchard\DisplayManagement\Implementation\DisplayHelper.cs içinde: satýr 86
   konum: Orchard.DisplayManagement.Implementation.DisplayHelper.Invoke(String name, INamedEnumerable`1 parameters) C:\Projeler10\Orchard-1.10.3\Orchard-1.10.3\src\Orchard\DisplayManagement\Implementation\DisplayHelper.cs içinde: satýr 44
   konum: Orchard.DisplayManagement.Implementation.DisplayHelper.TryInvoke(InvokeBinder binder, Object[] args, Object& result) C:\Projeler10\Orchard-1.10.3\Orchard-1.10.3\src\Orchard\DisplayManagement\Implementation\DisplayHelper.cs içinde: satýr 29
   konum: CallSite.Target(Closure , CallSite , Object , Object )
   konum: System.Dynamic.UpdateDelegates.UpdateAndExecute2[T0,T1,TRet](CallSite site, T0 arg0, T1 arg1)
   konum: ASP._Page_Core_Contents_Views_Content_Summary_cshtml.Execute() C:\Projeler10\Orchard-1.10.3\Orchard-1.10.3\src\Orchard.Web\Core\Contents\Views\Content.Summary.cshtml içinde: satýr 18
   konum: System.Web.WebPages.WebPageBase.ExecutePageHierarchy()
   konum: System.Web.Mvc.WebViewPage.ExecutePageHierarchy()
   konum: System.Web.WebPages.WebPageBase.ExecutePageHierarchy(WebPageContext pageContext, TextWriter writer, WebPageRenderingBase startPage)
   konum: System.Web.Mvc.Html.PartialExtensions.Partial(HtmlHelper htmlHelper, String partialViewName, Object model, ViewDataDictionary viewData)
   konum: Orchard.DisplayManagement.Descriptors.ShapeTemplateStrategy.ShapeTemplateBindingStrategy.Render(ShapeDescriptor shapeDescriptor, DisplayContext displayContext, HarvestShapeInfo harvestShapeInfo, HarvestShapeHit harvestShapeHit) C:\Projeler10\Orchard-1.10.3\Orchard-1.10.3\src\Orchard\DisplayManagement\Descriptors\ShapeTemplateStrategy\ShapeTemplateBindingStrategy.cs içinde: satýr 151
   konum: Orchard.DisplayManagement.Descriptors.ShapeTemplateStrategy.ShapeTemplateBindingStrategy.<>c__DisplayClass20_7.<Discover>b__14(DisplayContext displayContext) C:\Projeler10\Orchard-1.10.3\Orchard-1.10.3\src\Orchard\DisplayManagement\Descriptors\ShapeTemplateStrategy\ShapeTemplateBindingStrategy.cs içinde: satýr 133
   konum: Orchard.DisplayManagement.Descriptors.ShapeAlterationBuilder.<>c__DisplayClass7_1.<BoundAs>b__1(DisplayContext displayContext) C:\Projeler10\Orchard-1.10.3\Orchard-1.10.3\src\Orchard\DisplayManagement\Descriptors\ShapeAlterationBuilder.cs içinde: satýr 56
   konum: Orchard.DisplayManagement.Implementation.DefaultDisplayManager.Process(ShapeBinding shapeBinding, IShape shape, DisplayContext context) C:\Projeler10\Orchard-1.10.3\Orchard-1.10.3\src\Orchard\DisplayManagement\Implementation\DefaultDisplayManager.cs içinde: satýr 204
   konum: Orchard.DisplayManagement.Implementation.DefaultDisplayManager.Execute(DisplayContext context) C:\Projeler10\Orchard-1.10.3\Orchard-1.10.3\src\Orchard\DisplayManagement\Implementation\DefaultDisplayManager.cs içinde: satýr 100
   konum: Orchard.DisplayManagement.Implementation.DisplayHelper.ShapeExecute(Object shape) C:\Projeler10\Orchard-1.10.3\Orchard-1.10.3\src\Orchard\DisplayManagement\Implementation\DisplayHelper.cs içinde: satýr 86
   konum: Orchard.DisplayManagement.Implementation.DisplayHelper.Invoke(String name, INamedEnumerable`1 parameters) C:\Projeler10\Orchard-1.10.3\Orchard-1.10.3\src\Orchard\DisplayManagement\Implementation\DisplayHelper.cs içinde: satýr 44
   konum: Orchard.DisplayManagement.Implementation.DisplayHelper.TryInvoke(InvokeBinder binder, Object[] args, Object& result) C:\Projeler10\Orchard-1.10.3\Orchard-1.10.3\src\Orchard\DisplayManagement\Implementation\DisplayHelper.cs içinde: satýr 29
   konum: CallSite.Target(Closure , CallSite , Object , Object )
   konum: System.Dynamic.UpdateDelegates.UpdateAndExecute2[T0,T1,TRet](CallSite site, T0 arg0, T1 arg1)
   konum: Orchard.Core.Shapes.CoreShapes.List(Object Display, TextWriter Output, IEnumerable`1 Items, String Tag, String Id, IEnumerable`1 Classes, IDictionary`2 Attributes, String ItemTag, IEnumerable`1 ItemClasses, IDictionary`2 ItemAttributes) C:\Projeler10\Orchard-1.10.3\Orchard-1.10.3\src\Orchard.Web\Core\Shapes\CoreShapes.cs içinde: satýr 748
   --- Ýç özel durum yýðýný izlemesinin sonu ---
   konum: Orchard.DisplayManagement.Descriptors.ShapeAttributeStrategy.ShapeAttributeBindingStrategy.PerformInvoke(DisplayContext displayContext, MethodInfo methodInfo, Object serviceInstance) C:\Projeler10\Orchard-1.10.3\Orchard-1.10.3\src\Orchard\DisplayManagement\Descriptors\ShapeAttributeStrategy\ShapeAttributeBindingStrategy.cs içinde: satýr 73
   konum: Orchard.DisplayManagement.Descriptors.ShapeAttributeStrategy.ShapeAttributeBindingStrategy.<>c__DisplayClass5_0.<CreateDelegate>b__0(DisplayContext context) C:\Projeler10\Orchard-1.10.3\Orchard-1.10.3\src\Orchard\DisplayManagement\Descriptors\ShapeAttributeStrategy\ShapeAttributeBindingStrategy.cs içinde: satýr 55
   konum: Orchard.DisplayManagement.Descriptors.ShapeAlterationBuilder.<>c__DisplayClass7_1.<BoundAs>b__1(DisplayContext displayContext) C:\Projeler10\Orchard-1.10.3\Orchard-1.10.3\src\Orchard\DisplayManagement\Descriptors\ShapeAlterationBuilder.cs içinde: satýr 56
   konum: Orchard.DisplayManagement.Implementation.DefaultDisplayManager.Process(ShapeBinding shapeBinding, IShape shape, DisplayContext context) C:\Projeler10\Orchard-1.10.3\Orchard-1.10.3\src\Orchard\DisplayManagement\Implementation\DefaultDisplayManager.cs içinde: satýr 204
   konum: Orchard.DisplayManagement.Implementation.DefaultDisplayManager.Execute(DisplayContext context) C:\Projeler10\Orchard-1.10.3\Orchard-1.10.3\src\Orchard\DisplayManagement\Implementation\DefaultDisplayManager.cs içinde: satýr 100
   konum: Orchard.DisplayManagement.Implementation.DisplayHelper.ShapeExecute(Object shape) C:\Projeler10\Orchard-1.10.3\Orchard-1.10.3\src\Orchard\DisplayManagement\Implementation\DisplayHelper.cs içinde: satýr 86
   konum: Orchard.DisplayManagement.Implementation.DisplayHelper.Invoke(String name, INamedEnumerable`1 parameters) C:\Projeler10\Orchard-1.10.3\Orchard-1.10.3\src\Orchard\DisplayManagement\Implementation\DisplayHelper.cs içinde: satýr 44
   konum: Orchard.DisplayManagement.Implementation.DisplayHelper.TryInvoke(InvokeBinder binder, Object[] args, Object& result) C:\Projeler10\Orchard-1.10.3\Orchard-1.10.3\src\Orchard\DisplayManagement\Implementation\DisplayHelper.cs içinde: satýr 29
   konum: CallSite.Target(Closure , CallSite , Object , Object )
   konum: Orchard.Core.Shapes.CoreShapes.ContentZone(Object Display, Object Shape, TextWriter Output) C:\Projeler10\Orchard-1.10.3\Orchard-1.10.3\src\Orchard.Web\Core\Shapes\CoreShapes.cs içinde: satýr 303
   --- Ýç özel durum yýðýný izlemesinin sonu ---
   konum: Orchard.DisplayManagement.Descriptors.ShapeAttributeStrategy.ShapeAttributeBindingStrategy.PerformInvoke(DisplayContext displayContext, MethodInfo methodInfo, Object serviceInstance) C:\Projeler10\Orchard-1.10.3\Orchard-1.10.3\src\Orchard\DisplayManagement\Descriptors\ShapeAttributeStrategy\ShapeAttributeBindingStrategy.cs içinde: satýr 73
   konum: Orchard.DisplayManagement.Descriptors.ShapeAttributeStrategy.ShapeAttributeBindingStrategy.<>c__DisplayClass5_0.<CreateDelegate>b__0(DisplayContext context) C:\Projeler10\Orchard-1.10.3\Orchard-1.10.3\src\Orchard\DisplayManagement\Descriptors\ShapeAttributeStrategy\ShapeAttributeBindingStrategy.cs içinde: satýr 55
   konum: Orchard.DisplayManagement.Descriptors.ShapeAlterationBuilder.<>c__DisplayClass7_1.<BoundAs>b__1(DisplayContext displayContext) C:\Projeler10\Orchard-1.10.3\Orchard-1.10.3\src\Orchard\DisplayManagement\Descriptors\ShapeAlterationBuilder.cs içinde: satýr 56
   konum: Orchard.DisplayManagement.Implementation.DefaultDisplayManager.Process(ShapeBinding shapeBinding, IShape shape, DisplayContext context) C:\Projeler10\Orchard-1.10.3\Orchard-1.10.3\src\Orchard\DisplayManagement\Implementation\DefaultDisplayManager.cs içinde: satýr 204
   konum: Orchard.DisplayManagement.Implementation.DefaultDisplayManager.Execute(DisplayContext context) C:\Projeler10\Orchard-1.10.3\Orchard-1.10.3\src\Orchard\DisplayManagement\Implementation\DefaultDisplayManager.cs içinde: satýr 100
   konum: Orchard.DisplayManagement.Implementation.DisplayHelper.ShapeExecute(Object shape) C:\Projeler10\Orchard-1.10.3\Orchard-1.10.3\src\Orchard\DisplayManagement\Implementation\DisplayHelper.cs içinde: satýr 86
   konum: Orchard.DisplayManagement.Implementation.DisplayHelper.Invoke(String name, INamedEnumerable`1 parameters) C:\Projeler10\Orchard-1.10.3\Orchard-1.10.3\src\Orchard\DisplayManagement\Implementation\DisplayHelper.cs içinde: satýr 44
   konum: Orchard.DisplayManagement.Implementation.DisplayHelper.TryInvoke(InvokeBinder binder, Object[] args, Object& result) C:\Projeler10\Orchard-1.10.3\Orchard-1.10.3\src\Orchard\DisplayManagement\Implementation\DisplayHelper.cs içinde: satýr 29
   konum: CallSite.Target(Closure , CallSite , Object , Object )
   konum: ASP._Page_Core_Contents_Views_Content_cshtml.Execute() C:\Projeler10\Orchard-1.10.3\Orchard-1.10.3\src\Orchard.Web\Core\Contents\Views\Content.cshtml içinde: satýr 23
   konum: System.Web.WebPages.WebPageBase.ExecutePageHierarchy()
   konum: System.Web.Mvc.WebViewPage.ExecutePageHierarchy()
   konum: System.Web.WebPages.WebPageBase.ExecutePageHierarchy(WebPageContext pageContext, TextWriter writer, WebPageRenderingBase startPage)
   konum: System.Web.Mvc.Html.PartialExtensions.Partial(HtmlHelper htmlHelper, String partialViewName, Object model, ViewDataDictionary viewData)
   konum: Orchard.DisplayManagement.Descriptors.ShapeTemplateStrategy.ShapeTemplateBindingStrategy.Render(ShapeDescriptor shapeDescriptor, DisplayContext displayContext, HarvestShapeInfo harvestShapeInfo, HarvestShapeHit harvestShapeHit) C:\Projeler10\Orchard-1.10.3\Orchard-1.10.3\src\Orchard\DisplayManagement\Descriptors\ShapeTemplateStrategy\ShapeTemplateBindingStrategy.cs içinde: satýr 151
   konum: Orchard.DisplayManagement.Descriptors.ShapeTemplateStrategy.ShapeTemplateBindingStrategy.<>c__DisplayClass20_7.<Discover>b__14(DisplayContext displayContext) C:\Projeler10\Orchard-1.10.3\Orchard-1.10.3\src\Orchard\DisplayManagement\Descriptors\ShapeTemplateStrategy\ShapeTemplateBindingStrategy.cs içinde: satýr 133
   konum: Orchard.DisplayManagement.Descriptors.ShapeAlterationBuilder.<>c__DisplayClass7_1.<BoundAs>b__1(DisplayContext displayContext) C:\Projeler10\Orchard-1.10.3\Orchard-1.10.3\src\Orchard\DisplayManagement\Descriptors\ShapeAlterationBuilder.cs içinde: satýr 56
   konum: Orchard.DisplayManagement.Implementation.DefaultDisplayManager.Process(ShapeBinding shapeBinding, IShape shape, DisplayContext context) C:\Projeler10\Orchard-1.10.3\Orchard-1.10.3\src\Orchard\DisplayManagement\Implementation\DefaultDisplayManager.cs içinde: satýr 204
   konum: Orchard.DisplayManagement.Implementation.DefaultDisplayManager.Execute(DisplayContext context) C:\Projeler10\Orchard-1.10.3\Orchard-1.10.3\src\Orchard\DisplayManagement\Implementation\DefaultDisplayManager.cs içinde: satýr 100
   konum: Orchard.DisplayManagement.Implementation.DisplayHelper.ShapeExecute(Object shape) C:\Projeler10\Orchard-1.10.3\Orchard-1.10.3\src\Orchard\DisplayManagement\Implementation\DisplayHelper.cs içinde: satýr 86
   konum: Orchard.DisplayManagement.Implementation.DisplayHelper.Invoke(String name, INamedEnumerable`1 parameters) C:\Projeler10\Orchard-1.10.3\Orchard-1.10.3\src\Orchard\DisplayManagement\Implementation\DisplayHelper.cs içinde: satýr 44
   konum: Orchard.DisplayManagement.Implementation.DisplayHelper.TryInvoke(InvokeBinder binder, Object[] args, Object& result) C:\Projeler10\Orchard-1.10.3\Orchard-1.10.3\src\Orchard\DisplayManagement\Implementation\DisplayHelper.cs içinde: satýr 29
   konum: CallSite.Target(Closure , CallSite , Object , Object )
   konum: ASP._Page_Core_Contents_Views_Item_Display_cshtml.Execute() C:\Projeler10\Orchard-1.10.3\Orchard-1.10.3\src\Orchard.Web\Core\Contents\Views\Item\Display.cshtml içinde: satýr 6
   konum: System.Web.WebPages.WebPageBase.ExecutePageHierarchy()
   konum: System.Web.Mvc.WebViewPage.ExecutePageHierarchy()
   konum: System.Web.WebPages.WebPageBase.ExecutePageHierarchy(WebPageContext pageContext, TextWriter writer, WebPageRenderingBase startPage)
   konum: Orchard.Mvc.ViewEngines.ThemeAwareness.LayoutAwareViewEngine.<>c__DisplayClass9_0.<FindView>b__0(ViewContext viewContext, TextWriter writer, IViewDataContainer viewDataContainer) C:\Projeler10\Orchard-1.10.3\Orchard-1.10.3\src\Orchard\Mvc\ViewEngines\ThemeAwareness\LayoutAwareViewEngine.cs içinde: satýr 59
   konum: Orchard.Mvc.ViewEngines.ThemeAwareness.LayoutAwareViewEngine.LayoutView.Render(ViewContext viewContext, TextWriter writer) C:\Projeler10\Orchard-1.10.3\Orchard-1.10.3\src\Orchard\Mvc\ViewEngines\ThemeAwareness\LayoutAwareViewEngine.cs içinde: satýr 90
   konum: System.Web.Mvc.ViewResultBase.ExecuteResult(ControllerContext context)
   konum: System.Web.Mvc.ControllerActionInvoker.InvokeActionResultFilterRecursive(IList`1 filters, Int32 filterIndex, ResultExecutingContext preContext, ControllerContext controllerContext, ActionResult actionResult)
   konum: System.Web.Mvc.ControllerActionInvoker.InvokeActionResultFilterRecursive(IList`1 filters, Int32 filterIndex, ResultExecutingContext preContext, ControllerContext controllerContext, ActionResult actionResult)
   konum: System.Web.Mvc.ControllerActionInvoker.InvokeActionResultFilterRecursive(IList`1 filters, Int32 filterIndex, ResultExecutingContext preContext, ControllerContext controllerContext, ActionResult actionResult)
   konum: System.Web.Mvc.ControllerActionInvoker.InvokeActionResultFilterRecursive(IList`1 filters, Int32 filterIndex, ResultExecutingContext preContext, ControllerContext controllerContext, ActionResult actionResult)
   konum: System.Web.Mvc.ControllerActionInvoker.InvokeActionResultFilterRecursive(IList`1 filters, Int32 filterIndex, ResultExecutingContext preContext, ControllerContext controllerContext, ActionResult actionResult)
   konum: System.Web.Mvc.ControllerActionInvoker.InvokeActionResultFilterRecursive(IList`1 filters, Int32 filterIndex, ResultExecutingContext preContext, ControllerContext controllerContext, ActionResult actionResult)
   konum: System.Web.Mvc.ControllerActionInvoker.InvokeActionResultFilterRecursive(IList`1 filters, Int32 filterIndex, ResultExecutingContext preContext, ControllerContext controllerContext, ActionResult actionResult)
   konum: System.Web.Mvc.ControllerActionInvoker.InvokeActionResultFilterRecursive(IList`1 filters, Int32 filterIndex, ResultExecutingContext preContext, ControllerContext controllerContext, ActionResult actionResult)
2019-07-07 02:33:28,416 [8] Orchard.Exceptions.DefaultExceptionPolicy - Default - ERROR An unexpected exception was caught
System.Exception: TargetInvocationException ContentZone ---> System.Exception: TargetInvocationException List ---> System.ObjectDisposedException: Instances cannot be resolved and nested lifetimes cannot be created from this LifetimeScope as it has already been disposed.
   konum: Autofac.Core.Lifetime.LifetimeScope.CheckNotDisposed()
   konum: Autofac.Core.Lifetime.LifetimeScope.ResolveComponent(IComponentRegistration registration, IEnumerable`1 parameters)
   konum: Orchard.DisplayManagement.Descriptors.ShapeAttributeStrategy.ShapeAttributeBindingStrategy.<>c__DisplayClass5_0.<CreateDelegate>b__0(DisplayContext context) C:\Projeler10\Orchard-1.10.3\Orchard-1.10.3\src\Orchard\DisplayManagement\Descriptors\ShapeAttributeStrategy\ShapeAttributeBindingStrategy.cs içinde: satýr 52
   konum: Orchard.DisplayManagement.Descriptors.ShapeAlterationBuilder.<>c__DisplayClass7_1.<BoundAs>b__1(DisplayContext displayContext) C:\Projeler10\Orchard-1.10.3\Orchard-1.10.3\src\Orchard\DisplayManagement\Descriptors\ShapeAlterationBuilder.cs içinde: satýr 56
   konum: Orchard.DisplayManagement.Implementation.DefaultDisplayManager.Process(ShapeBinding shapeBinding, IShape shape, DisplayContext context) C:\Projeler10\Orchard-1.10.3\Orchard-1.10.3\src\Orchard\DisplayManagement\Implementation\DefaultDisplayManager.cs içinde: satýr 204
   konum: Orchard.DisplayManagement.Implementation.DefaultDisplayManager.Execute(DisplayContext context) C:\Projeler10\Orchard-1.10.3\Orchard-1.10.3\src\Orchard\DisplayManagement\Implementation\DefaultDisplayManager.cs içinde: satýr 100
   konum: Orchard.DisplayManagement.Implementation.DisplayHelper.ShapeExecute(Object shape) C:\Projeler10\Orchard-1.10.3\Orchard-1.10.3\src\Orchard\DisplayManagement\Implementation\DisplayHelper.cs içinde: satýr 86
   konum: Orchard.DisplayManagement.Implementation.DisplayHelper.Invoke(String name, INamedEnumerable`1 parameters) C:\Projeler10\Orchard-1.10.3\Orchard-1.10.3\src\Orchard\DisplayManagement\Implementation\DisplayHelper.cs içinde: satýr 44
   konum: Orchard.DisplayManagement.Implementation.DisplayHelper.TryInvoke(InvokeBinder binder, Object[] args, Object& result) C:\Projeler10\Orchard-1.10.3\Orchard-1.10.3\src\Orchard\DisplayManagement\Implementation\DisplayHelper.cs içinde: satýr 29
   konum: CallSite.Target(Closure , CallSite , Object , Object )
   konum: ASP._Page_Core_Contents_Views_Content_Summary_cshtml.Execute() C:\Projeler10\Orchard-1.10.3\Orchard-1.10.3\src\Orchard.Web\Core\Contents\Views\Content.Summary.cshtml içinde: satýr 11
   konum: System.Web.WebPages.WebPageBase.ExecutePageHierarchy()
   konum: System.Web.Mvc.WebViewPage.ExecutePageHierarchy()
   konum: System.Web.WebPages.WebPageBase.ExecutePageHierarchy(WebPageContext pageContext, TextWriter writer, WebPageRenderingBase startPage)
   konum: System.Web.Mvc.Html.PartialExtensions.Partial(HtmlHelper htmlHelper, String partialViewName, Object model, ViewDataDictionary viewData)
   konum: Orchard.DisplayManagement.Descriptors.ShapeTemplateStrategy.ShapeTemplateBindingStrategy.Render(ShapeDescriptor shapeDescriptor, DisplayContext displayContext, HarvestShapeInfo harvestShapeInfo, HarvestShapeHit harvestShapeHit) C:\Projeler10\Orchard-1.10.3\Orchard-1.10.3\src\Orchard\DisplayManagement\Descriptors\ShapeTemplateStrategy\ShapeTemplateBindingStrategy.cs içinde: satýr 151
   konum: Orchard.DisplayManagement.Descriptors.ShapeTemplateStrategy.ShapeTemplateBindingStrategy.<>c__DisplayClass20_7.<Discover>b__14(DisplayContext displayContext) C:\Projeler10\Orchard-1.10.3\Orchard-1.10.3\src\Orchard\DisplayManagement\Descriptors\ShapeTemplateStrategy\ShapeTemplateBindingStrategy.cs içinde: satýr 133
   konum: Orchard.DisplayManagement.Descriptors.ShapeAlterationBuilder.<>c__DisplayClass7_1.<BoundAs>b__1(DisplayContext displayContext) C:\Projeler10\Orchard-1.10.3\Orchard-1.10.3\src\Orchard\DisplayManagement\Descriptors\ShapeAlterationBuilder.cs içinde: satýr 56
   konum: Orchard.DisplayManagement.Implementation.DefaultDisplayManager.Process(ShapeBinding shapeBinding, IShape shape, DisplayContext context) C:\Projeler10\Orchard-1.10.3\Orchard-1.10.3\src\Orchard\DisplayManagement\Implementation\DefaultDisplayManager.cs içinde: satýr 204
   konum: Orchard.DisplayManagement.Implementation.DefaultDisplayManager.Execute(DisplayContext context) C:\Projeler10\Orchard-1.10.3\Orchard-1.10.3\src\Orchard\DisplayManagement\Implementation\DefaultDisplayManager.cs içinde: satýr 100
   konum: Orchard.DisplayManagement.Implementation.DisplayHelper.ShapeExecute(Object shape) C:\Projeler10\Orchard-1.10.3\Orchard-1.10.3\src\Orchard\DisplayManagement\Implementation\DisplayHelper.cs içinde: satýr 86
   konum: Orchard.DisplayManagement.Implementation.DisplayHelper.Invoke(String name, INamedEnumerable`1 parameters) C:\Projeler10\Orchard-1.10.3\Orchard-1.10.3\src\Orchard\DisplayManagement\Implementation\DisplayHelper.cs içinde: satýr 44
   konum: Orchard.DisplayManagement.Implementation.DisplayHelper.TryInvoke(InvokeBinder binder, Object[] args, Object& result) C:\Projeler10\Orchard-1.10.3\Orchard-1.10.3\src\Orchard\DisplayManagement\Implementation\DisplayHelper.cs içinde: satýr 29
   konum: CallSite.Target(Closure , CallSite , Object , Object )
   konum: Orchard.Core.Shapes.CoreShapes.List(Object Display, TextWriter Output, IEnumerable`1 Items, String Tag, String Id, IEnumerable`1 Classes, IDictionary`2 Attributes, String ItemTag, IEnumerable`1 ItemClasses, IDictionary`2 ItemAttributes) C:\Projeler10\Orchard-1.10.3\Orchard-1.10.3\src\Orchard.Web\Core\Shapes\CoreShapes.cs içinde: satýr 748
   --- Ýç özel durum yýðýný izlemesinin sonu ---
   konum: Orchard.DisplayManagement.Descriptors.ShapeAttributeStrategy.ShapeAttributeBindingStrategy.PerformInvoke(DisplayContext displayContext, MethodInfo methodInfo, Object serviceInstance) C:\Projeler10\Orchard-1.10.3\Orchard-1.10.3\src\Orchard\DisplayManagement\Descriptors\ShapeAttributeStrategy\ShapeAttributeBindingStrategy.cs içinde: satýr 73
   konum: Orchard.DisplayManagement.Descriptors.ShapeAttributeStrategy.ShapeAttributeBindingStrategy.<>c__DisplayClass5_0.<CreateDelegate>b__0(DisplayContext context) C:\Projeler10\Orchard-1.10.3\Orchard-1.10.3\src\Orchard\DisplayManagement\Descriptors\ShapeAttributeStrategy\ShapeAttributeBindingStrategy.cs içinde: satýr 55
   konum: Orchard.DisplayManagement.Descriptors.ShapeAlterationBuilder.<>c__DisplayClass7_1.<BoundAs>b__1(DisplayContext displayContext) C:\Projeler10\Orchard-1.10.3\Orchard-1.10.3\src\Orchard\DisplayManagement\Descriptors\ShapeAlterationBuilder.cs içinde: satýr 56
   konum: Orchard.DisplayManagement.Implementation.DefaultDisplayManager.Process(ShapeBinding shapeBinding, IShape shape, DisplayContext context) C:\Projeler10\Orchard-1.10.3\Orchard-1.10.3\src\Orchard\DisplayManagement\Implementation\DefaultDisplayManager.cs içinde: satýr 204
   konum: Orchard.DisplayManagement.Implementation.DefaultDisplayManager.Execute(DisplayContext context) C:\Projeler10\Orchard-1.10.3\Orchard-1.10.3\src\Orchard\DisplayManagement\Implementation\DefaultDisplayManager.cs içinde: satýr 100
   konum: Orchard.DisplayManagement.Implementation.DisplayHelper.ShapeExecute(Object shape) C:\Projeler10\Orchard-1.10.3\Orchard-1.10.3\src\Orchard\DisplayManagement\Implementation\DisplayHelper.cs içinde: satýr 86
   konum: Orchard.DisplayManagement.Implementation.DisplayHelper.Invoke(String name, INamedEnumerable`1 parameters) C:\Projeler10\Orchard-1.10.3\Orchard-1.10.3\src\Orchard\DisplayManagement\Implementation\DisplayHelper.cs içinde: satýr 44
   konum: Orchard.DisplayManagement.Implementation.DisplayHelper.TryInvoke(InvokeBinder binder, Object[] args, Object& result) C:\Projeler10\Orchard-1.10.3\Orchard-1.10.3\src\Orchard\DisplayManagement\Implementation\DisplayHelper.cs içinde: satýr 29
   konum: CallSite.Target(Closure , CallSite , Object , Object )
   konum: Orchard.Core.Shapes.CoreShapes.ContentZone(Object Display, Object Shape, TextWriter Output) C:\Projeler10\Orchard-1.10.3\Orchard-1.10.3\src\Orchard.Web\Core\Shapes\CoreShapes.cs içinde: satýr 303
   --- Ýç özel durum yýðýný izlemesinin sonu ---
   konum: Orchard.DisplayManagement.Descriptors.ShapeAttributeStrategy.ShapeAttributeBindingStrategy.PerformInvoke(DisplayContext displayContext, MethodInfo methodInfo, Object serviceInstance) C:\Projeler10\Orchard-1.10.3\Orchard-1.10.3\src\Orchard\DisplayManagement\Descriptors\ShapeAttributeStrategy\ShapeAttributeBindingStrategy.cs içinde: satýr 73
   konum: Orchard.DisplayManagement.Descriptors.ShapeAttributeStrategy.ShapeAttributeBindingStrategy.<>c__DisplayClass5_0.<CreateDelegate>b__0(DisplayContext context) C:\Projeler10\Orchard-1.10.3\Orchard-1.10.3\src\Orchard\DisplayManagement\Descriptors\ShapeAttributeStrategy\ShapeAttributeBindingStrategy.cs içinde: satýr 55
   konum: Orchard.DisplayManagement.Descriptors.ShapeAlterationBuilder.<>c__DisplayClass7_1.<BoundAs>b__1(DisplayContext displayContext) C:\Projeler10\Orchard-1.10.3\Orchard-1.10.3\src\Orchard\DisplayManagement\Descriptors\ShapeAlterationBuilder.cs içinde: satýr 56
   konum: Orchard.DisplayManagement.Implementation.DefaultDisplayManager.Process(ShapeBinding shapeBinding, IShape shape, DisplayContext context) C:\Projeler10\Orchard-1.10.3\Orchard-1.10.3\src\Orchard\DisplayManagement\Implementation\DefaultDisplayManager.cs içinde: satýr 204
   konum: Orchard.DisplayManagement.Implementation.DefaultDisplayManager.Execute(DisplayContext context) C:\Projeler10\Orchard-1.10.3\Orchard-1.10.3\src\Orchard\DisplayManagement\Implementation\DefaultDisplayManager.cs içinde: satýr 100
   konum: Orchard.DisplayManagement.Implementation.DisplayHelper.ShapeExecute(Object shape) C:\Projeler10\Orchard-1.10.3\Orchard-1.10.3\src\Orchard\DisplayManagement\Implementation\DisplayHelper.cs içinde: satýr 86
   konum: Orchard.DisplayManagement.Implementation.DisplayHelper.Invoke(String name, INamedEnumerable`1 parameters) C:\Projeler10\Orchard-1.10.3\Orchard-1.10.3\src\Orchard\DisplayManagement\Implementation\DisplayHelper.cs içinde: satýr 44
   konum: Orchard.DisplayManagement.Implementation.DisplayHelper.TryInvoke(InvokeBinder binder, Object[] args, Object& result) C:\Projeler10\Orchard-1.10.3\Orchard-1.10.3\src\Orchard\DisplayManagement\Implementation\DisplayHelper.cs içinde: satýr 29
   konum: CallSite.Target(Closure , CallSite , Object , Object )
   konum: System.Dynamic.UpdateDelegates.UpdateAndExecute2[T0,T1,TRet](CallSite site, T0 arg0, T1 arg1)
   konum: ASP._Page_Core_Contents_Views_Content_cshtml.Execute() C:\Projeler10\Orchard-1.10.3\Orchard-1.10.3\src\Orchard.Web\Core\Contents\Views\Content.cshtml içinde: satýr 23
   konum: System.Web.WebPages.WebPageBase.ExecutePageHierarchy()
   konum: System.Web.Mvc.WebViewPage.ExecutePageHierarchy()
   konum: System.Web.WebPages.WebPageBase.ExecutePageHierarchy(WebPageContext pageContext, TextWriter writer, WebPageRenderingBase startPage)
   konum: System.Web.Mvc.Html.PartialExtensions.Partial(HtmlHelper htmlHelper, String partialViewName, Object model, ViewDataDictionary viewData)
   konum: Orchard.DisplayManagement.Descriptors.ShapeTemplateStrategy.ShapeTemplateBindingStrategy.Render(ShapeDescriptor shapeDescriptor, DisplayContext displayContext, HarvestShapeInfo harvestShapeInfo, HarvestShapeHit harvestShapeHit) C:\Projeler10\Orchard-1.10.3\Orchard-1.10.3\src\Orchard\DisplayManagement\Descriptors\ShapeTemplateStrategy\ShapeTemplateBindingStrategy.cs içinde: satýr 151
   konum: Orchard.DisplayManagement.Descriptors.ShapeTemplateStrategy.ShapeTemplateBindingStrategy.<>c__DisplayClass20_7.<Discover>b__14(DisplayContext displayContext) C:\Projeler10\Orchard-1.10.3\Orchard-1.10.3\src\Orchard\DisplayManagement\Descriptors\ShapeTemplateStrategy\ShapeTemplateBindingStrategy.cs içinde: satýr 133
   konum: Orchard.DisplayManagement.Descriptors.ShapeAlterationBuilder.<>c__DisplayClass7_1.<BoundAs>b__1(DisplayContext displayContext) C:\Projeler10\Orchard-1.10.3\Orchard-1.10.3\src\Orchard\DisplayManagement\Descriptors\ShapeAlterationBuilder.cs içinde: satýr 56
   konum: Orchard.DisplayManagement.Implementation.DefaultDisplayManager.Process(ShapeBinding shapeBinding, IShape shape, DisplayContext context) C:\Projeler10\Orchard-1.10.3\Orchard-1.10.3\src\Orchard\DisplayManagement\Implementation\DefaultDisplayManager.cs içinde: satýr 204
   konum: Orchard.DisplayManagement.Implementation.DefaultDisplayManager.Execute(DisplayContext context) C:\Projeler10\Orchard-1.10.3\Orchard-1.10.3\src\Orchard\DisplayManagement\Implementation\DefaultDisplayManager.cs içinde: satýr 100
   konum: Orchard.DisplayManagement.Implementation.DisplayHelper.ShapeExecute(Object shape) C:\Projeler10\Orchard-1.10.3\Orchard-1.10.3\src\Orchard\DisplayManagement\Implementation\DisplayHelper.cs içinde: satýr 86
   konum: Orchard.DisplayManagement.Implementation.DisplayHelper.Invoke(String name, INamedEnumerable`1 parameters) C:\Projeler10\Orchard-1.10.3\Orchard-1.10.3\src\Orchard\DisplayManagement\Implementation\DisplayHelper.cs içinde: satýr 44
   konum: Orchard.DisplayManagement.Implementation.DisplayHelper.TryInvoke(InvokeBinder binder, Object[] args, Object& result) C:\Projeler10\Orchard-1.10.3\Orchard-1.10.3\src\Orchard\DisplayManagement\Implementation\DisplayHelper.cs içinde: satýr 29
   konum: CallSite.Target(Closure , CallSite , Object , Object )
   konum: System.Dynamic.UpdateDelegates.UpdateAndExecute2[T0,T1,TRet](CallSite site, T0 arg0, T1 arg1)
   konum: ASP._Page_Core_Contents_Views_Item_Display_cshtml.Execute() C:\Projeler10\Orchard-1.10.3\Orchard-1.10.3\src\Orchard.Web\Core\Contents\Views\Item\Display.cshtml içinde: satýr 6
   konum: System.Web.WebPages.WebPageBase.ExecutePageHierarchy()
   konum: System.Web.Mvc.WebViewPage.ExecutePageHierarchy()
   konum: System.Web.WebPages.WebPageBase.ExecutePageHierarchy(WebPageContext pageContext, TextWriter writer, WebPageRenderingBase startPage)
   konum: Orchard.Mvc.ViewEngines.ThemeAwareness.LayoutAwareViewEngine.<>c__DisplayClass9_0.<FindView>b__0(ViewContext viewContext, TextWriter writer, IViewDataContainer viewDataContainer) C:\Projeler10\Orchard-1.10.3\Orchard-1.10.3\src\Orchard\Mvc\ViewEngines\ThemeAwareness\LayoutAwareViewEngine.cs içinde: satýr 59
   konum: Orchard.Mvc.ViewEngines.ThemeAwareness.LayoutAwareViewEngine.LayoutView.Render(ViewContext viewContext, TextWriter writer) C:\Projeler10\Orchard-1.10.3\Orchard-1.10.3\src\Orchard\Mvc\ViewEngines\ThemeAwareness\LayoutAwareViewEngine.cs içinde: satýr 90
   konum: System.Web.Mvc.ViewResultBase.ExecuteResult(ControllerContext context)
   konum: System.Web.Mvc.ControllerActionInvoker.InvokeActionResultFilterRecursive(IList`1 filters, Int32 filterIndex, ResultExecutingContext preContext, ControllerContext controllerContext, ActionResult actionResult)
   konum: System.Web.Mvc.ControllerActionInvoker.InvokeActionResultFilterRecursive(IList`1 filters, Int32 filterIndex, ResultExecutingContext preContext, ControllerContext controllerContext, ActionResult actionResult)
   konum: System.Web.Mvc.ControllerActionInvoker.InvokeActionResultFilterRecursive(IList`1 filters, Int32 filterIndex, ResultExecutingContext preContext, ControllerContext controllerContext, ActionResult actionResult)
   konum: System.Web.Mvc.ControllerActionInvoker.InvokeActionResultFilterRecursive(IList`1 filters, Int32 filterIndex, ResultExecutingContext preContext, ControllerContext controllerContext, ActionResult actionResult)
   konum: System.Web.Mvc.ControllerActionInvoker.InvokeActionResultFilterRecursive(IList`1 filters, Int32 filterIndex, ResultExecutingContext preContext, ControllerContext controllerContext, ActionResult actionResult)
   konum: System.Web.Mvc.ControllerActionInvoker.InvokeActionResultFilterRecursive(IList`1 filters, Int32 filterIndex, ResultExecutingContext preContext, ControllerContext controllerContext, ActionResult actionResult)
   konum: System.Web.Mvc.ControllerActionInvoker.InvokeActionResultFilterRecursive(IList`1 filters, Int32 filterIndex, ResultExecutingContext preContext, ControllerContext controllerContext, ActionResult actionResult)
   konum: System.Web.Mvc.ControllerActionInvoker.InvokeActionResultFilterRecursive(IList`1 filters, Int32 filterIndex, ResultExecutingContext preContext, ControllerContext controllerContext, ActionResult actionResult)
2019-07-07 02:59:57,191 [77] Orchard.Exceptions.DefaultExceptionPolicy - Default - ERROR An unexpected exception was caught
System.Exception: TargetInvocationException ContentZone ---> System.Exception: TargetInvocationException List ---> System.Exception: TargetInvocationException ContentZone ---> Microsoft.CSharp.RuntimeBinder.RuntimeBinderException: Bu null olamayan bir deðer türü olduðundan, null deðeri 'int' deðerine dönüþtürülemiyor
   konum: CallSite.Target(Closure , CallSite , Object )
   konum: System.Dynamic.UpdateDelegates.UpdateAndExecute1[T0,TRet](CallSite site, T0 arg0)
   konum: ASP._Page_Modules_Erdem_TodoList_Views_Parts_Task_Addbutton_cshtml.Execute() C:\Projeler10\Orchard-1.10.3\Orchard-1.10.3\src\Orchard.Web\Modules\Erdem.TodoList\Views\Parts\Task.Addbutton.cshtml içinde: satýr 11
   konum: System.Web.WebPages.WebPageBase.ExecutePageHierarchy()
   konum: System.Web.Mvc.WebViewPage.ExecutePageHierarchy()
   konum: System.Web.WebPages.WebPageBase.ExecutePageHierarchy(WebPageContext pageContext, TextWriter writer, WebPageRenderingBase startPage)
   konum: System.Web.Mvc.Html.PartialExtensions.Partial(HtmlHelper htmlHelper, String partialViewName, Object model, ViewDataDictionary viewData)
   konum: Orchard.DisplayManagement.Descriptors.ShapeTemplateStrategy.ShapeTemplateBindingStrategy.Render(ShapeDescriptor shapeDescriptor, DisplayContext displayContext, HarvestShapeInfo harvestShapeInfo, HarvestShapeHit harvestShapeHit) C:\Projeler10\Orchard-1.10.3\Orchard-1.10.3\src\Orchard\DisplayManagement\Descriptors\ShapeTemplateStrategy\ShapeTemplateBindingStrategy.cs içinde: satýr 151
   konum: Orchard.DisplayManagement.Descriptors.ShapeTemplateStrategy.ShapeTemplateBindingStrategy.<>c__DisplayClass20_7.<Discover>b__14(DisplayContext displayContext) C:\Projeler10\Orchard-1.10.3\Orchard-1.10.3\src\Orchard\DisplayManagement\Descriptors\ShapeTemplateStrategy\ShapeTemplateBindingStrategy.cs içinde: satýr 133
   konum: Orchard.DisplayManagement.Descriptors.ShapeAlterationBuilder.<>c__DisplayClass7_1.<BoundAs>b__1(DisplayContext displayContext) C:\Projeler10\Orchard-1.10.3\Orchard-1.10.3\src\Orchard\DisplayManagement\Descriptors\ShapeAlterationBuilder.cs içinde: satýr 56
   konum: Orchard.DisplayManagement.Implementation.DefaultDisplayManager.Process(ShapeBinding shapeBinding, IShape shape, DisplayContext context) C:\Projeler10\Orchard-1.10.3\Orchard-1.10.3\src\Orchard\DisplayManagement\Implementation\DefaultDisplayManager.cs içinde: satýr 204
   konum: Orchard.DisplayManagement.Implementation.DefaultDisplayManager.Execute(DisplayContext context) C:\Projeler10\Orchard-1.10.3\Orchard-1.10.3\src\Orchard\DisplayManagement\Implementation\DefaultDisplayManager.cs içinde: satýr 100
   konum: Orchard.DisplayManagement.Implementation.DisplayHelper.ShapeExecute(Object shape) C:\Projeler10\Orchard-1.10.3\Orchard-1.10.3\src\Orchard\DisplayManagement\Implementation\DisplayHelper.cs içinde: satýr 86
   konum: Orchard.DisplayManagement.Implementation.DisplayHelper.Invoke(String name, INamedEnumerable`1 parameters) C:\Projeler10\Orchard-1.10.3\Orchard-1.10.3\src\Orchard\DisplayManagement\Implementation\DisplayHelper.cs içinde: satýr 44
   konum: Orchard.DisplayManagement.Implementation.DisplayHelper.TryInvoke(InvokeBinder binder, Object[] args, Object& result) C:\Projeler10\Orchard-1.10.3\Orchard-1.10.3\src\Orchard\DisplayManagement\Implementation\DisplayHelper.cs içinde: satýr 29
   konum: CallSite.Target(Closure , CallSite , Object , Object )
   konum: Orchard.Core.Shapes.CoreShapes.ContentZone(Object Display, Object Shape, TextWriter Output) C:\Projeler10\Orchard-1.10.3\Orchard-1.10.3\src\Orchard.Web\Core\Shapes\CoreShapes.cs içinde: satýr 303
   --- Ýç özel durum yýðýný izlemesinin sonu ---
   konum: Orchard.DisplayManagement.Descriptors.ShapeAttributeStrategy.ShapeAttributeBindingStrategy.PerformInvoke(DisplayContext displayContext, MethodInfo methodInfo, Object serviceInstance) C:\Projeler10\Orchard-1.10.3\Orchard-1.10.3\src\Orchard\DisplayManagement\Descriptors\ShapeAttributeStrategy\ShapeAttributeBindingStrategy.cs içinde: satýr 73
   konum: Orchard.DisplayManagement.Descriptors.ShapeAttributeStrategy.ShapeAttributeBindingStrategy.<>c__DisplayClass5_0.<CreateDelegate>b__0(DisplayContext context) C:\Projeler10\Orchard-1.10.3\Orchard-1.10.3\src\Orchard\DisplayManagement\Descriptors\ShapeAttributeStrategy\ShapeAttributeBindingStrategy.cs içinde: satýr 55
   konum: Orchard.DisplayManagement.Descriptors.ShapeAlterationBuilder.<>c__DisplayClass7_1.<BoundAs>b__1(DisplayContext displayContext) C:\Projeler10\Orchard-1.10.3\Orchard-1.10.3\src\Orchard\DisplayManagement\Descriptors\ShapeAlterationBuilder.cs içinde: satýr 56
   konum: Orchard.DisplayManagement.Implementation.DefaultDisplayManager.Process(ShapeBinding shapeBinding, IShape shape, DisplayContext context) C:\Projeler10\Orchard-1.10.3\Orchard-1.10.3\src\Orchard\DisplayManagement\Implementation\DefaultDisplayManager.cs içinde: satýr 204
   konum: Orchard.DisplayManagement.Implementation.DefaultDisplayManager.Execute(DisplayContext context) C:\Projeler10\Orchard-1.10.3\Orchard-1.10.3\src\Orchard\DisplayManagement\Implementation\DefaultDisplayManager.cs içinde: satýr 100
   konum: Orchard.DisplayManagement.Implementation.DisplayHelper.ShapeExecute(Object shape) C:\Projeler10\Orchard-1.10.3\Orchard-1.10.3\src\Orchard\DisplayManagement\Implementation\DisplayHelper.cs içinde: satýr 86
   konum: Orchard.DisplayManagement.Implementation.DisplayHelper.Invoke(String name, INamedEnumerable`1 parameters) C:\Projeler10\Orchard-1.10.3\Orchard-1.10.3\src\Orchard\DisplayManagement\Implementation\DisplayHelper.cs içinde: satýr 44
   konum: Orchard.DisplayManagement.Implementation.DisplayHelper.TryInvoke(InvokeBinder binder, Object[] args, Object& result) C:\Projeler10\Orchard-1.10.3\Orchard-1.10.3\src\Orchard\DisplayManagement\Implementation\DisplayHelper.cs içinde: satýr 29
   konum: CallSite.Target(Closure , CallSite , Object , Object )
   konum: ASP._Page_Core_Contents_Views_Content_Summary_cshtml.Execute() C:\Projeler10\Orchard-1.10.3\Orchard-1.10.3\src\Orchard.Web\Core\Contents\Views\Content.Summary.cshtml içinde: satýr 18
   konum: System.Web.WebPages.WebPageBase.ExecutePageHierarchy()
   konum: System.Web.Mvc.WebViewPage.ExecutePageHierarchy()
   konum: System.Web.WebPages.WebPageBase.ExecutePageHierarchy(WebPageContext pageContext, TextWriter writer, WebPageRenderingBase startPage)
   konum: System.Web.Mvc.Html.PartialExtensions.Partial(HtmlHelper htmlHelper, String partialViewName, Object model, ViewDataDictionary viewData)
   konum: Orchard.DisplayManagement.Descriptors.ShapeTemplateStrategy.ShapeTemplateBindingStrategy.Render(ShapeDescriptor shapeDescriptor, DisplayContext displayContext, HarvestShapeInfo harvestShapeInfo, HarvestShapeHit harvestShapeHit) C:\Projeler10\Orchard-1.10.3\Orchard-1.10.3\src\Orchard\DisplayManagement\Descriptors\ShapeTemplateStrategy\ShapeTemplateBindingStrategy.cs içinde: satýr 151
   konum: Orchard.DisplayManagement.Descriptors.ShapeTemplateStrategy.ShapeTemplateBindingStrategy.<>c__DisplayClass20_7.<Discover>b__14(DisplayContext displayContext) C:\Projeler10\Orchard-1.10.3\Orchard-1.10.3\src\Orchard\DisplayManagement\Descriptors\ShapeTemplateStrategy\ShapeTemplateBindingStrategy.cs içinde: satýr 133
   konum: Orchard.DisplayManagement.Descriptors.ShapeAlterationBuilder.<>c__DisplayClass7_1.<BoundAs>b__1(DisplayContext displayContext) C:\Projeler10\Orchard-1.10.3\Orchard-1.10.3\src\Orchard\DisplayManagement\Descriptors\ShapeAlterationBuilder.cs içinde: satýr 56
   konum: Orchard.DisplayManagement.Implementation.DefaultDisplayManager.Process(ShapeBinding shapeBinding, IShape shape, DisplayContext context) C:\Projeler10\Orchard-1.10.3\Orchard-1.10.3\src\Orchard\DisplayManagement\Implementation\DefaultDisplayManager.cs içinde: satýr 204
   konum: Orchard.DisplayManagement.Implementation.DefaultDisplayManager.Execute(DisplayContext context) C:\Projeler10\Orchard-1.10.3\Orchard-1.10.3\src\Orchard\DisplayManagement\Implementation\DefaultDisplayManager.cs içinde: satýr 100
   konum: Orchard.DisplayManagement.Implementation.DisplayHelper.ShapeExecute(Object shape) C:\Projeler10\Orchard-1.10.3\Orchard-1.10.3\src\Orchard\DisplayManagement\Implementation\DisplayHelper.cs içinde: satýr 86
   konum: Orchard.DisplayManagement.Implementation.DisplayHelper.Invoke(String name, INamedEnumerable`1 parameters) C:\Projeler10\Orchard-1.10.3\Orchard-1.10.3\src\Orchard\DisplayManagement\Implementation\DisplayHelper.cs içinde: satýr 44
   konum: Orchard.DisplayManagement.Implementation.DisplayHelper.TryInvoke(InvokeBinder binder, Object[] args, Object& result) C:\Projeler10\Orchard-1.10.3\Orchard-1.10.3\src\Orchard\DisplayManagement\Implementation\DisplayHelper.cs içinde: satýr 29
   konum: CallSite.Target(Closure , CallSite , Object , Object )
   konum: Orchard.Core.Shapes.CoreShapes.List(Object Display, TextWriter Output, IEnumerable`1 Items, String Tag, String Id, IEnumerable`1 Classes, IDictionary`2 Attributes, String ItemTag, IEnumerable`1 ItemClasses, IDictionary`2 ItemAttributes) C:\Projeler10\Orchard-1.10.3\Orchard-1.10.3\src\Orchard.Web\Core\Shapes\CoreShapes.cs içinde: satýr 748
   --- Ýç özel durum yýðýný izlemesinin sonu ---
   konum: Orchard.DisplayManagement.Descriptors.ShapeAttributeStrategy.ShapeAttributeBindingStrategy.PerformInvoke(DisplayContext displayContext, MethodInfo methodInfo, Object serviceInstance) C:\Projeler10\Orchard-1.10.3\Orchard-1.10.3\src\Orchard\DisplayManagement\Descriptors\ShapeAttributeStrategy\ShapeAttributeBindingStrategy.cs içinde: satýr 73
   konum: Orchard.DisplayManagement.Descriptors.ShapeAttributeStrategy.ShapeAttributeBindingStrategy.<>c__DisplayClass5_0.<CreateDelegate>b__0(DisplayContext context) C:\Projeler10\Orchard-1.10.3\Orchard-1.10.3\src\Orchard\DisplayManagement\Descriptors\ShapeAttributeStrategy\ShapeAttributeBindingStrategy.cs içinde: satýr 55
   konum: Orchard.DisplayManagement.Descriptors.ShapeAlterationBuilder.<>c__DisplayClass7_1.<BoundAs>b__1(DisplayContext displayContext) C:\Projeler10\Orchard-1.10.3\Orchard-1.10.3\src\Orchard\DisplayManagement\Descriptors\ShapeAlterationBuilder.cs içinde: satýr 56
   konum: Orchard.DisplayManagement.Implementation.DefaultDisplayManager.Process(ShapeBinding shapeBinding, IShape shape, DisplayContext context) C:\Projeler10\Orchard-1.10.3\Orchard-1.10.3\src\Orchard\DisplayManagement\Implementation\DefaultDisplayManager.cs içinde: satýr 204
   konum: Orchard.DisplayManagement.Implementation.DefaultDisplayManager.Execute(DisplayContext context) C:\Projeler10\Orchard-1.10.3\Orchard-1.10.3\src\Orchard\DisplayManagement\Implementation\DefaultDisplayManager.cs içinde: satýr 100
   konum: Orchard.DisplayManagement.Implementation.DisplayHelper.ShapeExecute(Object shape) C:\Projeler10\Orchard-1.10.3\Orchard-1.10.3\src\Orchard\DisplayManagement\Implementation\DisplayHelper.cs içinde: satýr 86
   konum: Orchard.DisplayManagement.Implementation.DisplayHelper.Invoke(String name, INamedEnumerable`1 parameters) C:\Projeler10\Orchard-1.10.3\Orchard-1.10.3\src\Orchard\DisplayManagement\Implementation\DisplayHelper.cs içinde: satýr 44
   konum: Orchard.DisplayManagement.Implementation.DisplayHelper.TryInvoke(InvokeBinder binder, Object[] args, Object& result) C:\Projeler10\Orchard-1.10.3\Orchard-1.10.3\src\Orchard\DisplayManagement\Implementation\DisplayHelper.cs içinde: satýr 29
   konum: CallSite.Target(Closure , CallSite , Object , Object )
   konum: Orchard.Core.Shapes.CoreShapes.ContentZone(Object Display, Object Shape, TextWriter Output) C:\Projeler10\Orchard-1.10.3\Orchard-1.10.3\src\Orchard.Web\Core\Shapes\CoreShapes.cs içinde: satýr 303
   --- Ýç özel durum yýðýný izlemesinin sonu ---
   konum: Orchard.DisplayManagement.Descriptors.ShapeAttributeStrategy.ShapeAttributeBindingStrategy.PerformInvoke(DisplayContext displayContext, MethodInfo methodInfo, Object serviceInstance) C:\Projeler10\Orchard-1.10.3\Orchard-1.10.3\src\Orchard\DisplayManagement\Descriptors\ShapeAttributeStrategy\ShapeAttributeBindingStrategy.cs içinde: satýr 73
   konum: Orchard.DisplayManagement.Descriptors.ShapeAttributeStrategy.ShapeAttributeBindingStrategy.<>c__DisplayClass5_0.<CreateDelegate>b__0(DisplayContext context) C:\Projeler10\Orchard-1.10.3\Orchard-1.10.3\src\Orchard\DisplayManagement\Descriptors\ShapeAttributeStrategy\ShapeAttributeBindingStrategy.cs içinde: satýr 55
   konum: Orchard.DisplayManagement.Descriptors.ShapeAlterationBuilder.<>c__DisplayClass7_1.<BoundAs>b__1(DisplayContext displayContext) C:\Projeler10\Orchard-1.10.3\Orchard-1.10.3\src\Orchard\DisplayManagement\Descriptors\ShapeAlterationBuilder.cs içinde: satýr 56
   konum: Orchard.DisplayManagement.Implementation.DefaultDisplayManager.Process(ShapeBinding shapeBinding, IShape shape, DisplayContext context) C:\Projeler10\Orchard-1.10.3\Orchard-1.10.3\src\Orchard\DisplayManagement\Implementation\DefaultDisplayManager.cs içinde: satýr 204
   konum: Orchard.DisplayManagement.Implementation.DefaultDisplayManager.Execute(DisplayContext context) C:\Projeler10\Orchard-1.10.3\Orchard-1.10.3\src\Orchard\DisplayManagement\Implementation\DefaultDisplayManager.cs içinde: satýr 100
   konum: Orchard.DisplayManagement.Implementation.DisplayHelper.ShapeExecute(Object shape) C:\Projeler10\Orchard-1.10.3\Orchard-1.10.3\src\Orchard\DisplayManagement\Implementation\DisplayHelper.cs içinde: satýr 86
   konum: Orchard.DisplayManagement.Implementation.DisplayHelper.Invoke(String name, INamedEnumerable`1 parameters) C:\Projeler10\Orchard-1.10.3\Orchard-1.10.3\src\Orchard\DisplayManagement\Implementation\DisplayHelper.cs içinde: satýr 44
   konum: Orchard.DisplayManagement.Implementation.DisplayHelper.TryInvoke(InvokeBinder binder, Object[] args, Object& result) C:\Projeler10\Orchard-1.10.3\Orchard-1.10.3\src\Orchard\DisplayManagement\Implementation\DisplayHelper.cs içinde: satýr 29
   konum: CallSite.Target(Closure , CallSite , Object , Object )
   konum: ASP._Page_Core_Contents_Views_Content_cshtml.Execute() C:\Projeler10\Orchard-1.10.3\Orchard-1.10.3\src\Orchard.Web\Core\Contents\Views\Content.cshtml içinde: satýr 23
   konum: System.Web.WebPages.WebPageBase.ExecutePageHierarchy()
   konum: System.Web.Mvc.WebViewPage.ExecutePageHierarchy()
   konum: System.Web.WebPages.WebPageBase.ExecutePageHierarchy(WebPageContext pageContext, TextWriter writer, WebPageRenderingBase startPage)
   konum: System.Web.Mvc.Html.PartialExtensions.Partial(HtmlHelper htmlHelper, String partialViewName, Object model, ViewDataDictionary viewData)
   konum: Orchard.DisplayManagement.Descriptors.ShapeTemplateStrategy.ShapeTemplateBindingStrategy.Render(ShapeDescriptor shapeDescriptor, DisplayContext displayContext, HarvestShapeInfo harvestShapeInfo, HarvestShapeHit harvestShapeHit) C:\Projeler10\Orchard-1.10.3\Orchard-1.10.3\src\Orchard\DisplayManagement\Descriptors\ShapeTemplateStrategy\ShapeTemplateBindingStrategy.cs içinde: satýr 151
   konum: Orchard.DisplayManagement.Descriptors.ShapeTemplateStrategy.ShapeTemplateBindingStrategy.<>c__DisplayClass20_7.<Discover>b__14(DisplayContext displayContext) C:\Projeler10\Orchard-1.10.3\Orchard-1.10.3\src\Orchard\DisplayManagement\Descriptors\ShapeTemplateStrategy\ShapeTemplateBindingStrategy.cs içinde: satýr 133
   konum: Orchard.DisplayManagement.Descriptors.ShapeAlterationBuilder.<>c__DisplayClass7_1.<BoundAs>b__1(DisplayContext displayContext) C:\Projeler10\Orchard-1.10.3\Orchard-1.10.3\src\Orchard\DisplayManagement\Descriptors\ShapeAlterationBuilder.cs içinde: satýr 56
   konum: Orchard.DisplayManagement.Implementation.DefaultDisplayManager.Process(ShapeBinding shapeBinding, IShape shape, DisplayContext context) C:\Projeler10\Orchard-1.10.3\Orchard-1.10.3\src\Orchard\DisplayManagement\Implementation\DefaultDisplayManager.cs içinde: satýr 204
   konum: Orchard.DisplayManagement.Implementation.DefaultDisplayManager.Execute(DisplayContext context) C:\Projeler10\Orchard-1.10.3\Orchard-1.10.3\src\Orchard\DisplayManagement\Implementation\DefaultDisplayManager.cs içinde: satýr 100
   konum: Orchard.DisplayManagement.Implementation.DisplayHelper.ShapeExecute(Object shape) C:\Projeler10\Orchard-1.10.3\Orchard-1.10.3\src\Orchard\DisplayManagement\Implementation\DisplayHelper.cs içinde: satýr 86
   konum: Orchard.DisplayManagement.Implementation.DisplayHelper.Invoke(String name, INamedEnumerable`1 parameters) C:\Projeler10\Orchard-1.10.3\Orchard-1.10.3\src\Orchard\DisplayManagement\Implementation\DisplayHelper.cs içinde: satýr 44
   konum: Orchard.DisplayManagement.Implementation.DisplayHelper.TryInvoke(InvokeBinder binder, Object[] args, Object& result) C:\Projeler10\Orchard-1.10.3\Orchard-1.10.3\src\Orchard\DisplayManagement\Implementation\DisplayHelper.cs içinde: satýr 29
   konum: CallSite.Target(Closure , CallSite , Object , Object )
   konum: ASP._Page_Core_Contents_Views_Item_Display_cshtml.Execute() C:\Projeler10\Orchard-1.10.3\Orchard-1.10.3\src\Orchard.Web\Core\Contents\Views\Item\Display.cshtml içinde: satýr 6
   konum: System.Web.WebPages.WebPageBase.ExecutePageHierarchy()
   konum: System.Web.Mvc.WebViewPage.ExecutePageHierarchy()
   konum: System.Web.WebPages.WebPageBase.ExecutePageHierarchy(WebPageContext pageContext, TextWriter writer, WebPageRenderingBase startPage)
   konum: Orchard.Mvc.ViewEngines.ThemeAwareness.LayoutAwareViewEngine.<>c__DisplayClass9_0.<FindView>b__0(ViewContext viewContext, TextWriter writer, IViewDataContainer viewDataContainer) C:\Projeler10\Orchard-1.10.3\Orchard-1.10.3\src\Orchard\Mvc\ViewEngines\ThemeAwareness\LayoutAwareViewEngine.cs içinde: satýr 59
   konum: Orchard.Mvc.ViewEngines.ThemeAwareness.LayoutAwareViewEngine.LayoutView.Render(ViewContext viewContext, TextWriter writer) C:\Projeler10\Orchard-1.10.3\Orchard-1.10.3\src\Orchard\Mvc\ViewEngines\ThemeAwareness\LayoutAwareViewEngine.cs içinde: satýr 90
   konum: System.Web.Mvc.ViewResultBase.ExecuteResult(ControllerContext context)
   konum: System.Web.Mvc.ControllerActionInvoker.InvokeActionResultFilterRecursive(IList`1 filters, Int32 filterIndex, ResultExecutingContext preContext, ControllerContext controllerContext, ActionResult actionResult)
   konum: System.Web.Mvc.ControllerActionInvoker.InvokeActionResultFilterRecursive(IList`1 filters, Int32 filterIndex, ResultExecutingContext preContext, ControllerContext controllerContext, ActionResult actionResult)
   konum: System.Web.Mvc.ControllerActionInvoker.InvokeActionResultFilterRecursive(IList`1 filters, Int32 filterIndex, ResultExecutingContext preContext, ControllerContext controllerContext, ActionResult actionResult)
   konum: System.Web.Mvc.ControllerActionInvoker.InvokeActionResultFilterRecursive(IList`1 filters, Int32 filterIndex, ResultExecutingContext preContext, ControllerContext controllerContext, ActionResult actionResult)
   konum: System.Web.Mvc.ControllerActionInvoker.InvokeActionResultFilterRecursive(IList`1 filters, Int32 filterIndex, ResultExecutingContext preContext, ControllerContext controllerContext, ActionResult actionResult)
   konum: System.Web.Mvc.ControllerActionInvoker.InvokeActionResultFilterRecursive(IList`1 filters, Int32 filterIndex, ResultExecutingContext preContext, ControllerContext controllerContext, ActionResult actionResult)
   konum: System.Web.Mvc.ControllerActionInvoker.InvokeActionResultFilterRecursive(IList`1 filters, Int32 filterIndex, ResultExecutingContext preContext, ControllerContext controllerContext, ActionResult actionResult)
   konum: System.Web.Mvc.ControllerActionInvoker.InvokeActionResultFilterRecursive(IList`1 filters, Int32 filterIndex, ResultExecutingContext preContext, ControllerContext controllerContext, ActionResult actionResult)
2019-07-07 04:22:30,090 [71] Orchard.Environment.DefaultBuildManager - (null) - WARN Error when compiling assembly under ~/Modules/Erdem.TodoList/Erdem.TodoList.csproj.
System.Web.HttpCompileException (0x80004005): C:\Projeler10\Orchard-1.10.3\Orchard-1.10.3\src\Orchard.Web\Modules\Erdem.TodoList\Services\TaskListCart.cs(12): error CS0535: 'TaskListCart' does not implement interface member 'ITaskListCart.GetProduct(int)'
   konum: System.Web.Compilation.AssemblyBuilder.Compile()
   konum: System.Web.Compilation.BuildProvidersCompiler.PerformBuild()
   konum: System.Web.Compilation.BuildManager.CompileWebFile(VirtualPath virtualPath)
   konum: System.Web.Compilation.BuildManager.GetVPathBuildResultInternal(VirtualPath virtualPath, Boolean noBuild, Boolean allowCrossApp, Boolean allowBuildInPrecompile, Boolean throwIfNotFound, Boolean ensureIsUpToDate)
   konum: System.Web.Compilation.BuildManager.GetVPathBuildResultWithNoAssert(HttpContext context, VirtualPath virtualPath, Boolean noBuild, Boolean allowCrossApp, Boolean allowBuildInPrecompile, Boolean throwIfNotFound, Boolean ensureIsUpToDate)
   konum: System.Web.Compilation.BuildManager.GetVPathBuildResult(HttpContext context, VirtualPath virtualPath, Boolean noBuild, Boolean allowCrossApp, Boolean allowBuildInPrecompile, Boolean ensureIsUpToDate)
   konum: System.Web.Compilation.BuildManager.GetCompiledAssembly(String virtualPath)
   konum: Orchard.Environment.DefaultBuildManager.GetCompiledAssembly(String virtualPath) C:\Projeler10\Orchard-1.10.3\Orchard-1.10.3\src\Orchard\Environment\IBuildManager.cs içinde: satýr 53
2019-07-07 04:22:30,122 [71] Orchard.Environment.Extensions.ExtensionManager - (null) - WARN No suitable loader found for extension "Erdem.TodoList"
2019-07-07 04:22:37,219 [77] Orchard.Environment.DefaultBuildManager - (null) - WARN Error when compiling assembly under ~/Modules/Erdem.TodoList/Erdem.TodoList.csproj.
System.Web.HttpCompileException (0x80004005): C:\Projeler10\Orchard-1.10.3\Orchard-1.10.3\src\Orchard.Web\Modules\Erdem.TodoList\Services\TaskListCart.cs(12): error CS0535: 'TaskListCart' does not implement interface member 'ITaskListCart.GetProduct(int)'
   konum: System.Web.Compilation.BuildManager.PostProcessFoundBuildResult(BuildResult result, Boolean keyFromVPP, VirtualPath virtualPath)
   konum: System.Web.Compilation.BuildManager.GetBuildResultFromCacheInternal(String cacheKey, Boolean keyFromVPP, VirtualPath virtualPath, Int64 hashCode, Boolean ensureIsUpToDate)
   konum: System.Web.Compilation.BuildManager.GetVPathBuildResultFromCacheInternal(VirtualPath virtualPath, Boolean ensureIsUpToDate)
   konum: System.Web.Compilation.BuildManager.GetVPathBuildResultInternal(VirtualPath virtualPath, Boolean noBuild, Boolean allowCrossApp, Boolean allowBuildInPrecompile, Boolean throwIfNotFound, Boolean ensureIsUpToDate)
   konum: System.Web.Compilation.BuildManager.GetVPathBuildResultWithNoAssert(HttpContext context, VirtualPath virtualPath, Boolean noBuild, Boolean allowCrossApp, Boolean allowBuildInPrecompile, Boolean throwIfNotFound, Boolean ensureIsUpToDate)
   konum: System.Web.Compilation.BuildManager.GetVPathBuildResult(HttpContext context, VirtualPath virtualPath, Boolean noBuild, Boolean allowCrossApp, Boolean allowBuildInPrecompile, Boolean ensureIsUpToDate)
   konum: System.Web.Compilation.BuildManager.GetCompiledAssembly(String virtualPath)
   konum: Orchard.Environment.DefaultBuildManager.GetCompiledAssembly(String virtualPath) C:\Projeler10\Orchard-1.10.3\Orchard-1.10.3\src\Orchard\Environment\IBuildManager.cs içinde: satýr 53
2019-07-07 04:22:37,273 [77] Orchard.Environment.DefaultBuildManager - (null) - WARN Error when compiling assembly under ~/Modules/Erdem.TodoList/Erdem.TodoList.csproj.
System.Web.HttpCompileException (0x80004005): C:\Projeler10\Orchard-1.10.3\Orchard-1.10.3\src\Orchard.Web\Modules\Erdem.TodoList\Services\TaskListCart.cs(12): error CS0535: 'TaskListCart' does not implement interface member 'ITaskListCart.GetProduct(int)'
   konum: System.Web.Compilation.BuildManager.PostProcessFoundBuildResult(BuildResult result, Boolean keyFromVPP, VirtualPath virtualPath)
   konum: System.Web.Compilation.BuildManager.GetBuildResultFromCacheInternal(String cacheKey, Boolean keyFromVPP, VirtualPath virtualPath, Int64 hashCode, Boolean ensureIsUpToDate)
   konum: System.Web.Compilation.BuildManager.GetVPathBuildResultFromCacheInternal(VirtualPath virtualPath, Boolean ensureIsUpToDate)
   konum: System.Web.Compilation.BuildManager.GetVPathBuildResultInternal(VirtualPath virtualPath, Boolean noBuild, Boolean allowCrossApp, Boolean allowBuildInPrecompile, Boolean throwIfNotFound, Boolean ensureIsUpToDate)
   konum: System.Web.Compilation.BuildManager.GetVPathBuildResultWithNoAssert(HttpContext context, VirtualPath virtualPath, Boolean noBuild, Boolean allowCrossApp, Boolean allowBuildInPrecompile, Boolean throwIfNotFound, Boolean ensureIsUpToDate)
   konum: System.Web.Compilation.BuildManager.GetVPathBuildResult(HttpContext context, VirtualPath virtualPath, Boolean noBuild, Boolean allowCrossApp, Boolean allowBuildInPrecompile, Boolean ensureIsUpToDate)
   konum: System.Web.Compilation.BuildManager.GetCompiledAssembly(String virtualPath)
   konum: Orchard.Environment.DefaultBuildManager.GetCompiledAssembly(String virtualPath) C:\Projeler10\Orchard-1.10.3\Orchard-1.10.3\src\Orchard\Environment\IBuildManager.cs içinde: satýr 53
2019-07-07 04:22:37,287 [77] Orchard.Environment.DefaultBuildManager - (null) - WARN Error when compiling assembly under ~/Modules/Erdem.TodoList/Erdem.TodoList.csproj.
System.Web.HttpCompileException (0x80004005): C:\Projeler10\Orchard-1.10.3\Orchard-1.10.3\src\Orchard.Web\Modules\Erdem.TodoList\Services\TaskListCart.cs(12): error CS0535: 'TaskListCart' does not implement interface member 'ITaskListCart.GetProduct(int)'
   konum: System.Web.Compilation.BuildManager.PostProcessFoundBuildResult(BuildResult result, Boolean keyFromVPP, VirtualPath virtualPath)
   konum: System.Web.Compilation.BuildManager.GetBuildResultFromCacheInternal(String cacheKey, Boolean keyFromVPP, VirtualPath virtualPath, Int64 hashCode, Boolean ensureIsUpToDate)
   konum: System.Web.Compilation.BuildManager.GetVPathBuildResultFromCacheInternal(VirtualPath virtualPath, Boolean ensureIsUpToDate)
   konum: System.Web.Compilation.BuildManager.GetVPathBuildResultInternal(VirtualPath virtualPath, Boolean noBuild, Boolean allowCrossApp, Boolean allowBuildInPrecompile, Boolean throwIfNotFound, Boolean ensureIsUpToDate)
   konum: System.Web.Compilation.BuildManager.GetVPathBuildResultWithNoAssert(HttpContext context, VirtualPath virtualPath, Boolean noBuild, Boolean allowCrossApp, Boolean allowBuildInPrecompile, Boolean throwIfNotFound, Boolean ensureIsUpToDate)
   konum: System.Web.Compilation.BuildManager.GetVPathBuildResult(HttpContext context, VirtualPath virtualPath, Boolean noBuild, Boolean allowCrossApp, Boolean allowBuildInPrecompile, Boolean ensureIsUpToDate)
   konum: System.Web.Compilation.BuildManager.GetCompiledAssembly(String virtualPath)
   konum: Orchard.Environment.DefaultBuildManager.GetCompiledAssembly(String virtualPath) C:\Projeler10\Orchard-1.10.3\Orchard-1.10.3\src\Orchard\Environment\IBuildManager.cs içinde: satýr 53
2019-07-07 04:22:37,294 [77] Orchard.Environment.DefaultBuildManager - (null) - WARN Error when compiling assembly under ~/Modules/Erdem.TodoList/Erdem.TodoList.csproj.
System.Web.HttpCompileException (0x80004005): C:\Projeler10\Orchard-1.10.3\Orchard-1.10.3\src\Orchard.Web\Modules\Erdem.TodoList\Services\TaskListCart.cs(12): error CS0535: 'TaskListCart' does not implement interface member 'ITaskListCart.GetProduct(int)'
   konum: System.Web.Compilation.BuildManager.PostProcessFoundBuildResult(BuildResult result, Boolean keyFromVPP, VirtualPath virtualPath)
   konum: System.Web.Compilation.BuildManager.GetBuildResultFromCacheInternal(String cacheKey, Boolean keyFromVPP, VirtualPath virtualPath, Int64 hashCode, Boolean ensureIsUpToDate)
   konum: System.Web.Compilation.BuildManager.GetVPathBuildResultFromCacheInternal(VirtualPath virtualPath, Boolean ensureIsUpToDate)
   konum: System.Web.Compilation.BuildManager.GetVPathBuildResultInternal(VirtualPath virtualPath, Boolean noBuild, Boolean allowCrossApp, Boolean allowBuildInPrecompile, Boolean throwIfNotFound, Boolean ensureIsUpToDate)
   konum: System.Web.Compilation.BuildManager.GetVPathBuildResultWithNoAssert(HttpContext context, VirtualPath virtualPath, Boolean noBuild, Boolean allowCrossApp, Boolean allowBuildInPrecompile, Boolean throwIfNotFound, Boolean ensureIsUpToDate)
   konum: System.Web.Compilation.BuildManager.GetVPathBuildResult(HttpContext context, VirtualPath virtualPath, Boolean noBuild, Boolean allowCrossApp, Boolean allowBuildInPrecompile, Boolean ensureIsUpToDate)
   konum: System.Web.Compilation.BuildManager.GetCompiledAssembly(String virtualPath)
   konum: Orchard.Environment.DefaultBuildManager.GetCompiledAssembly(String virtualPath) C:\Projeler10\Orchard-1.10.3\Orchard-1.10.3\src\Orchard\Environment\IBuildManager.cs içinde: satýr 53
2019-07-07 04:22:37,300 [77] Orchard.Environment.DefaultBuildManager - (null) - WARN Error when compiling assembly under ~/Modules/Erdem.TodoList/Erdem.TodoList.csproj.
System.Web.HttpCompileException (0x80004005): C:\Projeler10\Orchard-1.10.3\Orchard-1.10.3\src\Orchard.Web\Modules\Erdem.TodoList\Services\TaskListCart.cs(12): error CS0535: 'TaskListCart' does not implement interface member 'ITaskListCart.GetProduct(int)'
   konum: System.Web.Compilation.BuildManager.PostProcessFoundBuildResult(BuildResult result, Boolean keyFromVPP, VirtualPath virtualPath)
   konum: System.Web.Compilation.BuildManager.GetBuildResultFromCacheInternal(String cacheKey, Boolean keyFromVPP, VirtualPath virtualPath, Int64 hashCode, Boolean ensureIsUpToDate)
   konum: System.Web.Compilation.BuildManager.GetVPathBuildResultFromCacheInternal(VirtualPath virtualPath, Boolean ensureIsUpToDate)
   konum: System.Web.Compilation.BuildManager.GetVPathBuildResultInternal(VirtualPath virtualPath, Boolean noBuild, Boolean allowCrossApp, Boolean allowBuildInPrecompile, Boolean throwIfNotFound, Boolean ensureIsUpToDate)
   konum: System.Web.Compilation.BuildManager.GetVPathBuildResultWithNoAssert(HttpContext context, VirtualPath virtualPath, Boolean noBuild, Boolean allowCrossApp, Boolean allowBuildInPrecompile, Boolean throwIfNotFound, Boolean ensureIsUpToDate)
   konum: System.Web.Compilation.BuildManager.GetVPathBuildResult(HttpContext context, VirtualPath virtualPath, Boolean noBuild, Boolean allowCrossApp, Boolean allowBuildInPrecompile, Boolean ensureIsUpToDate)
   konum: System.Web.Compilation.BuildManager.GetCompiledAssembly(String virtualPath)
   konum: Orchard.Environment.DefaultBuildManager.GetCompiledAssembly(String virtualPath) C:\Projeler10\Orchard-1.10.3\Orchard-1.10.3\src\Orchard\Environment\IBuildManager.cs içinde: satýr 53
2019-07-07 04:22:37,320 [77] Orchard.Environment.DefaultBuildManager - (null) - WARN Error when compiling assembly under ~/Modules/Erdem.TodoList/Erdem.TodoList.csproj.
System.Web.HttpCompileException (0x80004005): C:\Projeler10\Orchard-1.10.3\Orchard-1.10.3\src\Orchard.Web\Modules\Erdem.TodoList\Services\TaskListCart.cs(12): error CS0535: 'TaskListCart' does not implement interface member 'ITaskListCart.GetProduct(int)'
   konum: System.Web.Compilation.BuildManager.PostProcessFoundBuildResult(BuildResult result, Boolean keyFromVPP, VirtualPath virtualPath)
   konum: System.Web.Compilation.BuildManager.GetBuildResultFromCacheInternal(String cacheKey, Boolean keyFromVPP, VirtualPath virtualPath, Int64 hashCode, Boolean ensureIsUpToDate)
   konum: System.Web.Compilation.BuildManager.GetVPathBuildResultFromCacheInternal(VirtualPath virtualPath, Boolean ensureIsUpToDate)
   konum: System.Web.Compilation.BuildManager.GetVPathBuildResultInternal(VirtualPath virtualPath, Boolean noBuild, Boolean allowCrossApp, Boolean allowBuildInPrecompile, Boolean throwIfNotFound, Boolean ensureIsUpToDate)
   konum: System.Web.Compilation.BuildManager.GetVPathBuildResultWithNoAssert(HttpContext context, VirtualPath virtualPath, Boolean noBuild, Boolean allowCrossApp, Boolean allowBuildInPrecompile, Boolean throwIfNotFound, Boolean ensureIsUpToDate)
   konum: System.Web.Compilation.BuildManager.GetVPathBuildResult(HttpContext context, VirtualPath virtualPath, Boolean noBuild, Boolean allowCrossApp, Boolean allowBuildInPrecompile, Boolean ensureIsUpToDate)
   konum: System.Web.Compilation.BuildManager.GetCompiledAssembly(String virtualPath)
   konum: Orchard.Environment.DefaultBuildManager.GetCompiledAssembly(String virtualPath) C:\Projeler10\Orchard-1.10.3\Orchard-1.10.3\src\Orchard\Environment\IBuildManager.cs içinde: satýr 53
2019-07-07 04:32:23,285 [71] Orchard.Exceptions.DefaultExceptionPolicy - Default - ERROR An unexpected exception was caught
System.Exception: TargetInvocationException ContentZone ---> System.Exception: TargetInvocationException List ---> System.Exception: TargetInvocationException ContentZone ---> System.Web.HttpParseException: An opening "(" is missing the corresponding closing ")".

   konum: System.Web.WebPages.Razor.RazorBuildProvider.EnsureGeneratedCode()
   konum: System.Web.WebPages.Razor.RazorBuildProvider.get_CodeCompilerType()
   konum: System.Web.Compilation.BuildProvider.GetCompilerTypeFromBuildProvider(BuildProvider buildProvider)
   konum: System.Web.Compilation.BuildProvidersCompiler.ProcessBuildProviders()
   konum: System.Web.Compilation.BuildProvidersCompiler.PerformBuild()
   konum: System.Web.Compilation.BuildManager.CompileWebFile(VirtualPath virtualPath)
   konum: System.Web.Compilation.BuildManager.GetVPathBuildResultInternal(VirtualPath virtualPath, Boolean noBuild, Boolean allowCrossApp, Boolean allowBuildInPrecompile, Boolean throwIfNotFound, Boolean ensureIsUpToDate)
   konum: System.Web.Compilation.BuildManager.GetVPathBuildResultWithNoAssert(HttpContext context, VirtualPath virtualPath, Boolean noBuild, Boolean allowCrossApp, Boolean allowBuildInPrecompile, Boolean throwIfNotFound, Boolean ensureIsUpToDate)
   konum: System.Web.Compilation.BuildManager.GetVirtualPathObjectFactory(VirtualPath virtualPath, HttpContext context, Boolean allowCrossApp, Boolean throwIfNotFound)
   konum: System.Web.Compilation.BuildManager.GetCompiledType(VirtualPath virtualPath)
   konum: System.Web.Mvc.BuildManagerCompiledView.Render(ViewContext viewContext, TextWriter writer)
   konum: System.Web.Mvc.Html.PartialExtensions.Partial(HtmlHelper htmlHelper, String partialViewName, Object model, ViewDataDictionary viewData)
   konum: Orchard.DisplayManagement.Descriptors.ShapeTemplateStrategy.ShapeTemplateBindingStrategy.Render(ShapeDescriptor shapeDescriptor, DisplayContext displayContext, HarvestShapeInfo harvestShapeInfo, HarvestShapeHit harvestShapeHit) C:\Projeler10\Orchard-1.10.3\Orchard-1.10.3\src\Orchard\DisplayManagement\Descriptors\ShapeTemplateStrategy\ShapeTemplateBindingStrategy.cs içinde: satýr 151
   konum: Orchard.DisplayManagement.Descriptors.ShapeTemplateStrategy.ShapeTemplateBindingStrategy.<>c__DisplayClass20_7.<Discover>b__14(DisplayContext displayContext) C:\Projeler10\Orchard-1.10.3\Orchard-1.10.3\src\Orchard\DisplayManagement\Descriptors\ShapeTemplateStrategy\ShapeTemplateBindingStrategy.cs içinde: satýr 133
   konum: Orchard.DisplayManagement.Descriptors.ShapeAlterationBuilder.<>c__DisplayClass7_1.<BoundAs>b__1(DisplayContext displayContext) C:\Projeler10\Orchard-1.10.3\Orchard-1.10.3\src\Orchard\DisplayManagement\Descriptors\ShapeAlterationBuilder.cs içinde: satýr 56
   konum: Orchard.DisplayManagement.Implementation.DefaultDisplayManager.Process(ShapeBinding shapeBinding, IShape shape, DisplayContext context) C:\Projeler10\Orchard-1.10.3\Orchard-1.10.3\src\Orchard\DisplayManagement\Implementation\DefaultDisplayManager.cs içinde: satýr 204
   konum: Orchard.DisplayManagement.Implementation.DefaultDisplayManager.Execute(DisplayContext context) C:\Projeler10\Orchard-1.10.3\Orchard-1.10.3\src\Orchard\DisplayManagement\Implementation\DefaultDisplayManager.cs içinde: satýr 100
   konum: Orchard.DisplayManagement.Implementation.DisplayHelper.ShapeExecute(Object shape) C:\Projeler10\Orchard-1.10.3\Orchard-1.10.3\src\Orchard\DisplayManagement\Implementation\DisplayHelper.cs içinde: satýr 86
   konum: Orchard.DisplayManagement.Implementation.DisplayHelper.Invoke(String name, INamedEnumerable`1 parameters) C:\Projeler10\Orchard-1.10.3\Orchard-1.10.3\src\Orchard\DisplayManagement\Implementation\DisplayHelper.cs içinde: satýr 44
   konum: Orchard.DisplayManagement.Implementation.DisplayHelper.TryInvoke(InvokeBinder binder, Object[] args, Object& result) C:\Projeler10\Orchard-1.10.3\Orchard-1.10.3\src\Orchard\DisplayManagement\Implementation\DisplayHelper.cs içinde: satýr 29
   konum: CallSite.Target(Closure , CallSite , Object , Object )
   konum: Orchard.Core.Shapes.CoreShapes.ContentZone(Object Display, Object Shape, TextWriter Output) C:\Projeler10\Orchard-1.10.3\Orchard-1.10.3\src\Orchard.Web\Core\Shapes\CoreShapes.cs içinde: satýr 303
   --- Ýç özel durum yýðýný izlemesinin sonu ---
   konum: Orchard.DisplayManagement.Descriptors.ShapeAttributeStrategy.ShapeAttributeBindingStrategy.PerformInvoke(DisplayContext displayContext, MethodInfo methodInfo, Object serviceInstance) C:\Projeler10\Orchard-1.10.3\Orchard-1.10.3\src\Orchard\DisplayManagement\Descriptors\ShapeAttributeStrategy\ShapeAttributeBindingStrategy.cs içinde: satýr 73
   konum: Orchard.DisplayManagement.Descriptors.ShapeAttributeStrategy.ShapeAttributeBindingStrategy.<>c__DisplayClass5_0.<CreateDelegate>b__0(DisplayContext context) C:\Projeler10\Orchard-1.10.3\Orchard-1.10.3\src\Orchard\DisplayManagement\Descriptors\ShapeAttributeStrategy\ShapeAttributeBindingStrategy.cs içinde: satýr 55
   konum: Orchard.DisplayManagement.Descriptors.ShapeAlterationBuilder.<>c__DisplayClass7_1.<BoundAs>b__1(DisplayContext displayContext) C:\Projeler10\Orchard-1.10.3\Orchard-1.10.3\src\Orchard\DisplayManagement\Descriptors\ShapeAlterationBuilder.cs içinde: satýr 56
   konum: Orchard.DisplayManagement.Implementation.DefaultDisplayManager.Process(ShapeBinding shapeBinding, IShape shape, DisplayContext context) C:\Projeler10\Orchard-1.10.3\Orchard-1.10.3\src\Orchard\DisplayManagement\Implementation\DefaultDisplayManager.cs içinde: satýr 204
   konum: Orchard.DisplayManagement.Implementation.DefaultDisplayManager.Execute(DisplayContext context) C:\Projeler10\Orchard-1.10.3\Orchard-1.10.3\src\Orchard\DisplayManagement\Implementation\DefaultDisplayManager.cs içinde: satýr 100
   konum: Orchard.DisplayManagement.Implementation.DisplayHelper.ShapeExecute(Object shape) C:\Projeler10\Orchard-1.10.3\Orchard-1.10.3\src\Orchard\DisplayManagement\Implementation\DisplayHelper.cs içinde: satýr 86
   konum: Orchard.DisplayManagement.Implementation.DisplayHelper.Invoke(String name, INamedEnumerable`1 parameters) C:\Projeler10\Orchard-1.10.3\Orchard-1.10.3\src\Orchard\DisplayManagement\Implementation\DisplayHelper.cs içinde: satýr 44
   konum: Orchard.DisplayManagement.Implementation.DisplayHelper.TryInvoke(InvokeBinder binder, Object[] args, Object& result) C:\Projeler10\Orchard-1.10.3\Orchard-1.10.3\src\Orchard\DisplayManagement\Implementation\DisplayHelper.cs içinde: satýr 29
   konum: CallSite.Target(Closure , CallSite , Object , Object )
   konum: ASP._Page_Core_Contents_Views_Content_Summary_cshtml.Execute() C:\Projeler10\Orchard-1.10.3\Orchard-1.10.3\src\Orchard.Web\Core\Contents\Views\Content.Summary.cshtml içinde: satýr 18
   konum: System.Web.WebPages.WebPageBase.ExecutePageHierarchy()
   konum: System.Web.Mvc.WebViewPage.ExecutePageHierarchy()
   konum: System.Web.WebPages.WebPageBase.ExecutePageHierarchy(WebPageContext pageContext, TextWriter writer, WebPageRenderingBase startPage)
   konum: System.Web.Mvc.Html.PartialExtensions.Partial(HtmlHelper htmlHelper, String partialViewName, Object model, ViewDataDictionary viewData)
   konum: Orchard.DisplayManagement.Descriptors.ShapeTemplateStrategy.ShapeTemplateBindingStrategy.Render(ShapeDescriptor shapeDescriptor, DisplayContext displayContext, HarvestShapeInfo harvestShapeInfo, HarvestShapeHit harvestShapeHit) C:\Projeler10\Orchard-1.10.3\Orchard-1.10.3\src\Orchard\DisplayManagement\Descriptors\ShapeTemplateStrategy\ShapeTemplateBindingStrategy.cs içinde: satýr 151
   konum: Orchard.DisplayManagement.Descriptors.ShapeTemplateStrategy.ShapeTemplateBindingStrategy.<>c__DisplayClass20_7.<Discover>b__14(DisplayContext displayContext) C:\Projeler10\Orchard-1.10.3\Orchard-1.10.3\src\Orchard\DisplayManagement\Descriptors\ShapeTemplateStrategy\ShapeTemplateBindingStrategy.cs içinde: satýr 133
   konum: Orchard.DisplayManagement.Descriptors.ShapeAlterationBuilder.<>c__DisplayClass7_1.<BoundAs>b__1(DisplayContext displayContext) C:\Projeler10\Orchard-1.10.3\Orchard-1.10.3\src\Orchard\DisplayManagement\Descriptors\ShapeAlterationBuilder.cs içinde: satýr 56
   konum: Orchard.DisplayManagement.Implementation.DefaultDisplayManager.Process(ShapeBinding shapeBinding, IShape shape, DisplayContext context) C:\Projeler10\Orchard-1.10.3\Orchard-1.10.3\src\Orchard\DisplayManagement\Implementation\DefaultDisplayManager.cs içinde: satýr 204
   konum: Orchard.DisplayManagement.Implementation.DefaultDisplayManager.Execute(DisplayContext context) C:\Projeler10\Orchard-1.10.3\Orchard-1.10.3\src\Orchard\DisplayManagement\Implementation\DefaultDisplayManager.cs içinde: satýr 100
   konum: Orchard.DisplayManagement.Implementation.DisplayHelper.ShapeExecute(Object shape) C:\Projeler10\Orchard-1.10.3\Orchard-1.10.3\src\Orchard\DisplayManagement\Implementation\DisplayHelper.cs içinde: satýr 86
   konum: Orchard.DisplayManagement.Implementation.DisplayHelper.Invoke(String name, INamedEnumerable`1 parameters) C:\Projeler10\Orchard-1.10.3\Orchard-1.10.3\src\Orchard\DisplayManagement\Implementation\DisplayHelper.cs içinde: satýr 44
   konum: Orchard.DisplayManagement.Implementation.DisplayHelper.TryInvoke(InvokeBinder binder, Object[] args, Object& result) C:\Projeler10\Orchard-1.10.3\Orchard-1.10.3\src\Orchard\DisplayManagement\Implementation\DisplayHelper.cs içinde: satýr 29
   konum: CallSite.Target(Closure , CallSite , Object , Object )
   konum: Orchard.Core.Shapes.CoreShapes.List(Object Display, TextWriter Output, IEnumerable`1 Items, String Tag, String Id, IEnumerable`1 Classes, IDictionary`2 Attributes, String ItemTag, IEnumerable`1 ItemClasses, IDictionary`2 ItemAttributes) C:\Projeler10\Orchard-1.10.3\Orchard-1.10.3\src\Orchard.Web\Core\Shapes\CoreShapes.cs içinde: satýr 748
   --- Ýç özel durum yýðýný izlemesinin sonu ---
   konum: Orchard.DisplayManagement.Descriptors.ShapeAttributeStrategy.ShapeAttributeBindingStrategy.PerformInvoke(DisplayContext displayContext, MethodInfo methodInfo, Object serviceInstance) C:\Projeler10\Orchard-1.10.3\Orchard-1.10.3\src\Orchard\DisplayManagement\Descriptors\ShapeAttributeStrategy\ShapeAttributeBindingStrategy.cs içinde: satýr 73
   konum: Orchard.DisplayManagement.Descriptors.ShapeAttributeStrategy.ShapeAttributeBindingStrategy.<>c__DisplayClass5_0.<CreateDelegate>b__0(DisplayContext context) C:\Projeler10\Orchard-1.10.3\Orchard-1.10.3\src\Orchard\DisplayManagement\Descriptors\ShapeAttributeStrategy\ShapeAttributeBindingStrategy.cs içinde: satýr 55
   konum: Orchard.DisplayManagement.Descriptors.ShapeAlterationBuilder.<>c__DisplayClass7_1.<BoundAs>b__1(DisplayContext displayContext) C:\Projeler10\Orchard-1.10.3\Orchard-1.10.3\src\Orchard\DisplayManagement\Descriptors\ShapeAlterationBuilder.cs içinde: satýr 56
   konum: Orchard.DisplayManagement.Implementation.DefaultDisplayManager.Process(ShapeBinding shapeBinding, IShape shape, DisplayContext context) C:\Projeler10\Orchard-1.10.3\Orchard-1.10.3\src\Orchard\DisplayManagement\Implementation\DefaultDisplayManager.cs içinde: satýr 204
   konum: Orchard.DisplayManagement.Implementation.DefaultDisplayManager.Execute(DisplayContext context) C:\Projeler10\Orchard-1.10.3\Orchard-1.10.3\src\Orchard\DisplayManagement\Implementation\DefaultDisplayManager.cs içinde: satýr 100
   konum: Orchard.DisplayManagement.Implementation.DisplayHelper.ShapeExecute(Object shape) C:\Projeler10\Orchard-1.10.3\Orchard-1.10.3\src\Orchard\DisplayManagement\Implementation\DisplayHelper.cs içinde: satýr 86
   konum: Orchard.DisplayManagement.Implementation.DisplayHelper.Invoke(String name, INamedEnumerable`1 parameters) C:\Projeler10\Orchard-1.10.3\Orchard-1.10.3\src\Orchard\DisplayManagement\Implementation\DisplayHelper.cs içinde: satýr 44
   konum: Orchard.DisplayManagement.Implementation.DisplayHelper.TryInvoke(InvokeBinder binder, Object[] args, Object& result) C:\Projeler10\Orchard-1.10.3\Orchard-1.10.3\src\Orchard\DisplayManagement\Implementation\DisplayHelper.cs içinde: satýr 29
   konum: CallSite.Target(Closure , CallSite , Object , Object )
   konum: Orchard.Core.Shapes.CoreShapes.ContentZone(Object Display, Object Shape, TextWriter Output) C:\Projeler10\Orchard-1.10.3\Orchard-1.10.3\src\Orchard.Web\Core\Shapes\CoreShapes.cs içinde: satýr 303
   --- Ýç özel durum yýðýný izlemesinin sonu ---
   konum: Orchard.DisplayManagement.Descriptors.ShapeAttributeStrategy.ShapeAttributeBindingStrategy.PerformInvoke(DisplayContext displayContext, MethodInfo methodInfo, Object serviceInstance) C:\Projeler10\Orchard-1.10.3\Orchard-1.10.3\src\Orchard\DisplayManagement\Descriptors\ShapeAttributeStrategy\ShapeAttributeBindingStrategy.cs içinde: satýr 73
   konum: Orchard.DisplayManagement.Descriptors.ShapeAttributeStrategy.ShapeAttributeBindingStrategy.<>c__DisplayClass5_0.<CreateDelegate>b__0(DisplayContext context) C:\Projeler10\Orchard-1.10.3\Orchard-1.10.3\src\Orchard\DisplayManagement\Descriptors\ShapeAttributeStrategy\ShapeAttributeBindingStrategy.cs içinde: satýr 55
   konum: Orchard.DisplayManagement.Descriptors.ShapeAlterationBuilder.<>c__DisplayClass7_1.<BoundAs>b__1(DisplayContext displayContext) C:\Projeler10\Orchard-1.10.3\Orchard-1.10.3\src\Orchard\DisplayManagement\Descriptors\ShapeAlterationBuilder.cs içinde: satýr 56
   konum: Orchard.DisplayManagement.Implementation.DefaultDisplayManager.Process(ShapeBinding shapeBinding, IShape shape, DisplayContext context) C:\Projeler10\Orchard-1.10.3\Orchard-1.10.3\src\Orchard\DisplayManagement\Implementation\DefaultDisplayManager.cs içinde: satýr 204
   konum: Orchard.DisplayManagement.Implementation.DefaultDisplayManager.Execute(DisplayContext context) C:\Projeler10\Orchard-1.10.3\Orchard-1.10.3\src\Orchard\DisplayManagement\Implementation\DefaultDisplayManager.cs içinde: satýr 100
   konum: Orchard.DisplayManagement.Implementation.DisplayHelper.ShapeExecute(Object shape) C:\Projeler10\Orchard-1.10.3\Orchard-1.10.3\src\Orchard\DisplayManagement\Implementation\DisplayHelper.cs içinde: satýr 86
   konum: Orchard.DisplayManagement.Implementation.DisplayHelper.Invoke(String name, INamedEnumerable`1 parameters) C:\Projeler10\Orchard-1.10.3\Orchard-1.10.3\src\Orchard\DisplayManagement\Implementation\DisplayHelper.cs içinde: satýr 44
   konum: Orchard.DisplayManagement.Implementation.DisplayHelper.TryInvoke(InvokeBinder binder, Object[] args, Object& result) C:\Projeler10\Orchard-1.10.3\Orchard-1.10.3\src\Orchard\DisplayManagement\Implementation\DisplayHelper.cs içinde: satýr 29
   konum: CallSite.Target(Closure , CallSite , Object , Object )
   konum: ASP._Page_Core_Contents_Views_Content_cshtml.Execute() C:\Projeler10\Orchard-1.10.3\Orchard-1.10.3\src\Orchard.Web\Core\Contents\Views\Content.cshtml içinde: satýr 23
   konum: System.Web.WebPages.WebPageBase.ExecutePageHierarchy()
   konum: System.Web.Mvc.WebViewPage.ExecutePageHierarchy()
   konum: System.Web.WebPages.WebPageBase.ExecutePageHierarchy(WebPageContext pageContext, TextWriter writer, WebPageRenderingBase startPage)
   konum: System.Web.Mvc.Html.PartialExtensions.Partial(HtmlHelper htmlHelper, String partialViewName, Object model, ViewDataDictionary viewData)
   konum: Orchard.DisplayManagement.Descriptors.ShapeTemplateStrategy.ShapeTemplateBindingStrategy.Render(ShapeDescriptor shapeDescriptor, DisplayContext displayContext, HarvestShapeInfo harvestShapeInfo, HarvestShapeHit harvestShapeHit) C:\Projeler10\Orchard-1.10.3\Orchard-1.10.3\src\Orchard\DisplayManagement\Descriptors\ShapeTemplateStrategy\ShapeTemplateBindingStrategy.cs içinde: satýr 151
   konum: Orchard.DisplayManagement.Descriptors.ShapeTemplateStrategy.ShapeTemplateBindingStrategy.<>c__DisplayClass20_7.<Discover>b__14(DisplayContext displayContext) C:\Projeler10\Orchard-1.10.3\Orchard-1.10.3\src\Orchard\DisplayManagement\Descriptors\ShapeTemplateStrategy\ShapeTemplateBindingStrategy.cs içinde: satýr 133
   konum: Orchard.DisplayManagement.Descriptors.ShapeAlterationBuilder.<>c__DisplayClass7_1.<BoundAs>b__1(DisplayContext displayContext) C:\Projeler10\Orchard-1.10.3\Orchard-1.10.3\src\Orchard\DisplayManagement\Descriptors\ShapeAlterationBuilder.cs içinde: satýr 56
   konum: Orchard.DisplayManagement.Implementation.DefaultDisplayManager.Process(ShapeBinding shapeBinding, IShape shape, DisplayContext context) C:\Projeler10\Orchard-1.10.3\Orchard-1.10.3\src\Orchard\DisplayManagement\Implementation\DefaultDisplayManager.cs içinde: satýr 204
   konum: Orchard.DisplayManagement.Implementation.DefaultDisplayManager.Execute(DisplayContext context) C:\Projeler10\Orchard-1.10.3\Orchard-1.10.3\src\Orchard\DisplayManagement\Implementation\DefaultDisplayManager.cs içinde: satýr 100
   konum: Orchard.DisplayManagement.Implementation.DisplayHelper.ShapeExecute(Object shape) C:\Projeler10\Orchard-1.10.3\Orchard-1.10.3\src\Orchard\DisplayManagement\Implementation\DisplayHelper.cs içinde: satýr 86
   konum: Orchard.DisplayManagement.Implementation.DisplayHelper.Invoke(String name, INamedEnumerable`1 parameters) C:\Projeler10\Orchard-1.10.3\Orchard-1.10.3\src\Orchard\DisplayManagement\Implementation\DisplayHelper.cs içinde: satýr 44
   konum: Orchard.DisplayManagement.Implementation.DisplayHelper.TryInvoke(InvokeBinder binder, Object[] args, Object& result) C:\Projeler10\Orchard-1.10.3\Orchard-1.10.3\src\Orchard\DisplayManagement\Implementation\DisplayHelper.cs içinde: satýr 29
   konum: CallSite.Target(Closure , CallSite , Object , Object )
   konum: ASP._Page_Core_Contents_Views_Item_Display_cshtml.Execute() C:\Projeler10\Orchard-1.10.3\Orchard-1.10.3\src\Orchard.Web\Core\Contents\Views\Item\Display.cshtml içinde: satýr 6
   konum: System.Web.WebPages.WebPageBase.ExecutePageHierarchy()
   konum: System.Web.Mvc.WebViewPage.ExecutePageHierarchy()
   konum: System.Web.WebPages.WebPageBase.ExecutePageHierarchy(WebPageContext pageContext, TextWriter writer, WebPageRenderingBase startPage)
   konum: Orchard.Mvc.ViewEngines.ThemeAwareness.LayoutAwareViewEngine.<>c__DisplayClass9_0.<FindView>b__0(ViewContext viewContext, TextWriter writer, IViewDataContainer viewDataContainer) C:\Projeler10\Orchard-1.10.3\Orchard-1.10.3\src\Orchard\Mvc\ViewEngines\ThemeAwareness\LayoutAwareViewEngine.cs içinde: satýr 59
   konum: Orchard.Mvc.ViewEngines.ThemeAwareness.LayoutAwareViewEngine.LayoutView.Render(ViewContext viewContext, TextWriter writer) C:\Projeler10\Orchard-1.10.3\Orchard-1.10.3\src\Orchard\Mvc\ViewEngines\ThemeAwareness\LayoutAwareViewEngine.cs içinde: satýr 90
   konum: System.Web.Mvc.ViewResultBase.ExecuteResult(ControllerContext context)
   konum: System.Web.Mvc.ControllerActionInvoker.InvokeActionResultFilterRecursive(IList`1 filters, Int32 filterIndex, ResultExecutingContext preContext, ControllerContext controllerContext, ActionResult actionResult)
   konum: System.Web.Mvc.ControllerActionInvoker.InvokeActionResultFilterRecursive(IList`1 filters, Int32 filterIndex, ResultExecutingContext preContext, ControllerContext controllerContext, ActionResult actionResult)
   konum: System.Web.Mvc.ControllerActionInvoker.InvokeActionResultFilterRecursive(IList`1 filters, Int32 filterIndex, ResultExecutingContext preContext, ControllerContext controllerContext, ActionResult actionResult)
   konum: System.Web.Mvc.ControllerActionInvoker.InvokeActionResultFilterRecursive(IList`1 filters, Int32 filterIndex, ResultExecutingContext preContext, ControllerContext controllerContext, ActionResult actionResult)
   konum: System.Web.Mvc.ControllerActionInvoker.InvokeActionResultFilterRecursive(IList`1 filters, Int32 filterIndex, ResultExecutingContext preContext, ControllerContext controllerContext, ActionResult actionResult)
   konum: System.Web.Mvc.ControllerActionInvoker.InvokeActionResultFilterRecursive(IList`1 filters, Int32 filterIndex, ResultExecutingContext preContext, ControllerContext controllerContext, ActionResult actionResult)
   konum: System.Web.Mvc.ControllerActionInvoker.InvokeActionResultFilterRecursive(IList`1 filters, Int32 filterIndex, ResultExecutingContext preContext, ControllerContext controllerContext, ActionResult actionResult)
   konum: System.Web.Mvc.ControllerActionInvoker.InvokeActionResultFilterRecursive(IList`1 filters, Int32 filterIndex, ResultExecutingContext preContext, ControllerContext controllerContext, ActionResult actionResult)
