2019-07-07 00:35:26,755 Orchard.Recipes.Services.RecipeManager - Default - INFO Executing recipe 'Default'. [ExecutionId=c8d5c1c4227549259bfe76c0c53c865a]
2019-07-07 00:35:26,791 Orchard.Recipes.Services.RecipeStepQueue - Default - INFO Enqueuing recipe step 'Feature'. [ExecutionId=c8d5c1c4227549259bfe76c0c53c865a]
2019-07-07 00:35:26,805 Orchard.Recipes.Services.RecipeStepQueue - Default - INFO Enqueuing recipe step 'ContentDefinition'. [ExecutionId=c8d5c1c4227549259bfe76c0c53c865a]
2019-07-07 00:35:26,816 Orchard.Recipes.Services.RecipeStepQueue - Default - INFO Enqueuing recipe step 'Settings'. [ExecutionId=c8d5c1c4227549259bfe76c0c53c865a]
2019-07-07 00:35:26,826 Orchard.Recipes.Services.RecipeStepQueue - Default - INFO Enqueuing recipe step 'Migration'. [ExecutionId=c8d5c1c4227549259bfe76c0c53c865a]
2019-07-07 00:35:26,837 Orchard.Recipes.Services.RecipeStepQueue - Default - INFO Enqueuing recipe step 'Command'. [ExecutionId=c8d5c1c4227549259bfe76c0c53c865a]
2019-07-07 00:35:26,853 Orchard.Recipes.Services.RecipeStepQueue - Default - INFO Enqueuing recipe step 'ActivateShell'. [ExecutionId=(null)]
2019-07-07 00:35:26,973 Orchard.Recipes.Services.RecipeStepQueue - Default - INFO Dequeuing recipe steps. [ExecutionId=c8d5c1c4227549259bfe76c0c53c865a]
2019-07-07 00:35:26,976 Orchard.Recipes.Services.RecipeStepQueue - Default - INFO Dequeuing recipe step 'Feature'. [ExecutionId=c8d5c1c4227549259bfe76c0c53c865a]
2019-07-07 00:35:26,979 Orchard.Recipes.Services.RecipeStepExecutor - Default - INFO Executing recipe step 'Feature'. [ExecutionId=c8d5c1c4227549259bfe76c0c53c865a]
2019-07-07 00:35:26,986 Orchard.Recipes.Providers.RecipeHandlers.RecipeExecutionStepHandler - Default - INFO Executing recipe step 'Feature'. [ExecutionId=c8d5c1c4227549259bfe76c0c53c865a]
2019-07-07 00:35:26,991 Orchard.Recipes.Services.RecipeExecutionLogger - Default - INFO FeatureStep: Enabling features: Orchard.Blogs;Orchard.Comments;Orchard.Tags;Orchard.Alias;Orchard.Autoroute;TinyMce;Orchard.MediaLibrary;Orchard.ContentPicker;Orchard.PublishLater;Orchard.Resources;Orchard.Widgets;Orchard.ContentTypes;Orchard.Scripting;Orchard.Scripting.Lightweight;PackagingServices;Orchard.Packaging;Orchard.Projections;Orchard.Fields;Orchard.OutputCache;Orchard.Taxonomies;Orchard.Workflows;Orchard.Layouts;Orchard.Layouts.Tokens;TheThemeMachine [ExecutionId=c8d5c1c4227549259bfe76c0c53c865a]
2019-07-07 00:35:27,103 Orchard.Recipes.Providers.RecipeHandlers.RecipeExecutionStepHandler - Default - INFO Finished executing recipe step 'Feature'. [ExecutionId=c8d5c1c4227549259bfe76c0c53c865a]
2019-07-07 00:35:27,139 Orchard.Recipes.Services.RecipeScheduler - Default - INFO Scheduling next step of recipe. [ExecutionId=c8d5c1c4227549259bfe76c0c53c865a]
2019-07-07 00:35:29,295 Orchard.Recipes.Services.RecipeStepQueue - Default - INFO Dequeuing recipe steps. [ExecutionId=c8d5c1c4227549259bfe76c0c53c865a]
2019-07-07 00:35:29,298 Orchard.Recipes.Services.RecipeStepQueue - Default - INFO Dequeuing recipe step 'ContentDefinition'. [ExecutionId=c8d5c1c4227549259bfe76c0c53c865a]
2019-07-07 00:35:29,301 Orchard.Recipes.Services.RecipeStepExecutor - Default - INFO Executing recipe step 'ContentDefinition'. [ExecutionId=c8d5c1c4227549259bfe76c0c53c865a]
2019-07-07 00:35:29,304 Orchard.Recipes.Providers.RecipeHandlers.RecipeExecutionStepHandler - Default - INFO Executing recipe step 'ContentDefinition'. [ExecutionId=c8d5c1c4227549259bfe76c0c53c865a]
2019-07-07 00:35:29,308 Orchard.Recipes.Services.RecipeExecutionLogger - Default - INFO ContentDefinitionStep: Importing content type 'Page'. [ExecutionId=c8d5c1c4227549259bfe76c0c53c865a]
2019-07-07 00:35:29,409 Orchard.Recipes.Services.RecipeExecutionLogger - Default - INFO ContentDefinitionStep: Importing content type 'BlogPost'. [ExecutionId=c8d5c1c4227549259bfe76c0c53c865a]
2019-07-07 00:35:29,427 Orchard.Recipes.Services.RecipeExecutionLogger - Default - INFO ContentDefinitionStep: Importing content part 'BodyPart'. [ExecutionId=c8d5c1c4227549259bfe76c0c53c865a]
2019-07-07 00:35:29,439 Orchard.Recipes.Providers.RecipeHandlers.RecipeExecutionStepHandler - Default - INFO Finished executing recipe step 'ContentDefinition'. [ExecutionId=c8d5c1c4227549259bfe76c0c53c865a]
2019-07-07 00:35:29,450 Orchard.Recipes.Services.RecipeScheduler - Default - INFO Scheduling next step of recipe. [ExecutionId=c8d5c1c4227549259bfe76c0c53c865a]
2019-07-07 00:35:29,551 Orchard.Recipes.Services.RecipeStepQueue - Default - INFO Dequeuing recipe steps. [ExecutionId=c8d5c1c4227549259bfe76c0c53c865a]
2019-07-07 00:35:29,554 Orchard.Recipes.Services.RecipeStepQueue - Default - INFO Dequeuing recipe step 'Settings'. [ExecutionId=c8d5c1c4227549259bfe76c0c53c865a]
2019-07-07 00:35:29,556 Orchard.Recipes.Services.RecipeStepExecutor - Default - INFO Executing recipe step 'Settings'. [ExecutionId=c8d5c1c4227549259bfe76c0c53c865a]
2019-07-07 00:35:29,559 Orchard.Recipes.Providers.RecipeHandlers.RecipeExecutionStepHandler - Default - INFO Executing recipe step 'Settings'. [ExecutionId=c8d5c1c4227549259bfe76c0c53c865a]
2019-07-07 00:35:29,675 Orchard.Recipes.Providers.RecipeHandlers.RecipeExecutionStepHandler - Default - INFO Finished executing recipe step 'Settings'. [ExecutionId=c8d5c1c4227549259bfe76c0c53c865a]
2019-07-07 00:35:29,684 Orchard.Recipes.Services.RecipeScheduler - Default - INFO Scheduling next step of recipe. [ExecutionId=c8d5c1c4227549259bfe76c0c53c865a]
2019-07-07 00:35:29,788 Orchard.Recipes.Services.RecipeStepQueue - Default - INFO Dequeuing recipe steps. [ExecutionId=c8d5c1c4227549259bfe76c0c53c865a]
2019-07-07 00:35:29,791 Orchard.Recipes.Services.RecipeStepQueue - Default - INFO Dequeuing recipe step 'Migration'. [ExecutionId=c8d5c1c4227549259bfe76c0c53c865a]
2019-07-07 00:35:29,793 Orchard.Recipes.Services.RecipeStepExecutor - Default - INFO Executing recipe step 'Migration'. [ExecutionId=c8d5c1c4227549259bfe76c0c53c865a]
2019-07-07 00:35:29,795 Orchard.Recipes.Providers.RecipeHandlers.RecipeExecutionStepHandler - Default - INFO Executing recipe step 'Migration'. [ExecutionId=c8d5c1c4227549259bfe76c0c53c865a]
2019-07-07 00:35:29,890 Orchard.Recipes.Providers.RecipeHandlers.RecipeExecutionStepHandler - Default - INFO Finished executing recipe step 'Migration'. [ExecutionId=c8d5c1c4227549259bfe76c0c53c865a]
2019-07-07 00:35:29,898 Orchard.Recipes.Services.RecipeScheduler - Default - INFO Scheduling next step of recipe. [ExecutionId=c8d5c1c4227549259bfe76c0c53c865a]
2019-07-07 00:35:30,002 Orchard.Recipes.Services.RecipeStepQueue - Default - INFO Dequeuing recipe steps. [ExecutionId=c8d5c1c4227549259bfe76c0c53c865a]
2019-07-07 00:35:30,005 Orchard.Recipes.Services.RecipeStepQueue - Default - INFO Dequeuing recipe step 'Command'. [ExecutionId=c8d5c1c4227549259bfe76c0c53c865a]
2019-07-07 00:35:30,007 Orchard.Recipes.Services.RecipeStepExecutor - Default - INFO Executing recipe step 'Command'. [ExecutionId=c8d5c1c4227549259bfe76c0c53c865a]
2019-07-07 00:35:30,009 Orchard.Recipes.Providers.RecipeHandlers.RecipeExecutionStepHandler - Default - INFO Executing recipe step 'Command'. [ExecutionId=c8d5c1c4227549259bfe76c0c53c865a]
2019-07-07 00:35:30,012 Orchard.Recipes.Services.RecipeExecutionLogger - Default - INFO CommandStep: Executing command: layer create Default /LayerRule:"true" /Description:"The widgets in this layer are displayed on all pages" [ExecutionId=c8d5c1c4227549259bfe76c0c53c865a]
2019-07-07 00:35:30,241 Orchard.Recipes.Services.RecipeExecutionLogger - Default - INFO CommandStep: Executing command: layer create Authenticated /LayerRule:"authenticated" /Description:"The widgets in this layer are displayed when the user is authenticated" [ExecutionId=c8d5c1c4227549259bfe76c0c53c865a]
2019-07-07 00:35:30,262 Orchard.Recipes.Services.RecipeExecutionLogger - Default - INFO CommandStep: Executing command: layer create Anonymous /LayerRule:"not authenticated" /Description:"The widgets in this layer are displayed when the user is anonymous" [ExecutionId=c8d5c1c4227549259bfe76c0c53c865a]
2019-07-07 00:35:30,283 Orchard.Recipes.Services.RecipeExecutionLogger - Default - INFO CommandStep: Executing command: layer create Disabled /LayerRule:"false" /Description:"The widgets in this layer are never displayed" [ExecutionId=c8d5c1c4227549259bfe76c0c53c865a]
2019-07-07 00:35:30,305 Orchard.Recipes.Services.RecipeExecutionLogger - Default - INFO CommandStep: Executing command: layer create TheHomepage /LayerRule:"url '~/'" /Description:"The widgets in this layer are displayed on the home page" [ExecutionId=c8d5c1c4227549259bfe76c0c53c865a]
2019-07-07 00:35:30,325 Orchard.Recipes.Services.RecipeExecutionLogger - Default - INFO CommandStep: Executing command: site setting set baseurl [ExecutionId=c8d5c1c4227549259bfe76c0c53c865a]
2019-07-07 00:35:30,331 Orchard.Recipes.Services.RecipeExecutionLogger - Default - INFO CommandStep: Executing command: menu create /MenuName:"Main Menu" [ExecutionId=c8d5c1c4227549259bfe76c0c53c865a]
2019-07-07 00:35:30,355 Orchard.Recipes.Services.RecipeExecutionLogger - Default - INFO CommandStep: Executing command: page create /Slug:"welcome-to-orchard" /Title:"Welcome to Orchard!" /Path:"welcome-to-orchard" /Homepage:true /Publish:true /UseWelcomeText:true [ExecutionId=c8d5c1c4227549259bfe76c0c53c865a]
2019-07-07 00:35:30,869 Orchard.Recipes.Services.RecipeExecutionLogger - Default - INFO CommandStep: Executing command: menuitem create /MenuPosition:"0" /MenuText:"Home" /Url:"~/" /MenuName:"Main Menu" [ExecutionId=c8d5c1c4227549259bfe76c0c53c865a]
2019-07-07 00:35:30,918 Orchard.Recipes.Services.RecipeExecutionLogger - Default - INFO CommandStep: Executing command: widget create MenuWidget /Title:"Main Menu" /RenderTitle:false /Zone:"Navigation" /Position:"1" /Layer:"Default" /Identity:"MenuWidget1" /MenuName:"Main Menu" [ExecutionId=c8d5c1c4227549259bfe76c0c53c865a]
2019-07-07 00:35:30,985 Orchard.Recipes.Services.RecipeExecutionLogger - Default - INFO CommandStep: Executing command: theme activate "The Theme Machine" [ExecutionId=c8d5c1c4227549259bfe76c0c53c865a]
2019-07-07 00:35:30,991 Orchard.Recipes.Providers.RecipeHandlers.RecipeExecutionStepHandler - Default - INFO Finished executing recipe step 'Command'. [ExecutionId=c8d5c1c4227549259bfe76c0c53c865a]
2019-07-07 00:35:31,001 Orchard.Recipes.Services.RecipeScheduler - Default - INFO Scheduling next step of recipe. [ExecutionId=c8d5c1c4227549259bfe76c0c53c865a]
2019-07-07 00:35:31,112 Orchard.Recipes.Services.RecipeStepQueue - Default - INFO Dequeuing recipe steps. [ExecutionId=c8d5c1c4227549259bfe76c0c53c865a]
2019-07-07 00:35:31,115 Orchard.Recipes.Services.RecipeStepQueue - Default - INFO Dequeuing recipe step 'ActivateShell'. [ExecutionId=c8d5c1c4227549259bfe76c0c53c865a]
2019-07-07 00:35:31,118 Orchard.Recipes.Services.RecipeStepExecutor - Default - INFO Executing recipe step 'ActivateShell'. [ExecutionId=c8d5c1c4227549259bfe76c0c53c865a]
2019-07-07 00:35:31,121 Orchard.Recipes.Providers.RecipeHandlers.RecipeExecutionStepHandler - Default - INFO Executing recipe step 'ActivateShell'. [ExecutionId=c8d5c1c4227549259bfe76c0c53c865a]
2019-07-07 00:35:31,127 Orchard.Recipes.Providers.RecipeHandlers.RecipeExecutionStepHandler - Default - INFO Finished executing recipe step 'ActivateShell'. [ExecutionId=c8d5c1c4227549259bfe76c0c53c865a]
2019-07-07 00:35:31,211 Orchard.Recipes.Services.RecipeScheduler - Default - INFO Scheduling next step of recipe. [ExecutionId=c8d5c1c4227549259bfe76c0c53c865a]
2019-07-07 00:35:31,328 Orchard.Recipes.Services.RecipeStepQueue - Default - INFO Dequeuing recipe steps. [ExecutionId=c8d5c1c4227549259bfe76c0c53c865a]
2019-07-07 00:35:31,331 Orchard.Recipes.Services.RecipeStepExecutor - Default - INFO No more recipe steps left to execute. [ExecutionId=c8d5c1c4227549259bfe76c0c53c865a]
2019-07-07 00:35:31,334 Orchard.Recipes.Services.RecipeScheduler - Default - INFO All recipe steps executed; restarting shell. [ExecutionId=c8d5c1c4227549259bfe76c0c53c865a]
