2019-07-07 02:32:40,542 [15] Orchard.Exceptions.DefaultExceptionPolicy - Default - An unexpected exception was caught [http://localhost:30321/OrchardLocal/work-list]
System.Exception: TargetInvocationException ContentZone ---> System.Exception: TargetInvocationException List ---> System.Exception: TargetInvocationException ContentZone ---> Orchard.OrchardException: Shape type Parts_Taskt_AddButton not found
   konum: Orchard.DisplayManagement.Implementation.DefaultDisplayManager.Execute(DisplayContext context) C:\Projeler10\Orchard-1.10.3\Orchard-1.10.3\src\Orchard\DisplayManagement\Implementation\DefaultDisplayManager.cs içinde: satýr 105
   konum: Orchard.DisplayManagement.Implementation.DisplayHelper.ShapeExecute(Object shape) C:\Projeler10\Orchard-1.10.3\Orchard-1.10.3\src\Orchard\DisplayManagement\Implementation\DisplayHelper.cs içinde: satýr 86
   konum: Orchard.DisplayManagement.Implementation.DisplayHelper.Invoke(String name, INamedEnumerable`1 parameters) C:\Projeler10\Orchard-1.10.3\Orchard-1.10.3\src\Orchard\DisplayManagement\Implementation\DisplayHelper.cs içinde: satýr 44
   konum: Orchard.DisplayManagement.Implementation.DisplayHelper.TryInvoke(InvokeBinder binder, Object[] args, Object& result) C:\Projeler10\Orchard-1.10.3\Orchard-1.10.3\src\Orchard\DisplayManagement\Implementation\DisplayHelper.cs içinde: satýr 29
   konum: CallSite.Target(Closure , CallSite , Object , Object )
   konum: Orchard.Core.Shapes.CoreShapes.ContentZone(Object Display, Object Shape, TextWriter Output) C:\Projeler10\Orchard-1.10.3\Orchard-1.10.3\src\Orchard.Web\Core\Shapes\CoreShapes.cs içinde: satýr 303
   --- Ýç özel durum yýðýný izlemesinin sonu ---
   konum: Orchard.DisplayManagement.Descriptors.ShapeAttributeStrategy.ShapeAttributeBindingStrategy.PerformInvoke(DisplayContext displayContext, MethodInfo methodInfo, Object serviceInstance) C:\Projeler10\Orchard-1.10.3\Orchard-1.10.3\src\Orchard\DisplayManagement\Descriptors\ShapeAttributeStrategy\ShapeAttributeBindingStrategy.cs içinde: satýr 73
   konum: Orchard.DisplayManagement.Descriptors.ShapeAttributeStrategy.ShapeAttributeBindingStrategy.<>c__DisplayClass5_0.<CreateDelegate>b__0(DisplayContext context) C:\Projeler10\Orchard-1.10.3\Orchard-1.10.3\src\Orchard\DisplayManagement\Descriptors\ShapeAttributeStrategy\ShapeAttributeBindingStrategy.cs içinde: satýr 55
   konum: Orchard.DisplayManagement.Descriptors.ShapeAlterationBuilder.<>c__DisplayClass7_1.<BoundAs>b__1(DisplayContext displayContext) C:\Projeler10\Orchard-1.10.3\Orchard-1.10.3\src\Orchard\DisplayManagement\Descriptors\ShapeAlterationBuilder.cs içinde: satýr 56
   konum: Orchard.DisplayManagement.Implementation.DefaultDisplayManager.Process(ShapeBinding shapeBinding, IShape shape, DisplayContext context) C:\Projeler10\Orchard-1.10.3\Orchard-1.10.3\src\Orchard\DisplayManagement\Implementation\DefaultDisplayManager.cs içinde: satýr 204
   konum: Orchard.DisplayManagement.Implementation.DefaultDisplayManager.Execute(DisplayContext context) C:\Projeler10\Orchard-1.10.3\Orchard-1.10.3\src\Orchard\DisplayManagement\Implementation\DefaultDisplayManager.cs içinde: satýr 100
   konum: Orchard.DisplayManagement.Implementation.DisplayHelper.ShapeExecute(Object shape) C:\Projeler10\Orchard-1.10.3\Orchard-1.10.3\src\Orchard\DisplayManagement\Implementation\DisplayHelper.cs içinde: satýr 86
   konum: Orchard.DisplayManagement.Implementation.DisplayHelper.Invoke(String name, INamedEnumerable`1 parameters) C:\Projeler10\Orchard-1.10.3\Orchard-1.10.3\src\Orchard\DisplayManagement\Implementation\DisplayHelper.cs içinde: satýr 44
   konum: Orchard.DisplayManagement.Implementation.DisplayHelper.TryInvoke(InvokeBinder binder, Object[] args, Object& result) C:\Projeler10\Orchard-1.10.3\Orchard-1.10.3\src\Orchard\DisplayManagement\Implementation\DisplayHelper.cs içinde: satýr 29
   konum: CallSite.Target(Closure , CallSite , Object , Object )
   konum: System.Dynamic.UpdateDelegates.UpdateAndExecute2[T0,T1,TRet](CallSite site, T0 arg0, T1 arg1)
   konum: ASP._Page_Core_Contents_Views_Content_Summary_cshtml.Execute() C:\Projeler10\Orchard-1.10.3\Orchard-1.10.3\src\Orchard.Web\Core\Contents\Views\Content.Summary.cshtml içinde: satýr 18
   konum: System.Web.WebPages.WebPageBase.ExecutePageHierarchy()
   konum: System.Web.Mvc.WebViewPage.ExecutePageHierarchy()
   konum: System.Web.WebPages.WebPageBase.ExecutePageHierarchy(WebPageContext pageContext, TextWriter writer, WebPageRenderingBase startPage)
   konum: System.Web.Mvc.Html.PartialExtensions.Partial(HtmlHelper htmlHelper, String partialViewName, Object model, ViewDataDictionary viewData)
   konum: Orchard.DisplayManagement.Descriptors.ShapeTemplateStrategy.ShapeTemplateBindingStrategy.Render(ShapeDescriptor shapeDescriptor, DisplayContext displayContext, HarvestShapeInfo harvestShapeInfo, HarvestShapeHit harvestShapeHit) C:\Projeler10\Orchard-1.10.3\Orchard-1.10.3\src\Orchard\DisplayManagement\Descriptors\ShapeTemplateStrategy\ShapeTemplateBindingStrategy.cs içinde: satýr 151
   konum: Orchard.DisplayManagement.Descriptors.ShapeTemplateStrategy.ShapeTemplateBindingStrategy.<>c__DisplayClass20_7.<Discover>b__14(DisplayContext displayContext) C:\Projeler10\Orchard-1.10.3\Orchard-1.10.3\src\Orchard\DisplayManagement\Descriptors\ShapeTemplateStrategy\ShapeTemplateBindingStrategy.cs içinde: satýr 133
   konum: Orchard.DisplayManagement.Descriptors.ShapeAlterationBuilder.<>c__DisplayClass7_1.<BoundAs>b__1(DisplayContext displayContext) C:\Projeler10\Orchard-1.10.3\Orchard-1.10.3\src\Orchard\DisplayManagement\Descriptors\ShapeAlterationBuilder.cs içinde: satýr 56
   konum: Orchard.DisplayManagement.Implementation.DefaultDisplayManager.Process(ShapeBinding shapeBinding, IShape shape, DisplayContext context) C:\Projeler10\Orchard-1.10.3\Orchard-1.10.3\src\Orchard\DisplayManagement\Implementation\DefaultDisplayManager.cs içinde: satýr 204
   konum: Orchard.DisplayManagement.Implementation.DefaultDisplayManager.Execute(DisplayContext context) C:\Projeler10\Orchard-1.10.3\Orchard-1.10.3\src\Orchard\DisplayManagement\Implementation\DefaultDisplayManager.cs içinde: satýr 100
   konum: Orchard.DisplayManagement.Implementation.DisplayHelper.ShapeExecute(Object shape) C:\Projeler10\Orchard-1.10.3\Orchard-1.10.3\src\Orchard\DisplayManagement\Implementation\DisplayHelper.cs içinde: satýr 86
   konum: Orchard.DisplayManagement.Implementation.DisplayHelper.Invoke(String name, INamedEnumerable`1 parameters) C:\Projeler10\Orchard-1.10.3\Orchard-1.10.3\src\Orchard\DisplayManagement\Implementation\DisplayHelper.cs içinde: satýr 44
   konum: Orchard.DisplayManagement.Implementation.DisplayHelper.TryInvoke(InvokeBinder binder, Object[] args, Object& result) C:\Projeler10\Orchard-1.10.3\Orchard-1.10.3\src\Orchard\DisplayManagement\Implementation\DisplayHelper.cs içinde: satýr 29
   konum: CallSite.Target(Closure , CallSite , Object , Object )
   konum: System.Dynamic.UpdateDelegates.UpdateAndExecute2[T0,T1,TRet](CallSite site, T0 arg0, T1 arg1)
   konum: Orchard.Core.Shapes.CoreShapes.List(Object Display, TextWriter Output, IEnumerable`1 Items, String Tag, String Id, IEnumerable`1 Classes, IDictionary`2 Attributes, String ItemTag, IEnumerable`1 ItemClasses, IDictionary`2 ItemAttributes) C:\Projeler10\Orchard-1.10.3\Orchard-1.10.3\src\Orchard.Web\Core\Shapes\CoreShapes.cs içinde: satýr 748
   --- Ýç özel durum yýðýný izlemesinin sonu ---
   konum: Orchard.DisplayManagement.Descriptors.ShapeAttributeStrategy.ShapeAttributeBindingStrategy.PerformInvoke(DisplayContext displayContext, MethodInfo methodInfo, Object serviceInstance) C:\Projeler10\Orchard-1.10.3\Orchard-1.10.3\src\Orchard\DisplayManagement\Descriptors\ShapeAttributeStrategy\ShapeAttributeBindingStrategy.cs içinde: satýr 73
   konum: Orchard.DisplayManagement.Descriptors.ShapeAttributeStrategy.ShapeAttributeBindingStrategy.<>c__DisplayClass5_0.<CreateDelegate>b__0(DisplayContext context) C:\Projeler10\Orchard-1.10.3\Orchard-1.10.3\src\Orchard\DisplayManagement\Descriptors\ShapeAttributeStrategy\ShapeAttributeBindingStrategy.cs içinde: satýr 55
   konum: Orchard.DisplayManagement.Descriptors.ShapeAlterationBuilder.<>c__DisplayClass7_1.<BoundAs>b__1(DisplayContext displayContext) C:\Projeler10\Orchard-1.10.3\Orchard-1.10.3\src\Orchard\DisplayManagement\Descriptors\ShapeAlterationBuilder.cs içinde: satýr 56
   konum: Orchard.DisplayManagement.Implementation.DefaultDisplayManager.Process(ShapeBinding shapeBinding, IShape shape, DisplayContext context) C:\Projeler10\Orchard-1.10.3\Orchard-1.10.3\src\Orchard\DisplayManagement\Implementation\DefaultDisplayManager.cs içinde: satýr 204
   konum: Orchard.DisplayManagement.Implementation.DefaultDisplayManager.Execute(DisplayContext context) C:\Projeler10\Orchard-1.10.3\Orchard-1.10.3\src\Orchard\DisplayManagement\Implementation\DefaultDisplayManager.cs içinde: satýr 100
   konum: Orchard.DisplayManagement.Implementation.DisplayHelper.ShapeExecute(Object shape) C:\Projeler10\Orchard-1.10.3\Orchard-1.10.3\src\Orchard\DisplayManagement\Implementation\DisplayHelper.cs içinde: satýr 86
   konum: Orchard.DisplayManagement.Implementation.DisplayHelper.Invoke(String name, INamedEnumerable`1 parameters) C:\Projeler10\Orchard-1.10.3\Orchard-1.10.3\src\Orchard\DisplayManagement\Implementation\DisplayHelper.cs içinde: satýr 44
   konum: Orchard.DisplayManagement.Implementation.DisplayHelper.TryInvoke(InvokeBinder binder, Object[] args, Object& result) C:\Projeler10\Orchard-1.10.3\Orchard-1.10.3\src\Orchard\DisplayManagement\Implementation\DisplayHelper.cs içinde: satýr 29
   konum: CallSite.Target(Closure , CallSite , Object , Object )
   konum: Orchard.Core.Shapes.CoreShapes.ContentZone(Object Display, Object Shape, TextWriter Output) C:\Projeler10\Orchard-1.10.3\Orchard-1.10.3\src\Orchard.Web\Core\Shapes\CoreShapes.cs içinde: satýr 303
   --- Ýç özel durum yýðýný izlemesinin sonu ---
   konum: Orchard.DisplayManagement.Descriptors.ShapeAttributeStrategy.ShapeAttributeBindingStrategy.PerformInvoke(DisplayContext displayContext, MethodInfo methodInfo, Object serviceInstance) C:\Projeler10\Orchard-1.10.3\Orchard-1.10.3\src\Orchard\DisplayManagement\Descriptors\ShapeAttributeStrategy\ShapeAttributeBindingStrategy.cs içinde: satýr 73
   konum: Orchard.DisplayManagement.Descriptors.ShapeAttributeStrategy.ShapeAttributeBindingStrategy.<>c__DisplayClass5_0.<CreateDelegate>b__0(DisplayContext context) C:\Projeler10\Orchard-1.10.3\Orchard-1.10.3\src\Orchard\DisplayManagement\Descriptors\ShapeAttributeStrategy\ShapeAttributeBindingStrategy.cs içinde: satýr 55
   konum: Orchard.DisplayManagement.Descriptors.ShapeAlterationBuilder.<>c__DisplayClass7_1.<BoundAs>b__1(DisplayContext displayContext) C:\Projeler10\Orchard-1.10.3\Orchard-1.10.3\src\Orchard\DisplayManagement\Descriptors\ShapeAlterationBuilder.cs içinde: satýr 56
   konum: Orchard.DisplayManagement.Implementation.DefaultDisplayManager.Process(ShapeBinding shapeBinding, IShape shape, DisplayContext context) C:\Projeler10\Orchard-1.10.3\Orchard-1.10.3\src\Orchard\DisplayManagement\Implementation\DefaultDisplayManager.cs içinde: satýr 204
   konum: Orchard.DisplayManagement.Implementation.DefaultDisplayManager.Execute(DisplayContext context) C:\Projeler10\Orchard-1.10.3\Orchard-1.10.3\src\Orchard\DisplayManagement\Implementation\DefaultDisplayManager.cs içinde: satýr 100
   konum: Orchard.DisplayManagement.Implementation.DisplayHelper.ShapeExecute(Object shape) C:\Projeler10\Orchard-1.10.3\Orchard-1.10.3\src\Orchard\DisplayManagement\Implementation\DisplayHelper.cs içinde: satýr 86
   konum: Orchard.DisplayManagement.Implementation.DisplayHelper.Invoke(String name, INamedEnumerable`1 parameters) C:\Projeler10\Orchard-1.10.3\Orchard-1.10.3\src\Orchard\DisplayManagement\Implementation\DisplayHelper.cs içinde: satýr 44
   konum: Orchard.DisplayManagement.Implementation.DisplayHelper.TryInvoke(InvokeBinder binder, Object[] args, Object& result) C:\Projeler10\Orchard-1.10.3\Orchard-1.10.3\src\Orchard\DisplayManagement\Implementation\DisplayHelper.cs içinde: satýr 29
   konum: CallSite.Target(Closure , CallSite , Object , Object )
   konum: ASP._Page_Core_Contents_Views_Content_cshtml.Execute() C:\Projeler10\Orchard-1.10.3\Orchard-1.10.3\src\Orchard.Web\Core\Contents\Views\Content.cshtml içinde: satýr 23
   konum: System.Web.WebPages.WebPageBase.ExecutePageHierarchy()
   konum: System.Web.Mvc.WebViewPage.ExecutePageHierarchy()
   konum: System.Web.WebPages.WebPageBase.ExecutePageHierarchy(WebPageContext pageContext, TextWriter writer, WebPageRenderingBase startPage)
   konum: System.Web.Mvc.Html.PartialExtensions.Partial(HtmlHelper htmlHelper, String partialViewName, Object model, ViewDataDictionary viewData)
   konum: Orchard.DisplayManagement.Descriptors.ShapeTemplateStrategy.ShapeTemplateBindingStrategy.Render(ShapeDescriptor shapeDescriptor, DisplayContext displayContext, HarvestShapeInfo harvestShapeInfo, HarvestShapeHit harvestShapeHit) C:\Projeler10\Orchard-1.10.3\Orchard-1.10.3\src\Orchard\DisplayManagement\Descriptors\ShapeTemplateStrategy\ShapeTemplateBindingStrategy.cs içinde: satýr 151
   konum: Orchard.DisplayManagement.Descriptors.ShapeTemplateStrategy.ShapeTemplateBindingStrategy.<>c__DisplayClass20_7.<Discover>b__14(DisplayContext displayContext) C:\Projeler10\Orchard-1.10.3\Orchard-1.10.3\src\Orchard\DisplayManagement\Descriptors\ShapeTemplateStrategy\ShapeTemplateBindingStrategy.cs içinde: satýr 133
   konum: Orchard.DisplayManagement.Descriptors.ShapeAlterationBuilder.<>c__DisplayClass7_1.<BoundAs>b__1(DisplayContext displayContext) C:\Projeler10\Orchard-1.10.3\Orchard-1.10.3\src\Orchard\DisplayManagement\Descriptors\ShapeAlterationBuilder.cs içinde: satýr 56
   konum: Orchard.DisplayManagement.Implementation.DefaultDisplayManager.Process(ShapeBinding shapeBinding, IShape shape, DisplayContext context) C:\Projeler10\Orchard-1.10.3\Orchard-1.10.3\src\Orchard\DisplayManagement\Implementation\DefaultDisplayManager.cs içinde: satýr 204
   konum: Orchard.DisplayManagement.Implementation.DefaultDisplayManager.Execute(DisplayContext context) C:\Projeler10\Orchard-1.10.3\Orchard-1.10.3\src\Orchard\DisplayManagement\Implementation\DefaultDisplayManager.cs içinde: satýr 100
   konum: Orchard.DisplayManagement.Implementation.DisplayHelper.ShapeExecute(Object shape) C:\Projeler10\Orchard-1.10.3\Orchard-1.10.3\src\Orchard\DisplayManagement\Implementation\DisplayHelper.cs içinde: satýr 86
   konum: Orchard.DisplayManagement.Implementation.DisplayHelper.Invoke(String name, INamedEnumerable`1 parameters) C:\Projeler10\Orchard-1.10.3\Orchard-1.10.3\src\Orchard\DisplayManagement\Implementation\DisplayHelper.cs içinde: satýr 44
   konum: Orchard.DisplayManagement.Implementation.DisplayHelper.TryInvoke(InvokeBinder binder, Object[] args, Object& result) C:\Projeler10\Orchard-1.10.3\Orchard-1.10.3\src\Orchard\DisplayManagement\Implementation\DisplayHelper.cs içinde: satýr 29
   konum: CallSite.Target(Closure , CallSite , Object , Object )
   konum: ASP._Page_Core_Contents_Views_Item_Display_cshtml.Execute() C:\Projeler10\Orchard-1.10.3\Orchard-1.10.3\src\Orchard.Web\Core\Contents\Views\Item\Display.cshtml içinde: satýr 6
   konum: System.Web.WebPages.WebPageBase.ExecutePageHierarchy()
   konum: System.Web.Mvc.WebViewPage.ExecutePageHierarchy()
   konum: System.Web.WebPages.WebPageBase.ExecutePageHierarchy(WebPageContext pageContext, TextWriter writer, WebPageRenderingBase startPage)
   konum: Orchard.Mvc.ViewEngines.ThemeAwareness.LayoutAwareViewEngine.<>c__DisplayClass9_0.<FindView>b__0(ViewContext viewContext, TextWriter writer, IViewDataContainer viewDataContainer) C:\Projeler10\Orchard-1.10.3\Orchard-1.10.3\src\Orchard\Mvc\ViewEngines\ThemeAwareness\LayoutAwareViewEngine.cs içinde: satýr 59
   konum: Orchard.Mvc.ViewEngines.ThemeAwareness.LayoutAwareViewEngine.LayoutView.Render(ViewContext viewContext, TextWriter writer) C:\Projeler10\Orchard-1.10.3\Orchard-1.10.3\src\Orchard\Mvc\ViewEngines\ThemeAwareness\LayoutAwareViewEngine.cs içinde: satýr 90
   konum: System.Web.Mvc.ViewResultBase.ExecuteResult(ControllerContext context)
   konum: System.Web.Mvc.ControllerActionInvoker.InvokeActionResultFilterRecursive(IList`1 filters, Int32 filterIndex, ResultExecutingContext preContext, ControllerContext controllerContext, ActionResult actionResult)
   konum: System.Web.Mvc.ControllerActionInvoker.InvokeActionResultFilterRecursive(IList`1 filters, Int32 filterIndex, ResultExecutingContext preContext, ControllerContext controllerContext, ActionResult actionResult)
   konum: System.Web.Mvc.ControllerActionInvoker.InvokeActionResultFilterRecursive(IList`1 filters, Int32 filterIndex, ResultExecutingContext preContext, ControllerContext controllerContext, ActionResult actionResult)
   konum: System.Web.Mvc.ControllerActionInvoker.InvokeActionResultFilterRecursive(IList`1 filters, Int32 filterIndex, ResultExecutingContext preContext, ControllerContext controllerContext, ActionResult actionResult)
   konum: System.Web.Mvc.ControllerActionInvoker.InvokeActionResultFilterRecursive(IList`1 filters, Int32 filterIndex, ResultExecutingContext preContext, ControllerContext controllerContext, ActionResult actionResult)
   konum: System.Web.Mvc.ControllerActionInvoker.InvokeActionResultFilterRecursive(IList`1 filters, Int32 filterIndex, ResultExecutingContext preContext, ControllerContext controllerContext, ActionResult actionResult)
   konum: System.Web.Mvc.ControllerActionInvoker.InvokeActionResultFilterRecursive(IList`1 filters, Int32 filterIndex, ResultExecutingContext preContext, ControllerContext controllerContext, ActionResult actionResult)
   konum: System.Web.Mvc.ControllerActionInvoker.InvokeActionResultFilterRecursive(IList`1 filters, Int32 filterIndex, ResultExecutingContext preContext, ControllerContext controllerContext, ActionResult actionResult)
2019-07-07 02:33:28,416 [8] Orchard.Exceptions.DefaultExceptionPolicy - Default - An unexpected exception was caught [http://localhost:30321/OrchardLocal/work-list]
System.Exception: TargetInvocationException ContentZone ---> System.Exception: TargetInvocationException List ---> System.ObjectDisposedException: Instances cannot be resolved and nested lifetimes cannot be created from this LifetimeScope as it has already been disposed.
   konum: Autofac.Core.Lifetime.LifetimeScope.CheckNotDisposed()
   konum: Autofac.Core.Lifetime.LifetimeScope.ResolveComponent(IComponentRegistration registration, IEnumerable`1 parameters)
   konum: Orchard.DisplayManagement.Descriptors.ShapeAttributeStrategy.ShapeAttributeBindingStrategy.<>c__DisplayClass5_0.<CreateDelegate>b__0(DisplayContext context) C:\Projeler10\Orchard-1.10.3\Orchard-1.10.3\src\Orchard\DisplayManagement\Descriptors\ShapeAttributeStrategy\ShapeAttributeBindingStrategy.cs içinde: satýr 52
   konum: Orchard.DisplayManagement.Descriptors.ShapeAlterationBuilder.<>c__DisplayClass7_1.<BoundAs>b__1(DisplayContext displayContext) C:\Projeler10\Orchard-1.10.3\Orchard-1.10.3\src\Orchard\DisplayManagement\Descriptors\ShapeAlterationBuilder.cs içinde: satýr 56
   konum: Orchard.DisplayManagement.Implementation.DefaultDisplayManager.Process(ShapeBinding shapeBinding, IShape shape, DisplayContext context) C:\Projeler10\Orchard-1.10.3\Orchard-1.10.3\src\Orchard\DisplayManagement\Implementation\DefaultDisplayManager.cs içinde: satýr 204
   konum: Orchard.DisplayManagement.Implementation.DefaultDisplayManager.Execute(DisplayContext context) C:\Projeler10\Orchard-1.10.3\Orchard-1.10.3\src\Orchard\DisplayManagement\Implementation\DefaultDisplayManager.cs içinde: satýr 100
   konum: Orchard.DisplayManagement.Implementation.DisplayHelper.ShapeExecute(Object shape) C:\Projeler10\Orchard-1.10.3\Orchard-1.10.3\src\Orchard\DisplayManagement\Implementation\DisplayHelper.cs içinde: satýr 86
   konum: Orchard.DisplayManagement.Implementation.DisplayHelper.Invoke(String name, INamedEnumerable`1 parameters) C:\Projeler10\Orchard-1.10.3\Orchard-1.10.3\src\Orchard\DisplayManagement\Implementation\DisplayHelper.cs içinde: satýr 44
   konum: Orchard.DisplayManagement.Implementation.DisplayHelper.TryInvoke(InvokeBinder binder, Object[] args, Object& result) C:\Projeler10\Orchard-1.10.3\Orchard-1.10.3\src\Orchard\DisplayManagement\Implementation\DisplayHelper.cs içinde: satýr 29
   konum: CallSite.Target(Closure , CallSite , Object , Object )
   konum: ASP._Page_Core_Contents_Views_Content_Summary_cshtml.Execute() C:\Projeler10\Orchard-1.10.3\Orchard-1.10.3\src\Orchard.Web\Core\Contents\Views\Content.Summary.cshtml içinde: satýr 11
   konum: System.Web.WebPages.WebPageBase.ExecutePageHierarchy()
   konum: System.Web.Mvc.WebViewPage.ExecutePageHierarchy()
   konum: System.Web.WebPages.WebPageBase.ExecutePageHierarchy(WebPageContext pageContext, TextWriter writer, WebPageRenderingBase startPage)
   konum: System.Web.Mvc.Html.PartialExtensions.Partial(HtmlHelper htmlHelper, String partialViewName, Object model, ViewDataDictionary viewData)
   konum: Orchard.DisplayManagement.Descriptors.ShapeTemplateStrategy.ShapeTemplateBindingStrategy.Render(ShapeDescriptor shapeDescriptor, DisplayContext displayContext, HarvestShapeInfo harvestShapeInfo, HarvestShapeHit harvestShapeHit) C:\Projeler10\Orchard-1.10.3\Orchard-1.10.3\src\Orchard\DisplayManagement\Descriptors\ShapeTemplateStrategy\ShapeTemplateBindingStrategy.cs içinde: satýr 151
   konum: Orchard.DisplayManagement.Descriptors.ShapeTemplateStrategy.ShapeTemplateBindingStrategy.<>c__DisplayClass20_7.<Discover>b__14(DisplayContext displayContext) C:\Projeler10\Orchard-1.10.3\Orchard-1.10.3\src\Orchard\DisplayManagement\Descriptors\ShapeTemplateStrategy\ShapeTemplateBindingStrategy.cs içinde: satýr 133
   konum: Orchard.DisplayManagement.Descriptors.ShapeAlterationBuilder.<>c__DisplayClass7_1.<BoundAs>b__1(DisplayContext displayContext) C:\Projeler10\Orchard-1.10.3\Orchard-1.10.3\src\Orchard\DisplayManagement\Descriptors\ShapeAlterationBuilder.cs içinde: satýr 56
   konum: Orchard.DisplayManagement.Implementation.DefaultDisplayManager.Process(ShapeBinding shapeBinding, IShape shape, DisplayContext context) C:\Projeler10\Orchard-1.10.3\Orchard-1.10.3\src\Orchard\DisplayManagement\Implementation\DefaultDisplayManager.cs içinde: satýr 204
   konum: Orchard.DisplayManagement.Implementation.DefaultDisplayManager.Execute(DisplayContext context) C:\Projeler10\Orchard-1.10.3\Orchard-1.10.3\src\Orchard\DisplayManagement\Implementation\DefaultDisplayManager.cs içinde: satýr 100
   konum: Orchard.DisplayManagement.Implementation.DisplayHelper.ShapeExecute(Object shape) C:\Projeler10\Orchard-1.10.3\Orchard-1.10.3\src\Orchard\DisplayManagement\Implementation\DisplayHelper.cs içinde: satýr 86
   konum: Orchard.DisplayManagement.Implementation.DisplayHelper.Invoke(String name, INamedEnumerable`1 parameters) C:\Projeler10\Orchard-1.10.3\Orchard-1.10.3\src\Orchard\DisplayManagement\Implementation\DisplayHelper.cs içinde: satýr 44
   konum: Orchard.DisplayManagement.Implementation.DisplayHelper.TryInvoke(InvokeBinder binder, Object[] args, Object& result) C:\Projeler10\Orchard-1.10.3\Orchard-1.10.3\src\Orchard\DisplayManagement\Implementation\DisplayHelper.cs içinde: satýr 29
   konum: CallSite.Target(Closure , CallSite , Object , Object )
   konum: Orchard.Core.Shapes.CoreShapes.List(Object Display, TextWriter Output, IEnumerable`1 Items, String Tag, String Id, IEnumerable`1 Classes, IDictionary`2 Attributes, String ItemTag, IEnumerable`1 ItemClasses, IDictionary`2 ItemAttributes) C:\Projeler10\Orchard-1.10.3\Orchard-1.10.3\src\Orchard.Web\Core\Shapes\CoreShapes.cs içinde: satýr 748
   --- Ýç özel durum yýðýný izlemesinin sonu ---
   konum: Orchard.DisplayManagement.Descriptors.ShapeAttributeStrategy.ShapeAttributeBindingStrategy.PerformInvoke(DisplayContext displayContext, MethodInfo methodInfo, Object serviceInstance) C:\Projeler10\Orchard-1.10.3\Orchard-1.10.3\src\Orchard\DisplayManagement\Descriptors\ShapeAttributeStrategy\ShapeAttributeBindingStrategy.cs içinde: satýr 73
   konum: Orchard.DisplayManagement.Descriptors.ShapeAttributeStrategy.ShapeAttributeBindingStrategy.<>c__DisplayClass5_0.<CreateDelegate>b__0(DisplayContext context) C:\Projeler10\Orchard-1.10.3\Orchard-1.10.3\src\Orchard\DisplayManagement\Descriptors\ShapeAttributeStrategy\ShapeAttributeBindingStrategy.cs içinde: satýr 55
   konum: Orchard.DisplayManagement.Descriptors.ShapeAlterationBuilder.<>c__DisplayClass7_1.<BoundAs>b__1(DisplayContext displayContext) C:\Projeler10\Orchard-1.10.3\Orchard-1.10.3\src\Orchard\DisplayManagement\Descriptors\ShapeAlterationBuilder.cs içinde: satýr 56
   konum: Orchard.DisplayManagement.Implementation.DefaultDisplayManager.Process(ShapeBinding shapeBinding, IShape shape, DisplayContext context) C:\Projeler10\Orchard-1.10.3\Orchard-1.10.3\src\Orchard\DisplayManagement\Implementation\DefaultDisplayManager.cs içinde: satýr 204
   konum: Orchard.DisplayManagement.Implementation.DefaultDisplayManager.Execute(DisplayContext context) C:\Projeler10\Orchard-1.10.3\Orchard-1.10.3\src\Orchard\DisplayManagement\Implementation\DefaultDisplayManager.cs içinde: satýr 100
   konum: Orchard.DisplayManagement.Implementation.DisplayHelper.ShapeExecute(Object shape) C:\Projeler10\Orchard-1.10.3\Orchard-1.10.3\src\Orchard\DisplayManagement\Implementation\DisplayHelper.cs içinde: satýr 86
   konum: Orchard.DisplayManagement.Implementation.DisplayHelper.Invoke(String name, INamedEnumerable`1 parameters) C:\Projeler10\Orchard-1.10.3\Orchard-1.10.3\src\Orchard\DisplayManagement\Implementation\DisplayHelper.cs içinde: satýr 44
   konum: Orchard.DisplayManagement.Implementation.DisplayHelper.TryInvoke(InvokeBinder binder, Object[] args, Object& result) C:\Projeler10\Orchard-1.10.3\Orchard-1.10.3\src\Orchard\DisplayManagement\Implementation\DisplayHelper.cs içinde: satýr 29
   konum: CallSite.Target(Closure , CallSite , Object , Object )
   konum: Orchard.Core.Shapes.CoreShapes.ContentZone(Object Display, Object Shape, TextWriter Output) C:\Projeler10\Orchard-1.10.3\Orchard-1.10.3\src\Orchard.Web\Core\Shapes\CoreShapes.cs içinde: satýr 303
   --- Ýç özel durum yýðýný izlemesinin sonu ---
   konum: Orchard.DisplayManagement.Descriptors.ShapeAttributeStrategy.ShapeAttributeBindingStrategy.PerformInvoke(DisplayContext displayContext, MethodInfo methodInfo, Object serviceInstance) C:\Projeler10\Orchard-1.10.3\Orchard-1.10.3\src\Orchard\DisplayManagement\Descriptors\ShapeAttributeStrategy\ShapeAttributeBindingStrategy.cs içinde: satýr 73
   konum: Orchard.DisplayManagement.Descriptors.ShapeAttributeStrategy.ShapeAttributeBindingStrategy.<>c__DisplayClass5_0.<CreateDelegate>b__0(DisplayContext context) C:\Projeler10\Orchard-1.10.3\Orchard-1.10.3\src\Orchard\DisplayManagement\Descriptors\ShapeAttributeStrategy\ShapeAttributeBindingStrategy.cs içinde: satýr 55
   konum: Orchard.DisplayManagement.Descriptors.ShapeAlterationBuilder.<>c__DisplayClass7_1.<BoundAs>b__1(DisplayContext displayContext) C:\Projeler10\Orchard-1.10.3\Orchard-1.10.3\src\Orchard\DisplayManagement\Descriptors\ShapeAlterationBuilder.cs içinde: satýr 56
   konum: Orchard.DisplayManagement.Implementation.DefaultDisplayManager.Process(ShapeBinding shapeBinding, IShape shape, DisplayContext context) C:\Projeler10\Orchard-1.10.3\Orchard-1.10.3\src\Orchard\DisplayManagement\Implementation\DefaultDisplayManager.cs içinde: satýr 204
   konum: Orchard.DisplayManagement.Implementation.DefaultDisplayManager.Execute(DisplayContext context) C:\Projeler10\Orchard-1.10.3\Orchard-1.10.3\src\Orchard\DisplayManagement\Implementation\DefaultDisplayManager.cs içinde: satýr 100
   konum: Orchard.DisplayManagement.Implementation.DisplayHelper.ShapeExecute(Object shape) C:\Projeler10\Orchard-1.10.3\Orchard-1.10.3\src\Orchard\DisplayManagement\Implementation\DisplayHelper.cs içinde: satýr 86
   konum: Orchard.DisplayManagement.Implementation.DisplayHelper.Invoke(String name, INamedEnumerable`1 parameters) C:\Projeler10\Orchard-1.10.3\Orchard-1.10.3\src\Orchard\DisplayManagement\Implementation\DisplayHelper.cs içinde: satýr 44
   konum: Orchard.DisplayManagement.Implementation.DisplayHelper.TryInvoke(InvokeBinder binder, Object[] args, Object& result) C:\Projeler10\Orchard-1.10.3\Orchard-1.10.3\src\Orchard\DisplayManagement\Implementation\DisplayHelper.cs içinde: satýr 29
   konum: CallSite.Target(Closure , CallSite , Object , Object )
   konum: System.Dynamic.UpdateDelegates.UpdateAndExecute2[T0,T1,TRet](CallSite site, T0 arg0, T1 arg1)
   konum: ASP._Page_Core_Contents_Views_Content_cshtml.Execute() C:\Projeler10\Orchard-1.10.3\Orchard-1.10.3\src\Orchard.Web\Core\Contents\Views\Content.cshtml içinde: satýr 23
   konum: System.Web.WebPages.WebPageBase.ExecutePageHierarchy()
   konum: System.Web.Mvc.WebViewPage.ExecutePageHierarchy()
   konum: System.Web.WebPages.WebPageBase.ExecutePageHierarchy(WebPageContext pageContext, TextWriter writer, WebPageRenderingBase startPage)
   konum: System.Web.Mvc.Html.PartialExtensions.Partial(HtmlHelper htmlHelper, String partialViewName, Object model, ViewDataDictionary viewData)
   konum: Orchard.DisplayManagement.Descriptors.ShapeTemplateStrategy.ShapeTemplateBindingStrategy.Render(ShapeDescriptor shapeDescriptor, DisplayContext displayContext, HarvestShapeInfo harvestShapeInfo, HarvestShapeHit harvestShapeHit) C:\Projeler10\Orchard-1.10.3\Orchard-1.10.3\src\Orchard\DisplayManagement\Descriptors\ShapeTemplateStrategy\ShapeTemplateBindingStrategy.cs içinde: satýr 151
   konum: Orchard.DisplayManagement.Descriptors.ShapeTemplateStrategy.ShapeTemplateBindingStrategy.<>c__DisplayClass20_7.<Discover>b__14(DisplayContext displayContext) C:\Projeler10\Orchard-1.10.3\Orchard-1.10.3\src\Orchard\DisplayManagement\Descriptors\ShapeTemplateStrategy\ShapeTemplateBindingStrategy.cs içinde: satýr 133
   konum: Orchard.DisplayManagement.Descriptors.ShapeAlterationBuilder.<>c__DisplayClass7_1.<BoundAs>b__1(DisplayContext displayContext) C:\Projeler10\Orchard-1.10.3\Orchard-1.10.3\src\Orchard\DisplayManagement\Descriptors\ShapeAlterationBuilder.cs içinde: satýr 56
   konum: Orchard.DisplayManagement.Implementation.DefaultDisplayManager.Process(ShapeBinding shapeBinding, IShape shape, DisplayContext context) C:\Projeler10\Orchard-1.10.3\Orchard-1.10.3\src\Orchard\DisplayManagement\Implementation\DefaultDisplayManager.cs içinde: satýr 204
   konum: Orchard.DisplayManagement.Implementation.DefaultDisplayManager.Execute(DisplayContext context) C:\Projeler10\Orchard-1.10.3\Orchard-1.10.3\src\Orchard\DisplayManagement\Implementation\DefaultDisplayManager.cs içinde: satýr 100
   konum: Orchard.DisplayManagement.Implementation.DisplayHelper.ShapeExecute(Object shape) C:\Projeler10\Orchard-1.10.3\Orchard-1.10.3\src\Orchard\DisplayManagement\Implementation\DisplayHelper.cs içinde: satýr 86
   konum: Orchard.DisplayManagement.Implementation.DisplayHelper.Invoke(String name, INamedEnumerable`1 parameters) C:\Projeler10\Orchard-1.10.3\Orchard-1.10.3\src\Orchard\DisplayManagement\Implementation\DisplayHelper.cs içinde: satýr 44
   konum: Orchard.DisplayManagement.Implementation.DisplayHelper.TryInvoke(InvokeBinder binder, Object[] args, Object& result) C:\Projeler10\Orchard-1.10.3\Orchard-1.10.3\src\Orchard\DisplayManagement\Implementation\DisplayHelper.cs içinde: satýr 29
   konum: CallSite.Target(Closure , CallSite , Object , Object )
   konum: System.Dynamic.UpdateDelegates.UpdateAndExecute2[T0,T1,TRet](CallSite site, T0 arg0, T1 arg1)
   konum: ASP._Page_Core_Contents_Views_Item_Display_cshtml.Execute() C:\Projeler10\Orchard-1.10.3\Orchard-1.10.3\src\Orchard.Web\Core\Contents\Views\Item\Display.cshtml içinde: satýr 6
   konum: System.Web.WebPages.WebPageBase.ExecutePageHierarchy()
   konum: System.Web.Mvc.WebViewPage.ExecutePageHierarchy()
   konum: System.Web.WebPages.WebPageBase.ExecutePageHierarchy(WebPageContext pageContext, TextWriter writer, WebPageRenderingBase startPage)
   konum: Orchard.Mvc.ViewEngines.ThemeAwareness.LayoutAwareViewEngine.<>c__DisplayClass9_0.<FindView>b__0(ViewContext viewContext, TextWriter writer, IViewDataContainer viewDataContainer) C:\Projeler10\Orchard-1.10.3\Orchard-1.10.3\src\Orchard\Mvc\ViewEngines\ThemeAwareness\LayoutAwareViewEngine.cs içinde: satýr 59
   konum: Orchard.Mvc.ViewEngines.ThemeAwareness.LayoutAwareViewEngine.LayoutView.Render(ViewContext viewContext, TextWriter writer) C:\Projeler10\Orchard-1.10.3\Orchard-1.10.3\src\Orchard\Mvc\ViewEngines\ThemeAwareness\LayoutAwareViewEngine.cs içinde: satýr 90
   konum: System.Web.Mvc.ViewResultBase.ExecuteResult(ControllerContext context)
   konum: System.Web.Mvc.ControllerActionInvoker.InvokeActionResultFilterRecursive(IList`1 filters, Int32 filterIndex, ResultExecutingContext preContext, ControllerContext controllerContext, ActionResult actionResult)
   konum: System.Web.Mvc.ControllerActionInvoker.InvokeActionResultFilterRecursive(IList`1 filters, Int32 filterIndex, ResultExecutingContext preContext, ControllerContext controllerContext, ActionResult actionResult)
   konum: System.Web.Mvc.ControllerActionInvoker.InvokeActionResultFilterRecursive(IList`1 filters, Int32 filterIndex, ResultExecutingContext preContext, ControllerContext controllerContext, ActionResult actionResult)
   konum: System.Web.Mvc.ControllerActionInvoker.InvokeActionResultFilterRecursive(IList`1 filters, Int32 filterIndex, ResultExecutingContext preContext, ControllerContext controllerContext, ActionResult actionResult)
   konum: System.Web.Mvc.ControllerActionInvoker.InvokeActionResultFilterRecursive(IList`1 filters, Int32 filterIndex, ResultExecutingContext preContext, ControllerContext controllerContext, ActionResult actionResult)
   konum: System.Web.Mvc.ControllerActionInvoker.InvokeActionResultFilterRecursive(IList`1 filters, Int32 filterIndex, ResultExecutingContext preContext, ControllerContext controllerContext, ActionResult actionResult)
   konum: System.Web.Mvc.ControllerActionInvoker.InvokeActionResultFilterRecursive(IList`1 filters, Int32 filterIndex, ResultExecutingContext preContext, ControllerContext controllerContext, ActionResult actionResult)
   konum: System.Web.Mvc.ControllerActionInvoker.InvokeActionResultFilterRecursive(IList`1 filters, Int32 filterIndex, ResultExecutingContext preContext, ControllerContext controllerContext, ActionResult actionResult)
2019-07-07 02:59:57,191 [77] Orchard.Exceptions.DefaultExceptionPolicy - Default - An unexpected exception was caught [http://localhost:30321/OrchardLocal/work-list]
System.Exception: TargetInvocationException ContentZone ---> System.Exception: TargetInvocationException List ---> System.Exception: TargetInvocationException ContentZone ---> Microsoft.CSharp.RuntimeBinder.RuntimeBinderException: Bu null olamayan bir deðer türü olduðundan, null deðeri 'int' deðerine dönüþtürülemiyor
   konum: CallSite.Target(Closure , CallSite , Object )
   konum: System.Dynamic.UpdateDelegates.UpdateAndExecute1[T0,TRet](CallSite site, T0 arg0)
   konum: ASP._Page_Modules_Erdem_TodoList_Views_Parts_Task_Addbutton_cshtml.Execute() C:\Projeler10\Orchard-1.10.3\Orchard-1.10.3\src\Orchard.Web\Modules\Erdem.TodoList\Views\Parts\Task.Addbutton.cshtml içinde: satýr 11
   konum: System.Web.WebPages.WebPageBase.ExecutePageHierarchy()
   konum: System.Web.Mvc.WebViewPage.ExecutePageHierarchy()
   konum: System.Web.WebPages.WebPageBase.ExecutePageHierarchy(WebPageContext pageContext, TextWriter writer, WebPageRenderingBase startPage)
   konum: System.Web.Mvc.Html.PartialExtensions.Partial(HtmlHelper htmlHelper, String partialViewName, Object model, ViewDataDictionary viewData)
   konum: Orchard.DisplayManagement.Descriptors.ShapeTemplateStrategy.ShapeTemplateBindingStrategy.Render(ShapeDescriptor shapeDescriptor, DisplayContext displayContext, HarvestShapeInfo harvestShapeInfo, HarvestShapeHit harvestShapeHit) C:\Projeler10\Orchard-1.10.3\Orchard-1.10.3\src\Orchard\DisplayManagement\Descriptors\ShapeTemplateStrategy\ShapeTemplateBindingStrategy.cs içinde: satýr 151
   konum: Orchard.DisplayManagement.Descriptors.ShapeTemplateStrategy.ShapeTemplateBindingStrategy.<>c__DisplayClass20_7.<Discover>b__14(DisplayContext displayContext) C:\Projeler10\Orchard-1.10.3\Orchard-1.10.3\src\Orchard\DisplayManagement\Descriptors\ShapeTemplateStrategy\ShapeTemplateBindingStrategy.cs içinde: satýr 133
   konum: Orchard.DisplayManagement.Descriptors.ShapeAlterationBuilder.<>c__DisplayClass7_1.<BoundAs>b__1(DisplayContext displayContext) C:\Projeler10\Orchard-1.10.3\Orchard-1.10.3\src\Orchard\DisplayManagement\Descriptors\ShapeAlterationBuilder.cs içinde: satýr 56
   konum: Orchard.DisplayManagement.Implementation.DefaultDisplayManager.Process(ShapeBinding shapeBinding, IShape shape, DisplayContext context) C:\Projeler10\Orchard-1.10.3\Orchard-1.10.3\src\Orchard\DisplayManagement\Implementation\DefaultDisplayManager.cs içinde: satýr 204
   konum: Orchard.DisplayManagement.Implementation.DefaultDisplayManager.Execute(DisplayContext context) C:\Projeler10\Orchard-1.10.3\Orchard-1.10.3\src\Orchard\DisplayManagement\Implementation\DefaultDisplayManager.cs içinde: satýr 100
   konum: Orchard.DisplayManagement.Implementation.DisplayHelper.ShapeExecute(Object shape) C:\Projeler10\Orchard-1.10.3\Orchard-1.10.3\src\Orchard\DisplayManagement\Implementation\DisplayHelper.cs içinde: satýr 86
   konum: Orchard.DisplayManagement.Implementation.DisplayHelper.Invoke(String name, INamedEnumerable`1 parameters) C:\Projeler10\Orchard-1.10.3\Orchard-1.10.3\src\Orchard\DisplayManagement\Implementation\DisplayHelper.cs içinde: satýr 44
   konum: Orchard.DisplayManagement.Implementation.DisplayHelper.TryInvoke(InvokeBinder binder, Object[] args, Object& result) C:\Projeler10\Orchard-1.10.3\Orchard-1.10.3\src\Orchard\DisplayManagement\Implementation\DisplayHelper.cs içinde: satýr 29
   konum: CallSite.Target(Closure , CallSite , Object , Object )
   konum: Orchard.Core.Shapes.CoreShapes.ContentZone(Object Display, Object Shape, TextWriter Output) C:\Projeler10\Orchard-1.10.3\Orchard-1.10.3\src\Orchard.Web\Core\Shapes\CoreShapes.cs içinde: satýr 303
   --- Ýç özel durum yýðýný izlemesinin sonu ---
   konum: Orchard.DisplayManagement.Descriptors.ShapeAttributeStrategy.ShapeAttributeBindingStrategy.PerformInvoke(DisplayContext displayContext, MethodInfo methodInfo, Object serviceInstance) C:\Projeler10\Orchard-1.10.3\Orchard-1.10.3\src\Orchard\DisplayManagement\Descriptors\ShapeAttributeStrategy\ShapeAttributeBindingStrategy.cs içinde: satýr 73
   konum: Orchard.DisplayManagement.Descriptors.ShapeAttributeStrategy.ShapeAttributeBindingStrategy.<>c__DisplayClass5_0.<CreateDelegate>b__0(DisplayContext context) C:\Projeler10\Orchard-1.10.3\Orchard-1.10.3\src\Orchard\DisplayManagement\Descriptors\ShapeAttributeStrategy\ShapeAttributeBindingStrategy.cs içinde: satýr 55
   konum: Orchard.DisplayManagement.Descriptors.ShapeAlterationBuilder.<>c__DisplayClass7_1.<BoundAs>b__1(DisplayContext displayContext) C:\Projeler10\Orchard-1.10.3\Orchard-1.10.3\src\Orchard\DisplayManagement\Descriptors\ShapeAlterationBuilder.cs içinde: satýr 56
   konum: Orchard.DisplayManagement.Implementation.DefaultDisplayManager.Process(ShapeBinding shapeBinding, IShape shape, DisplayContext context) C:\Projeler10\Orchard-1.10.3\Orchard-1.10.3\src\Orchard\DisplayManagement\Implementation\DefaultDisplayManager.cs içinde: satýr 204
   konum: Orchard.DisplayManagement.Implementation.DefaultDisplayManager.Execute(DisplayContext context) C:\Projeler10\Orchard-1.10.3\Orchard-1.10.3\src\Orchard\DisplayManagement\Implementation\DefaultDisplayManager.cs içinde: satýr 100
   konum: Orchard.DisplayManagement.Implementation.DisplayHelper.ShapeExecute(Object shape) C:\Projeler10\Orchard-1.10.3\Orchard-1.10.3\src\Orchard\DisplayManagement\Implementation\DisplayHelper.cs içinde: satýr 86
   konum: Orchard.DisplayManagement.Implementation.DisplayHelper.Invoke(String name, INamedEnumerable`1 parameters) C:\Projeler10\Orchard-1.10.3\Orchard-1.10.3\src\Orchard\DisplayManagement\Implementation\DisplayHelper.cs içinde: satýr 44
   konum: Orchard.DisplayManagement.Implementation.DisplayHelper.TryInvoke(InvokeBinder binder, Object[] args, Object& result) C:\Projeler10\Orchard-1.10.3\Orchard-1.10.3\src\Orchard\DisplayManagement\Implementation\DisplayHelper.cs içinde: satýr 29
   konum: CallSite.Target(Closure , CallSite , Object , Object )
   konum: ASP._Page_Core_Contents_Views_Content_Summary_cshtml.Execute() C:\Projeler10\Orchard-1.10.3\Orchard-1.10.3\src\Orchard.Web\Core\Contents\Views\Content.Summary.cshtml içinde: satýr 18
   konum: System.Web.WebPages.WebPageBase.ExecutePageHierarchy()
   konum: System.Web.Mvc.WebViewPage.ExecutePageHierarchy()
   konum: System.Web.WebPages.WebPageBase.ExecutePageHierarchy(WebPageContext pageContext, TextWriter writer, WebPageRenderingBase startPage)
   konum: System.Web.Mvc.Html.PartialExtensions.Partial(HtmlHelper htmlHelper, String partialViewName, Object model, ViewDataDictionary viewData)
   konum: Orchard.DisplayManagement.Descriptors.ShapeTemplateStrategy.ShapeTemplateBindingStrategy.Render(ShapeDescriptor shapeDescriptor, DisplayContext displayContext, HarvestShapeInfo harvestShapeInfo, HarvestShapeHit harvestShapeHit) C:\Projeler10\Orchard-1.10.3\Orchard-1.10.3\src\Orchard\DisplayManagement\Descriptors\ShapeTemplateStrategy\ShapeTemplateBindingStrategy.cs içinde: satýr 151
   konum: Orchard.DisplayManagement.Descriptors.ShapeTemplateStrategy.ShapeTemplateBindingStrategy.<>c__DisplayClass20_7.<Discover>b__14(DisplayContext displayContext) C:\Projeler10\Orchard-1.10.3\Orchard-1.10.3\src\Orchard\DisplayManagement\Descriptors\ShapeTemplateStrategy\ShapeTemplateBindingStrategy.cs içinde: satýr 133
   konum: Orchard.DisplayManagement.Descriptors.ShapeAlterationBuilder.<>c__DisplayClass7_1.<BoundAs>b__1(DisplayContext displayContext) C:\Projeler10\Orchard-1.10.3\Orchard-1.10.3\src\Orchard\DisplayManagement\Descriptors\ShapeAlterationBuilder.cs içinde: satýr 56
   konum: Orchard.DisplayManagement.Implementation.DefaultDisplayManager.Process(ShapeBinding shapeBinding, IShape shape, DisplayContext context) C:\Projeler10\Orchard-1.10.3\Orchard-1.10.3\src\Orchard\DisplayManagement\Implementation\DefaultDisplayManager.cs içinde: satýr 204
   konum: Orchard.DisplayManagement.Implementation.DefaultDisplayManager.Execute(DisplayContext context) C:\Projeler10\Orchard-1.10.3\Orchard-1.10.3\src\Orchard\DisplayManagement\Implementation\DefaultDisplayManager.cs içinde: satýr 100
   konum: Orchard.DisplayManagement.Implementation.DisplayHelper.ShapeExecute(Object shape) C:\Projeler10\Orchard-1.10.3\Orchard-1.10.3\src\Orchard\DisplayManagement\Implementation\DisplayHelper.cs içinde: satýr 86
   konum: Orchard.DisplayManagement.Implementation.DisplayHelper.Invoke(String name, INamedEnumerable`1 parameters) C:\Projeler10\Orchard-1.10.3\Orchard-1.10.3\src\Orchard\DisplayManagement\Implementation\DisplayHelper.cs içinde: satýr 44
   konum: Orchard.DisplayManagement.Implementation.DisplayHelper.TryInvoke(InvokeBinder binder, Object[] args, Object& result) C:\Projeler10\Orchard-1.10.3\Orchard-1.10.3\src\Orchard\DisplayManagement\Implementation\DisplayHelper.cs içinde: satýr 29
   konum: CallSite.Target(Closure , CallSite , Object , Object )
   konum: Orchard.Core.Shapes.CoreShapes.List(Object Display, TextWriter Output, IEnumerable`1 Items, String Tag, String Id, IEnumerable`1 Classes, IDictionary`2 Attributes, String ItemTag, IEnumerable`1 ItemClasses, IDictionary`2 ItemAttributes) C:\Projeler10\Orchard-1.10.3\Orchard-1.10.3\src\Orchard.Web\Core\Shapes\CoreShapes.cs içinde: satýr 748
   --- Ýç özel durum yýðýný izlemesinin sonu ---
   konum: Orchard.DisplayManagement.Descriptors.ShapeAttributeStrategy.ShapeAttributeBindingStrategy.PerformInvoke(DisplayContext displayContext, MethodInfo methodInfo, Object serviceInstance) C:\Projeler10\Orchard-1.10.3\Orchard-1.10.3\src\Orchard\DisplayManagement\Descriptors\ShapeAttributeStrategy\ShapeAttributeBindingStrategy.cs içinde: satýr 73
   konum: Orchard.DisplayManagement.Descriptors.ShapeAttributeStrategy.ShapeAttributeBindingStrategy.<>c__DisplayClass5_0.<CreateDelegate>b__0(DisplayContext context) C:\Projeler10\Orchard-1.10.3\Orchard-1.10.3\src\Orchard\DisplayManagement\Descriptors\ShapeAttributeStrategy\ShapeAttributeBindingStrategy.cs içinde: satýr 55
   konum: Orchard.DisplayManagement.Descriptors.ShapeAlterationBuilder.<>c__DisplayClass7_1.<BoundAs>b__1(DisplayContext displayContext) C:\Projeler10\Orchard-1.10.3\Orchard-1.10.3\src\Orchard\DisplayManagement\Descriptors\ShapeAlterationBuilder.cs içinde: satýr 56
   konum: Orchard.DisplayManagement.Implementation.DefaultDisplayManager.Process(ShapeBinding shapeBinding, IShape shape, DisplayContext context) C:\Projeler10\Orchard-1.10.3\Orchard-1.10.3\src\Orchard\DisplayManagement\Implementation\DefaultDisplayManager.cs içinde: satýr 204
   konum: Orchard.DisplayManagement.Implementation.DefaultDisplayManager.Execute(DisplayContext context) C:\Projeler10\Orchard-1.10.3\Orchard-1.10.3\src\Orchard\DisplayManagement\Implementation\DefaultDisplayManager.cs içinde: satýr 100
   konum: Orchard.DisplayManagement.Implementation.DisplayHelper.ShapeExecute(Object shape) C:\Projeler10\Orchard-1.10.3\Orchard-1.10.3\src\Orchard\DisplayManagement\Implementation\DisplayHelper.cs içinde: satýr 86
   konum: Orchard.DisplayManagement.Implementation.DisplayHelper.Invoke(String name, INamedEnumerable`1 parameters) C:\Projeler10\Orchard-1.10.3\Orchard-1.10.3\src\Orchard\DisplayManagement\Implementation\DisplayHelper.cs içinde: satýr 44
   konum: Orchard.DisplayManagement.Implementation.DisplayHelper.TryInvoke(InvokeBinder binder, Object[] args, Object& result) C:\Projeler10\Orchard-1.10.3\Orchard-1.10.3\src\Orchard\DisplayManagement\Implementation\DisplayHelper.cs içinde: satýr 29
   konum: CallSite.Target(Closure , CallSite , Object , Object )
   konum: Orchard.Core.Shapes.CoreShapes.ContentZone(Object Display, Object Shape, TextWriter Output) C:\Projeler10\Orchard-1.10.3\Orchard-1.10.3\src\Orchard.Web\Core\Shapes\CoreShapes.cs içinde: satýr 303
   --- Ýç özel durum yýðýný izlemesinin sonu ---
   konum: Orchard.DisplayManagement.Descriptors.ShapeAttributeStrategy.ShapeAttributeBindingStrategy.PerformInvoke(DisplayContext displayContext, MethodInfo methodInfo, Object serviceInstance) C:\Projeler10\Orchard-1.10.3\Orchard-1.10.3\src\Orchard\DisplayManagement\Descriptors\ShapeAttributeStrategy\ShapeAttributeBindingStrategy.cs içinde: satýr 73
   konum: Orchard.DisplayManagement.Descriptors.ShapeAttributeStrategy.ShapeAttributeBindingStrategy.<>c__DisplayClass5_0.<CreateDelegate>b__0(DisplayContext context) C:\Projeler10\Orchard-1.10.3\Orchard-1.10.3\src\Orchard\DisplayManagement\Descriptors\ShapeAttributeStrategy\ShapeAttributeBindingStrategy.cs içinde: satýr 55
   konum: Orchard.DisplayManagement.Descriptors.ShapeAlterationBuilder.<>c__DisplayClass7_1.<BoundAs>b__1(DisplayContext displayContext) C:\Projeler10\Orchard-1.10.3\Orchard-1.10.3\src\Orchard\DisplayManagement\Descriptors\ShapeAlterationBuilder.cs içinde: satýr 56
   konum: Orchard.DisplayManagement.Implementation.DefaultDisplayManager.Process(ShapeBinding shapeBinding, IShape shape, DisplayContext context) C:\Projeler10\Orchard-1.10.3\Orchard-1.10.3\src\Orchard\DisplayManagement\Implementation\DefaultDisplayManager.cs içinde: satýr 204
   konum: Orchard.DisplayManagement.Implementation.DefaultDisplayManager.Execute(DisplayContext context) C:\Projeler10\Orchard-1.10.3\Orchard-1.10.3\src\Orchard\DisplayManagement\Implementation\DefaultDisplayManager.cs içinde: satýr 100
   konum: Orchard.DisplayManagement.Implementation.DisplayHelper.ShapeExecute(Object shape) C:\Projeler10\Orchard-1.10.3\Orchard-1.10.3\src\Orchard\DisplayManagement\Implementation\DisplayHelper.cs içinde: satýr 86
   konum: Orchard.DisplayManagement.Implementation.DisplayHelper.Invoke(String name, INamedEnumerable`1 parameters) C:\Projeler10\Orchard-1.10.3\Orchard-1.10.3\src\Orchard\DisplayManagement\Implementation\DisplayHelper.cs içinde: satýr 44
   konum: Orchard.DisplayManagement.Implementation.DisplayHelper.TryInvoke(InvokeBinder binder, Object[] args, Object& result) C:\Projeler10\Orchard-1.10.3\Orchard-1.10.3\src\Orchard\DisplayManagement\Implementation\DisplayHelper.cs içinde: satýr 29
   konum: CallSite.Target(Closure , CallSite , Object , Object )
   konum: ASP._Page_Core_Contents_Views_Content_cshtml.Execute() C:\Projeler10\Orchard-1.10.3\Orchard-1.10.3\src\Orchard.Web\Core\Contents\Views\Content.cshtml içinde: satýr 23
   konum: System.Web.WebPages.WebPageBase.ExecutePageHierarchy()
   konum: System.Web.Mvc.WebViewPage.ExecutePageHierarchy()
   konum: System.Web.WebPages.WebPageBase.ExecutePageHierarchy(WebPageContext pageContext, TextWriter writer, WebPageRenderingBase startPage)
   konum: System.Web.Mvc.Html.PartialExtensions.Partial(HtmlHelper htmlHelper, String partialViewName, Object model, ViewDataDictionary viewData)
   konum: Orchard.DisplayManagement.Descriptors.ShapeTemplateStrategy.ShapeTemplateBindingStrategy.Render(ShapeDescriptor shapeDescriptor, DisplayContext displayContext, HarvestShapeInfo harvestShapeInfo, HarvestShapeHit harvestShapeHit) C:\Projeler10\Orchard-1.10.3\Orchard-1.10.3\src\Orchard\DisplayManagement\Descriptors\ShapeTemplateStrategy\ShapeTemplateBindingStrategy.cs içinde: satýr 151
   konum: Orchard.DisplayManagement.Descriptors.ShapeTemplateStrategy.ShapeTemplateBindingStrategy.<>c__DisplayClass20_7.<Discover>b__14(DisplayContext displayContext) C:\Projeler10\Orchard-1.10.3\Orchard-1.10.3\src\Orchard\DisplayManagement\Descriptors\ShapeTemplateStrategy\ShapeTemplateBindingStrategy.cs içinde: satýr 133
   konum: Orchard.DisplayManagement.Descriptors.ShapeAlterationBuilder.<>c__DisplayClass7_1.<BoundAs>b__1(DisplayContext displayContext) C:\Projeler10\Orchard-1.10.3\Orchard-1.10.3\src\Orchard\DisplayManagement\Descriptors\ShapeAlterationBuilder.cs içinde: satýr 56
   konum: Orchard.DisplayManagement.Implementation.DefaultDisplayManager.Process(ShapeBinding shapeBinding, IShape shape, DisplayContext context) C:\Projeler10\Orchard-1.10.3\Orchard-1.10.3\src\Orchard\DisplayManagement\Implementation\DefaultDisplayManager.cs içinde: satýr 204
   konum: Orchard.DisplayManagement.Implementation.DefaultDisplayManager.Execute(DisplayContext context) C:\Projeler10\Orchard-1.10.3\Orchard-1.10.3\src\Orchard\DisplayManagement\Implementation\DefaultDisplayManager.cs içinde: satýr 100
   konum: Orchard.DisplayManagement.Implementation.DisplayHelper.ShapeExecute(Object shape) C:\Projeler10\Orchard-1.10.3\Orchard-1.10.3\src\Orchard\DisplayManagement\Implementation\DisplayHelper.cs içinde: satýr 86
   konum: Orchard.DisplayManagement.Implementation.DisplayHelper.Invoke(String name, INamedEnumerable`1 parameters) C:\Projeler10\Orchard-1.10.3\Orchard-1.10.3\src\Orchard\DisplayManagement\Implementation\DisplayHelper.cs içinde: satýr 44
   konum: Orchard.DisplayManagement.Implementation.DisplayHelper.TryInvoke(InvokeBinder binder, Object[] args, Object& result) C:\Projeler10\Orchard-1.10.3\Orchard-1.10.3\src\Orchard\DisplayManagement\Implementation\DisplayHelper.cs içinde: satýr 29
   konum: CallSite.Target(Closure , CallSite , Object , Object )
   konum: ASP._Page_Core_Contents_Views_Item_Display_cshtml.Execute() C:\Projeler10\Orchard-1.10.3\Orchard-1.10.3\src\Orchard.Web\Core\Contents\Views\Item\Display.cshtml içinde: satýr 6
   konum: System.Web.WebPages.WebPageBase.ExecutePageHierarchy()
   konum: System.Web.Mvc.WebViewPage.ExecutePageHierarchy()
   konum: System.Web.WebPages.WebPageBase.ExecutePageHierarchy(WebPageContext pageContext, TextWriter writer, WebPageRenderingBase startPage)
   konum: Orchard.Mvc.ViewEngines.ThemeAwareness.LayoutAwareViewEngine.<>c__DisplayClass9_0.<FindView>b__0(ViewContext viewContext, TextWriter writer, IViewDataContainer viewDataContainer) C:\Projeler10\Orchard-1.10.3\Orchard-1.10.3\src\Orchard\Mvc\ViewEngines\ThemeAwareness\LayoutAwareViewEngine.cs içinde: satýr 59
   konum: Orchard.Mvc.ViewEngines.ThemeAwareness.LayoutAwareViewEngine.LayoutView.Render(ViewContext viewContext, TextWriter writer) C:\Projeler10\Orchard-1.10.3\Orchard-1.10.3\src\Orchard\Mvc\ViewEngines\ThemeAwareness\LayoutAwareViewEngine.cs içinde: satýr 90
   konum: System.Web.Mvc.ViewResultBase.ExecuteResult(ControllerContext context)
   konum: System.Web.Mvc.ControllerActionInvoker.InvokeActionResultFilterRecursive(IList`1 filters, Int32 filterIndex, ResultExecutingContext preContext, ControllerContext controllerContext, ActionResult actionResult)
   konum: System.Web.Mvc.ControllerActionInvoker.InvokeActionResultFilterRecursive(IList`1 filters, Int32 filterIndex, ResultExecutingContext preContext, ControllerContext controllerContext, ActionResult actionResult)
   konum: System.Web.Mvc.ControllerActionInvoker.InvokeActionResultFilterRecursive(IList`1 filters, Int32 filterIndex, ResultExecutingContext preContext, ControllerContext controllerContext, ActionResult actionResult)
   konum: System.Web.Mvc.ControllerActionInvoker.InvokeActionResultFilterRecursive(IList`1 filters, Int32 filterIndex, ResultExecutingContext preContext, ControllerContext controllerContext, ActionResult actionResult)
   konum: System.Web.Mvc.ControllerActionInvoker.InvokeActionResultFilterRecursive(IList`1 filters, Int32 filterIndex, ResultExecutingContext preContext, ControllerContext controllerContext, ActionResult actionResult)
   konum: System.Web.Mvc.ControllerActionInvoker.InvokeActionResultFilterRecursive(IList`1 filters, Int32 filterIndex, ResultExecutingContext preContext, ControllerContext controllerContext, ActionResult actionResult)
   konum: System.Web.Mvc.ControllerActionInvoker.InvokeActionResultFilterRecursive(IList`1 filters, Int32 filterIndex, ResultExecutingContext preContext, ControllerContext controllerContext, ActionResult actionResult)
   konum: System.Web.Mvc.ControllerActionInvoker.InvokeActionResultFilterRecursive(IList`1 filters, Int32 filterIndex, ResultExecutingContext preContext, ControllerContext controllerContext, ActionResult actionResult)
2019-07-07 04:32:23,285 [71] Orchard.Exceptions.DefaultExceptionPolicy - Default - An unexpected exception was caught [http://localhost:30321/OrchardLocal/work-list]
System.Exception: TargetInvocationException ContentZone ---> System.Exception: TargetInvocationException List ---> System.Exception: TargetInvocationException ContentZone ---> System.Web.HttpParseException: An opening "(" is missing the corresponding closing ")".

   konum: System.Web.WebPages.Razor.RazorBuildProvider.EnsureGeneratedCode()
   konum: System.Web.WebPages.Razor.RazorBuildProvider.get_CodeCompilerType()
   konum: System.Web.Compilation.BuildProvider.GetCompilerTypeFromBuildProvider(BuildProvider buildProvider)
   konum: System.Web.Compilation.BuildProvidersCompiler.ProcessBuildProviders()
   konum: System.Web.Compilation.BuildProvidersCompiler.PerformBuild()
   konum: System.Web.Compilation.BuildManager.CompileWebFile(VirtualPath virtualPath)
   konum: System.Web.Compilation.BuildManager.GetVPathBuildResultInternal(VirtualPath virtualPath, Boolean noBuild, Boolean allowCrossApp, Boolean allowBuildInPrecompile, Boolean throwIfNotFound, Boolean ensureIsUpToDate)
   konum: System.Web.Compilation.BuildManager.GetVPathBuildResultWithNoAssert(HttpContext context, VirtualPath virtualPath, Boolean noBuild, Boolean allowCrossApp, Boolean allowBuildInPrecompile, Boolean throwIfNotFound, Boolean ensureIsUpToDate)
   konum: System.Web.Compilation.BuildManager.GetVirtualPathObjectFactory(VirtualPath virtualPath, HttpContext context, Boolean allowCrossApp, Boolean throwIfNotFound)
   konum: System.Web.Compilation.BuildManager.GetCompiledType(VirtualPath virtualPath)
   konum: System.Web.Mvc.BuildManagerCompiledView.Render(ViewContext viewContext, TextWriter writer)
   konum: System.Web.Mvc.Html.PartialExtensions.Partial(HtmlHelper htmlHelper, String partialViewName, Object model, ViewDataDictionary viewData)
   konum: Orchard.DisplayManagement.Descriptors.ShapeTemplateStrategy.ShapeTemplateBindingStrategy.Render(ShapeDescriptor shapeDescriptor, DisplayContext displayContext, HarvestShapeInfo harvestShapeInfo, HarvestShapeHit harvestShapeHit) C:\Projeler10\Orchard-1.10.3\Orchard-1.10.3\src\Orchard\DisplayManagement\Descriptors\ShapeTemplateStrategy\ShapeTemplateBindingStrategy.cs içinde: satýr 151
   konum: Orchard.DisplayManagement.Descriptors.ShapeTemplateStrategy.ShapeTemplateBindingStrategy.<>c__DisplayClass20_7.<Discover>b__14(DisplayContext displayContext) C:\Projeler10\Orchard-1.10.3\Orchard-1.10.3\src\Orchard\DisplayManagement\Descriptors\ShapeTemplateStrategy\ShapeTemplateBindingStrategy.cs içinde: satýr 133
   konum: Orchard.DisplayManagement.Descriptors.ShapeAlterationBuilder.<>c__DisplayClass7_1.<BoundAs>b__1(DisplayContext displayContext) C:\Projeler10\Orchard-1.10.3\Orchard-1.10.3\src\Orchard\DisplayManagement\Descriptors\ShapeAlterationBuilder.cs içinde: satýr 56
   konum: Orchard.DisplayManagement.Implementation.DefaultDisplayManager.Process(ShapeBinding shapeBinding, IShape shape, DisplayContext context) C:\Projeler10\Orchard-1.10.3\Orchard-1.10.3\src\Orchard\DisplayManagement\Implementation\DefaultDisplayManager.cs içinde: satýr 204
   konum: Orchard.DisplayManagement.Implementation.DefaultDisplayManager.Execute(DisplayContext context) C:\Projeler10\Orchard-1.10.3\Orchard-1.10.3\src\Orchard\DisplayManagement\Implementation\DefaultDisplayManager.cs içinde: satýr 100
   konum: Orchard.DisplayManagement.Implementation.DisplayHelper.ShapeExecute(Object shape) C:\Projeler10\Orchard-1.10.3\Orchard-1.10.3\src\Orchard\DisplayManagement\Implementation\DisplayHelper.cs içinde: satýr 86
   konum: Orchard.DisplayManagement.Implementation.DisplayHelper.Invoke(String name, INamedEnumerable`1 parameters) C:\Projeler10\Orchard-1.10.3\Orchard-1.10.3\src\Orchard\DisplayManagement\Implementation\DisplayHelper.cs içinde: satýr 44
   konum: Orchard.DisplayManagement.Implementation.DisplayHelper.TryInvoke(InvokeBinder binder, Object[] args, Object& result) C:\Projeler10\Orchard-1.10.3\Orchard-1.10.3\src\Orchard\DisplayManagement\Implementation\DisplayHelper.cs içinde: satýr 29
   konum: CallSite.Target(Closure , CallSite , Object , Object )
   konum: Orchard.Core.Shapes.CoreShapes.ContentZone(Object Display, Object Shape, TextWriter Output) C:\Projeler10\Orchard-1.10.3\Orchard-1.10.3\src\Orchard.Web\Core\Shapes\CoreShapes.cs içinde: satýr 303
   --- Ýç özel durum yýðýný izlemesinin sonu ---
   konum: Orchard.DisplayManagement.Descriptors.ShapeAttributeStrategy.ShapeAttributeBindingStrategy.PerformInvoke(DisplayContext displayContext, MethodInfo methodInfo, Object serviceInstance) C:\Projeler10\Orchard-1.10.3\Orchard-1.10.3\src\Orchard\DisplayManagement\Descriptors\ShapeAttributeStrategy\ShapeAttributeBindingStrategy.cs içinde: satýr 73
   konum: Orchard.DisplayManagement.Descriptors.ShapeAttributeStrategy.ShapeAttributeBindingStrategy.<>c__DisplayClass5_0.<CreateDelegate>b__0(DisplayContext context) C:\Projeler10\Orchard-1.10.3\Orchard-1.10.3\src\Orchard\DisplayManagement\Descriptors\ShapeAttributeStrategy\ShapeAttributeBindingStrategy.cs içinde: satýr 55
   konum: Orchard.DisplayManagement.Descriptors.ShapeAlterationBuilder.<>c__DisplayClass7_1.<BoundAs>b__1(DisplayContext displayContext) C:\Projeler10\Orchard-1.10.3\Orchard-1.10.3\src\Orchard\DisplayManagement\Descriptors\ShapeAlterationBuilder.cs içinde: satýr 56
   konum: Orchard.DisplayManagement.Implementation.DefaultDisplayManager.Process(ShapeBinding shapeBinding, IShape shape, DisplayContext context) C:\Projeler10\Orchard-1.10.3\Orchard-1.10.3\src\Orchard\DisplayManagement\Implementation\DefaultDisplayManager.cs içinde: satýr 204
   konum: Orchard.DisplayManagement.Implementation.DefaultDisplayManager.Execute(DisplayContext context) C:\Projeler10\Orchard-1.10.3\Orchard-1.10.3\src\Orchard\DisplayManagement\Implementation\DefaultDisplayManager.cs içinde: satýr 100
   konum: Orchard.DisplayManagement.Implementation.DisplayHelper.ShapeExecute(Object shape) C:\Projeler10\Orchard-1.10.3\Orchard-1.10.3\src\Orchard\DisplayManagement\Implementation\DisplayHelper.cs içinde: satýr 86
   konum: Orchard.DisplayManagement.Implementation.DisplayHelper.Invoke(String name, INamedEnumerable`1 parameters) C:\Projeler10\Orchard-1.10.3\Orchard-1.10.3\src\Orchard\DisplayManagement\Implementation\DisplayHelper.cs içinde: satýr 44
   konum: Orchard.DisplayManagement.Implementation.DisplayHelper.TryInvoke(InvokeBinder binder, Object[] args, Object& result) C:\Projeler10\Orchard-1.10.3\Orchard-1.10.3\src\Orchard\DisplayManagement\Implementation\DisplayHelper.cs içinde: satýr 29
   konum: CallSite.Target(Closure , CallSite , Object , Object )
   konum: ASP._Page_Core_Contents_Views_Content_Summary_cshtml.Execute() C:\Projeler10\Orchard-1.10.3\Orchard-1.10.3\src\Orchard.Web\Core\Contents\Views\Content.Summary.cshtml içinde: satýr 18
   konum: System.Web.WebPages.WebPageBase.ExecutePageHierarchy()
   konum: System.Web.Mvc.WebViewPage.ExecutePageHierarchy()
   konum: System.Web.WebPages.WebPageBase.ExecutePageHierarchy(WebPageContext pageContext, TextWriter writer, WebPageRenderingBase startPage)
   konum: System.Web.Mvc.Html.PartialExtensions.Partial(HtmlHelper htmlHelper, String partialViewName, Object model, ViewDataDictionary viewData)
   konum: Orchard.DisplayManagement.Descriptors.ShapeTemplateStrategy.ShapeTemplateBindingStrategy.Render(ShapeDescriptor shapeDescriptor, DisplayContext displayContext, HarvestShapeInfo harvestShapeInfo, HarvestShapeHit harvestShapeHit) C:\Projeler10\Orchard-1.10.3\Orchard-1.10.3\src\Orchard\DisplayManagement\Descriptors\ShapeTemplateStrategy\ShapeTemplateBindingStrategy.cs içinde: satýr 151
   konum: Orchard.DisplayManagement.Descriptors.ShapeTemplateStrategy.ShapeTemplateBindingStrategy.<>c__DisplayClass20_7.<Discover>b__14(DisplayContext displayContext) C:\Projeler10\Orchard-1.10.3\Orchard-1.10.3\src\Orchard\DisplayManagement\Descriptors\ShapeTemplateStrategy\ShapeTemplateBindingStrategy.cs içinde: satýr 133
   konum: Orchard.DisplayManagement.Descriptors.ShapeAlterationBuilder.<>c__DisplayClass7_1.<BoundAs>b__1(DisplayContext displayContext) C:\Projeler10\Orchard-1.10.3\Orchard-1.10.3\src\Orchard\DisplayManagement\Descriptors\ShapeAlterationBuilder.cs içinde: satýr 56
   konum: Orchard.DisplayManagement.Implementation.DefaultDisplayManager.Process(ShapeBinding shapeBinding, IShape shape, DisplayContext context) C:\Projeler10\Orchard-1.10.3\Orchard-1.10.3\src\Orchard\DisplayManagement\Implementation\DefaultDisplayManager.cs içinde: satýr 204
   konum: Orchard.DisplayManagement.Implementation.DefaultDisplayManager.Execute(DisplayContext context) C:\Projeler10\Orchard-1.10.3\Orchard-1.10.3\src\Orchard\DisplayManagement\Implementation\DefaultDisplayManager.cs içinde: satýr 100
   konum: Orchard.DisplayManagement.Implementation.DisplayHelper.ShapeExecute(Object shape) C:\Projeler10\Orchard-1.10.3\Orchard-1.10.3\src\Orchard\DisplayManagement\Implementation\DisplayHelper.cs içinde: satýr 86
   konum: Orchard.DisplayManagement.Implementation.DisplayHelper.Invoke(String name, INamedEnumerable`1 parameters) C:\Projeler10\Orchard-1.10.3\Orchard-1.10.3\src\Orchard\DisplayManagement\Implementation\DisplayHelper.cs içinde: satýr 44
   konum: Orchard.DisplayManagement.Implementation.DisplayHelper.TryInvoke(InvokeBinder binder, Object[] args, Object& result) C:\Projeler10\Orchard-1.10.3\Orchard-1.10.3\src\Orchard\DisplayManagement\Implementation\DisplayHelper.cs içinde: satýr 29
   konum: CallSite.Target(Closure , CallSite , Object , Object )
   konum: Orchard.Core.Shapes.CoreShapes.List(Object Display, TextWriter Output, IEnumerable`1 Items, String Tag, String Id, IEnumerable`1 Classes, IDictionary`2 Attributes, String ItemTag, IEnumerable`1 ItemClasses, IDictionary`2 ItemAttributes) C:\Projeler10\Orchard-1.10.3\Orchard-1.10.3\src\Orchard.Web\Core\Shapes\CoreShapes.cs içinde: satýr 748
   --- Ýç özel durum yýðýný izlemesinin sonu ---
   konum: Orchard.DisplayManagement.Descriptors.ShapeAttributeStrategy.ShapeAttributeBindingStrategy.PerformInvoke(DisplayContext displayContext, MethodInfo methodInfo, Object serviceInstance) C:\Projeler10\Orchard-1.10.3\Orchard-1.10.3\src\Orchard\DisplayManagement\Descriptors\ShapeAttributeStrategy\ShapeAttributeBindingStrategy.cs içinde: satýr 73
   konum: Orchard.DisplayManagement.Descriptors.ShapeAttributeStrategy.ShapeAttributeBindingStrategy.<>c__DisplayClass5_0.<CreateDelegate>b__0(DisplayContext context) C:\Projeler10\Orchard-1.10.3\Orchard-1.10.3\src\Orchard\DisplayManagement\Descriptors\ShapeAttributeStrategy\ShapeAttributeBindingStrategy.cs içinde: satýr 55
   konum: Orchard.DisplayManagement.Descriptors.ShapeAlterationBuilder.<>c__DisplayClass7_1.<BoundAs>b__1(DisplayContext displayContext) C:\Projeler10\Orchard-1.10.3\Orchard-1.10.3\src\Orchard\DisplayManagement\Descriptors\ShapeAlterationBuilder.cs içinde: satýr 56
   konum: Orchard.DisplayManagement.Implementation.DefaultDisplayManager.Process(ShapeBinding shapeBinding, IShape shape, DisplayContext context) C:\Projeler10\Orchard-1.10.3\Orchard-1.10.3\src\Orchard\DisplayManagement\Implementation\DefaultDisplayManager.cs içinde: satýr 204
   konum: Orchard.DisplayManagement.Implementation.DefaultDisplayManager.Execute(DisplayContext context) C:\Projeler10\Orchard-1.10.3\Orchard-1.10.3\src\Orchard\DisplayManagement\Implementation\DefaultDisplayManager.cs içinde: satýr 100
   konum: Orchard.DisplayManagement.Implementation.DisplayHelper.ShapeExecute(Object shape) C:\Projeler10\Orchard-1.10.3\Orchard-1.10.3\src\Orchard\DisplayManagement\Implementation\DisplayHelper.cs içinde: satýr 86
   konum: Orchard.DisplayManagement.Implementation.DisplayHelper.Invoke(String name, INamedEnumerable`1 parameters) C:\Projeler10\Orchard-1.10.3\Orchard-1.10.3\src\Orchard\DisplayManagement\Implementation\DisplayHelper.cs içinde: satýr 44
   konum: Orchard.DisplayManagement.Implementation.DisplayHelper.TryInvoke(InvokeBinder binder, Object[] args, Object& result) C:\Projeler10\Orchard-1.10.3\Orchard-1.10.3\src\Orchard\DisplayManagement\Implementation\DisplayHelper.cs içinde: satýr 29
   konum: CallSite.Target(Closure , CallSite , Object , Object )
   konum: Orchard.Core.Shapes.CoreShapes.ContentZone(Object Display, Object Shape, TextWriter Output) C:\Projeler10\Orchard-1.10.3\Orchard-1.10.3\src\Orchard.Web\Core\Shapes\CoreShapes.cs içinde: satýr 303
   --- Ýç özel durum yýðýný izlemesinin sonu ---
   konum: Orchard.DisplayManagement.Descriptors.ShapeAttributeStrategy.ShapeAttributeBindingStrategy.PerformInvoke(DisplayContext displayContext, MethodInfo methodInfo, Object serviceInstance) C:\Projeler10\Orchard-1.10.3\Orchard-1.10.3\src\Orchard\DisplayManagement\Descriptors\ShapeAttributeStrategy\ShapeAttributeBindingStrategy.cs içinde: satýr 73
   konum: Orchard.DisplayManagement.Descriptors.ShapeAttributeStrategy.ShapeAttributeBindingStrategy.<>c__DisplayClass5_0.<CreateDelegate>b__0(DisplayContext context) C:\Projeler10\Orchard-1.10.3\Orchard-1.10.3\src\Orchard\DisplayManagement\Descriptors\ShapeAttributeStrategy\ShapeAttributeBindingStrategy.cs içinde: satýr 55
   konum: Orchard.DisplayManagement.Descriptors.ShapeAlterationBuilder.<>c__DisplayClass7_1.<BoundAs>b__1(DisplayContext displayContext) C:\Projeler10\Orchard-1.10.3\Orchard-1.10.3\src\Orchard\DisplayManagement\Descriptors\ShapeAlterationBuilder.cs içinde: satýr 56
   konum: Orchard.DisplayManagement.Implementation.DefaultDisplayManager.Process(ShapeBinding shapeBinding, IShape shape, DisplayContext context) C:\Projeler10\Orchard-1.10.3\Orchard-1.10.3\src\Orchard\DisplayManagement\Implementation\DefaultDisplayManager.cs içinde: satýr 204
   konum: Orchard.DisplayManagement.Implementation.DefaultDisplayManager.Execute(DisplayContext context) C:\Projeler10\Orchard-1.10.3\Orchard-1.10.3\src\Orchard\DisplayManagement\Implementation\DefaultDisplayManager.cs içinde: satýr 100
   konum: Orchard.DisplayManagement.Implementation.DisplayHelper.ShapeExecute(Object shape) C:\Projeler10\Orchard-1.10.3\Orchard-1.10.3\src\Orchard\DisplayManagement\Implementation\DisplayHelper.cs içinde: satýr 86
   konum: Orchard.DisplayManagement.Implementation.DisplayHelper.Invoke(String name, INamedEnumerable`1 parameters) C:\Projeler10\Orchard-1.10.3\Orchard-1.10.3\src\Orchard\DisplayManagement\Implementation\DisplayHelper.cs içinde: satýr 44
   konum: Orchard.DisplayManagement.Implementation.DisplayHelper.TryInvoke(InvokeBinder binder, Object[] args, Object& result) C:\Projeler10\Orchard-1.10.3\Orchard-1.10.3\src\Orchard\DisplayManagement\Implementation\DisplayHelper.cs içinde: satýr 29
   konum: CallSite.Target(Closure , CallSite , Object , Object )
   konum: ASP._Page_Core_Contents_Views_Content_cshtml.Execute() C:\Projeler10\Orchard-1.10.3\Orchard-1.10.3\src\Orchard.Web\Core\Contents\Views\Content.cshtml içinde: satýr 23
   konum: System.Web.WebPages.WebPageBase.ExecutePageHierarchy()
   konum: System.Web.Mvc.WebViewPage.ExecutePageHierarchy()
   konum: System.Web.WebPages.WebPageBase.ExecutePageHierarchy(WebPageContext pageContext, TextWriter writer, WebPageRenderingBase startPage)
   konum: System.Web.Mvc.Html.PartialExtensions.Partial(HtmlHelper htmlHelper, String partialViewName, Object model, ViewDataDictionary viewData)
   konum: Orchard.DisplayManagement.Descriptors.ShapeTemplateStrategy.ShapeTemplateBindingStrategy.Render(ShapeDescriptor shapeDescriptor, DisplayContext displayContext, HarvestShapeInfo harvestShapeInfo, HarvestShapeHit harvestShapeHit) C:\Projeler10\Orchard-1.10.3\Orchard-1.10.3\src\Orchard\DisplayManagement\Descriptors\ShapeTemplateStrategy\ShapeTemplateBindingStrategy.cs içinde: satýr 151
   konum: Orchard.DisplayManagement.Descriptors.ShapeTemplateStrategy.ShapeTemplateBindingStrategy.<>c__DisplayClass20_7.<Discover>b__14(DisplayContext displayContext) C:\Projeler10\Orchard-1.10.3\Orchard-1.10.3\src\Orchard\DisplayManagement\Descriptors\ShapeTemplateStrategy\ShapeTemplateBindingStrategy.cs içinde: satýr 133
   konum: Orchard.DisplayManagement.Descriptors.ShapeAlterationBuilder.<>c__DisplayClass7_1.<BoundAs>b__1(DisplayContext displayContext) C:\Projeler10\Orchard-1.10.3\Orchard-1.10.3\src\Orchard\DisplayManagement\Descriptors\ShapeAlterationBuilder.cs içinde: satýr 56
   konum: Orchard.DisplayManagement.Implementation.DefaultDisplayManager.Process(ShapeBinding shapeBinding, IShape shape, DisplayContext context) C:\Projeler10\Orchard-1.10.3\Orchard-1.10.3\src\Orchard\DisplayManagement\Implementation\DefaultDisplayManager.cs içinde: satýr 204
   konum: Orchard.DisplayManagement.Implementation.DefaultDisplayManager.Execute(DisplayContext context) C:\Projeler10\Orchard-1.10.3\Orchard-1.10.3\src\Orchard\DisplayManagement\Implementation\DefaultDisplayManager.cs içinde: satýr 100
   konum: Orchard.DisplayManagement.Implementation.DisplayHelper.ShapeExecute(Object shape) C:\Projeler10\Orchard-1.10.3\Orchard-1.10.3\src\Orchard\DisplayManagement\Implementation\DisplayHelper.cs içinde: satýr 86
   konum: Orchard.DisplayManagement.Implementation.DisplayHelper.Invoke(String name, INamedEnumerable`1 parameters) C:\Projeler10\Orchard-1.10.3\Orchard-1.10.3\src\Orchard\DisplayManagement\Implementation\DisplayHelper.cs içinde: satýr 44
   konum: Orchard.DisplayManagement.Implementation.DisplayHelper.TryInvoke(InvokeBinder binder, Object[] args, Object& result) C:\Projeler10\Orchard-1.10.3\Orchard-1.10.3\src\Orchard\DisplayManagement\Implementation\DisplayHelper.cs içinde: satýr 29
   konum: CallSite.Target(Closure , CallSite , Object , Object )
   konum: ASP._Page_Core_Contents_Views_Item_Display_cshtml.Execute() C:\Projeler10\Orchard-1.10.3\Orchard-1.10.3\src\Orchard.Web\Core\Contents\Views\Item\Display.cshtml içinde: satýr 6
   konum: System.Web.WebPages.WebPageBase.ExecutePageHierarchy()
   konum: System.Web.Mvc.WebViewPage.ExecutePageHierarchy()
   konum: System.Web.WebPages.WebPageBase.ExecutePageHierarchy(WebPageContext pageContext, TextWriter writer, WebPageRenderingBase startPage)
   konum: Orchard.Mvc.ViewEngines.ThemeAwareness.LayoutAwareViewEngine.<>c__DisplayClass9_0.<FindView>b__0(ViewContext viewContext, TextWriter writer, IViewDataContainer viewDataContainer) C:\Projeler10\Orchard-1.10.3\Orchard-1.10.3\src\Orchard\Mvc\ViewEngines\ThemeAwareness\LayoutAwareViewEngine.cs içinde: satýr 59
   konum: Orchard.Mvc.ViewEngines.ThemeAwareness.LayoutAwareViewEngine.LayoutView.Render(ViewContext viewContext, TextWriter writer) C:\Projeler10\Orchard-1.10.3\Orchard-1.10.3\src\Orchard\Mvc\ViewEngines\ThemeAwareness\LayoutAwareViewEngine.cs içinde: satýr 90
   konum: System.Web.Mvc.ViewResultBase.ExecuteResult(ControllerContext context)
   konum: System.Web.Mvc.ControllerActionInvoker.InvokeActionResultFilterRecursive(IList`1 filters, Int32 filterIndex, ResultExecutingContext preContext, ControllerContext controllerContext, ActionResult actionResult)
   konum: System.Web.Mvc.ControllerActionInvoker.InvokeActionResultFilterRecursive(IList`1 filters, Int32 filterIndex, ResultExecutingContext preContext, ControllerContext controllerContext, ActionResult actionResult)
   konum: System.Web.Mvc.ControllerActionInvoker.InvokeActionResultFilterRecursive(IList`1 filters, Int32 filterIndex, ResultExecutingContext preContext, ControllerContext controllerContext, ActionResult actionResult)
   konum: System.Web.Mvc.ControllerActionInvoker.InvokeActionResultFilterRecursive(IList`1 filters, Int32 filterIndex, ResultExecutingContext preContext, ControllerContext controllerContext, ActionResult actionResult)
   konum: System.Web.Mvc.ControllerActionInvoker.InvokeActionResultFilterRecursive(IList`1 filters, Int32 filterIndex, ResultExecutingContext preContext, ControllerContext controllerContext, ActionResult actionResult)
   konum: System.Web.Mvc.ControllerActionInvoker.InvokeActionResultFilterRecursive(IList`1 filters, Int32 filterIndex, ResultExecutingContext preContext, ControllerContext controllerContext, ActionResult actionResult)
   konum: System.Web.Mvc.ControllerActionInvoker.InvokeActionResultFilterRecursive(IList`1 filters, Int32 filterIndex, ResultExecutingContext preContext, ControllerContext controllerContext, ActionResult actionResult)
   konum: System.Web.Mvc.ControllerActionInvoker.InvokeActionResultFilterRecursive(IList`1 filters, Int32 filterIndex, ResultExecutingContext preContext, ControllerContext controllerContext, ActionResult actionResult)
