2019-07-02 22:19:25,867 Orchard.Recipes.Services.RecipeManager - Default - INFO Executing recipe 'Default'. [ExecutionId=ee90f451af5e4be7bec2b0790317d951]
2019-07-02 22:19:25,871 Orchard.Recipes.Services.RecipeStepQueue - Default - INFO Enqueuing recipe step 'Feature'. [ExecutionId=ee90f451af5e4be7bec2b0790317d951]
2019-07-02 22:19:25,887 Orchard.Recipes.Services.RecipeStepQueue - Default - INFO Enqueuing recipe step 'ContentDefinition'. [ExecutionId=ee90f451af5e4be7bec2b0790317d951]
2019-07-02 22:19:25,899 Orchard.Recipes.Services.RecipeStepQueue - Default - INFO Enqueuing recipe step 'Settings'. [ExecutionId=ee90f451af5e4be7bec2b0790317d951]
2019-07-02 22:19:25,911 Orchard.Recipes.Services.RecipeStepQueue - Default - INFO Enqueuing recipe step 'Migration'. [ExecutionId=ee90f451af5e4be7bec2b0790317d951]
2019-07-02 22:19:25,923 Orchard.Recipes.Services.RecipeStepQueue - Default - INFO Enqueuing recipe step 'Command'. [ExecutionId=ee90f451af5e4be7bec2b0790317d951]
2019-07-02 22:19:25,939 Orchard.Recipes.Services.RecipeStepQueue - Default - INFO Enqueuing recipe step 'ActivateShell'. [ExecutionId=(null)]
2019-07-02 22:19:26,047 Orchard.Recipes.Services.RecipeStepQueue - Default - INFO Dequeuing recipe steps. [ExecutionId=ee90f451af5e4be7bec2b0790317d951]
2019-07-02 22:19:26,051 Orchard.Recipes.Services.RecipeStepQueue - Default - INFO Dequeuing recipe step 'Feature'. [ExecutionId=ee90f451af5e4be7bec2b0790317d951]
2019-07-02 22:19:26,055 Orchard.Recipes.Services.RecipeStepExecutor - Default - INFO Executing recipe step 'Feature'. [ExecutionId=ee90f451af5e4be7bec2b0790317d951]
2019-07-02 22:19:26,059 Orchard.Recipes.Providers.RecipeHandlers.RecipeExecutionStepHandler - Default - INFO Executing recipe step 'Feature'. [ExecutionId=ee90f451af5e4be7bec2b0790317d951]
2019-07-02 22:19:26,063 Orchard.Recipes.Services.RecipeExecutionLogger - Default - INFO FeatureStep: Enabling features: Orchard.Blogs;Orchard.Comments;Orchard.Tags;Orchard.Alias;Orchard.Autoroute;TinyMce;Orchard.MediaLibrary;Orchard.ContentPicker;Orchard.PublishLater;Orchard.Resources;Orchard.Widgets;Orchard.ContentTypes;Orchard.Scripting;Orchard.Scripting.Lightweight;PackagingServices;Orchard.Packaging;Orchard.Projections;Orchard.Fields;Orchard.OutputCache;Orchard.Taxonomies;Orchard.Workflows;Orchard.Layouts;Orchard.Layouts.Tokens;TheThemeMachine [ExecutionId=ee90f451af5e4be7bec2b0790317d951]
2019-07-02 22:19:26,211 Orchard.Recipes.Providers.RecipeHandlers.RecipeExecutionStepHandler - Default - INFO Finished executing recipe step 'Feature'. [ExecutionId=ee90f451af5e4be7bec2b0790317d951]
2019-07-02 22:19:26,235 Orchard.Recipes.Services.RecipeScheduler - Default - INFO Scheduling next step of recipe. [ExecutionId=ee90f451af5e4be7bec2b0790317d951]
2019-07-02 22:19:29,195 Orchard.Recipes.Services.RecipeStepQueue - Default - INFO Dequeuing recipe steps. [ExecutionId=ee90f451af5e4be7bec2b0790317d951]
2019-07-02 22:19:29,195 Orchard.Recipes.Services.RecipeStepQueue - Default - INFO Dequeuing recipe step 'ContentDefinition'. [ExecutionId=ee90f451af5e4be7bec2b0790317d951]
2019-07-02 22:19:29,199 Orchard.Recipes.Services.RecipeStepExecutor - Default - INFO Executing recipe step 'ContentDefinition'. [ExecutionId=ee90f451af5e4be7bec2b0790317d951]
2019-07-02 22:19:29,203 Orchard.Recipes.Providers.RecipeHandlers.RecipeExecutionStepHandler - Default - INFO Executing recipe step 'ContentDefinition'. [ExecutionId=ee90f451af5e4be7bec2b0790317d951]
2019-07-02 22:19:29,207 Orchard.Recipes.Services.RecipeExecutionLogger - Default - INFO ContentDefinitionStep: Importing content type 'Page'. [ExecutionId=ee90f451af5e4be7bec2b0790317d951]
2019-07-02 22:19:29,359 Orchard.Recipes.Services.RecipeExecutionLogger - Default - INFO ContentDefinitionStep: Importing content type 'BlogPost'. [ExecutionId=ee90f451af5e4be7bec2b0790317d951]
2019-07-02 22:19:29,379 Orchard.Recipes.Services.RecipeExecutionLogger - Default - INFO ContentDefinitionStep: Importing content part 'BodyPart'. [ExecutionId=ee90f451af5e4be7bec2b0790317d951]
2019-07-02 22:19:29,391 Orchard.Recipes.Providers.RecipeHandlers.RecipeExecutionStepHandler - Default - INFO Finished executing recipe step 'ContentDefinition'. [ExecutionId=ee90f451af5e4be7bec2b0790317d951]
2019-07-02 22:19:29,399 Orchard.Recipes.Services.RecipeScheduler - Default - INFO Scheduling next step of recipe. [ExecutionId=ee90f451af5e4be7bec2b0790317d951]
2019-07-02 22:19:29,527 Orchard.Recipes.Services.RecipeStepQueue - Default - INFO Dequeuing recipe steps. [ExecutionId=ee90f451af5e4be7bec2b0790317d951]
2019-07-02 22:19:29,531 Orchard.Recipes.Services.RecipeStepQueue - Default - INFO Dequeuing recipe step 'Settings'. [ExecutionId=ee90f451af5e4be7bec2b0790317d951]
2019-07-02 22:19:29,531 Orchard.Recipes.Services.RecipeStepExecutor - Default - INFO Executing recipe step 'Settings'. [ExecutionId=ee90f451af5e4be7bec2b0790317d951]
2019-07-02 22:19:29,535 Orchard.Recipes.Providers.RecipeHandlers.RecipeExecutionStepHandler - Default - INFO Executing recipe step 'Settings'. [ExecutionId=ee90f451af5e4be7bec2b0790317d951]
2019-07-02 22:19:29,682 Orchard.Recipes.Providers.RecipeHandlers.RecipeExecutionStepHandler - Default - INFO Finished executing recipe step 'Settings'. [ExecutionId=ee90f451af5e4be7bec2b0790317d951]
2019-07-02 22:19:29,690 Orchard.Recipes.Services.RecipeScheduler - Default - INFO Scheduling next step of recipe. [ExecutionId=ee90f451af5e4be7bec2b0790317d951]
2019-07-02 22:19:29,830 Orchard.Recipes.Services.RecipeStepQueue - Default - INFO Dequeuing recipe steps. [ExecutionId=ee90f451af5e4be7bec2b0790317d951]
2019-07-02 22:19:29,830 Orchard.Recipes.Services.RecipeStepQueue - Default - INFO Dequeuing recipe step 'Migration'. [ExecutionId=ee90f451af5e4be7bec2b0790317d951]
2019-07-02 22:19:29,834 Orchard.Recipes.Services.RecipeStepExecutor - Default - INFO Executing recipe step 'Migration'. [ExecutionId=ee90f451af5e4be7bec2b0790317d951]
2019-07-02 22:19:29,838 Orchard.Recipes.Providers.RecipeHandlers.RecipeExecutionStepHandler - Default - INFO Executing recipe step 'Migration'. [ExecutionId=ee90f451af5e4be7bec2b0790317d951]
2019-07-02 22:19:29,938 Orchard.Recipes.Providers.RecipeHandlers.RecipeExecutionStepHandler - Default - INFO Finished executing recipe step 'Migration'. [ExecutionId=ee90f451af5e4be7bec2b0790317d951]
2019-07-02 22:19:29,942 Orchard.Recipes.Services.RecipeScheduler - Default - INFO Scheduling next step of recipe. [ExecutionId=ee90f451af5e4be7bec2b0790317d951]
2019-07-02 22:19:30,065 Orchard.Recipes.Services.RecipeStepQueue - Default - INFO Dequeuing recipe steps. [ExecutionId=ee90f451af5e4be7bec2b0790317d951]
2019-07-02 22:19:30,069 Orchard.Recipes.Services.RecipeStepQueue - Default - INFO Dequeuing recipe step 'Command'. [ExecutionId=ee90f451af5e4be7bec2b0790317d951]
2019-07-02 22:19:30,073 Orchard.Recipes.Services.RecipeStepExecutor - Default - INFO Executing recipe step 'Command'. [ExecutionId=ee90f451af5e4be7bec2b0790317d951]
2019-07-02 22:19:30,073 Orchard.Recipes.Providers.RecipeHandlers.RecipeExecutionStepHandler - Default - INFO Executing recipe step 'Command'. [ExecutionId=ee90f451af5e4be7bec2b0790317d951]
2019-07-02 22:19:30,077 Orchard.Recipes.Services.RecipeExecutionLogger - Default - INFO CommandStep: Executing command: layer create Default /LayerRule:"true" /Description:"The widgets in this layer are displayed on all pages" [ExecutionId=ee90f451af5e4be7bec2b0790317d951]
2019-07-02 22:19:30,317 Orchard.Recipes.Services.RecipeExecutionLogger - Default - INFO CommandStep: Executing command: layer create Authenticated /LayerRule:"authenticated" /Description:"The widgets in this layer are displayed when the user is authenticated" [ExecutionId=ee90f451af5e4be7bec2b0790317d951]
2019-07-02 22:19:30,341 Orchard.Recipes.Services.RecipeExecutionLogger - Default - INFO CommandStep: Executing command: layer create Anonymous /LayerRule:"not authenticated" /Description:"The widgets in this layer are displayed when the user is anonymous" [ExecutionId=ee90f451af5e4be7bec2b0790317d951]
2019-07-02 22:19:30,365 Orchard.Recipes.Services.RecipeExecutionLogger - Default - INFO CommandStep: Executing command: layer create Disabled /LayerRule:"false" /Description:"The widgets in this layer are never displayed" [ExecutionId=ee90f451af5e4be7bec2b0790317d951]
2019-07-02 22:19:30,385 Orchard.Recipes.Services.RecipeExecutionLogger - Default - INFO CommandStep: Executing command: layer create TheHomepage /LayerRule:"url '~/'" /Description:"The widgets in this layer are displayed on the home page" [ExecutionId=ee90f451af5e4be7bec2b0790317d951]
2019-07-02 22:19:30,407 Orchard.Recipes.Services.RecipeExecutionLogger - Default - INFO CommandStep: Executing command: site setting set baseurl [ExecutionId=ee90f451af5e4be7bec2b0790317d951]
2019-07-02 22:19:30,415 Orchard.Recipes.Services.RecipeExecutionLogger - Default - INFO CommandStep: Executing command: menu create /MenuName:"Main Menu" [ExecutionId=ee90f451af5e4be7bec2b0790317d951]
2019-07-02 22:19:30,435 Orchard.Recipes.Services.RecipeExecutionLogger - Default - INFO CommandStep: Executing command: page create /Slug:"welcome-to-orchard" /Title:"Welcome to Orchard!" /Path:"welcome-to-orchard" /Homepage:true /Publish:true /UseWelcomeText:true [ExecutionId=ee90f451af5e4be7bec2b0790317d951]
2019-07-02 22:19:30,886 Orchard.Recipes.Services.RecipeExecutionLogger - Default - INFO CommandStep: Executing command: menuitem create /MenuPosition:"0" /MenuText:"Home" /Url:"~/" /MenuName:"Main Menu" [ExecutionId=ee90f451af5e4be7bec2b0790317d951]
2019-07-02 22:19:30,926 Orchard.Recipes.Services.RecipeExecutionLogger - Default - INFO CommandStep: Executing command: widget create MenuWidget /Title:"Main Menu" /RenderTitle:false /Zone:"Navigation" /Position:"1" /Layer:"Default" /Identity:"MenuWidget1" /MenuName:"Main Menu" [ExecutionId=ee90f451af5e4be7bec2b0790317d951]
2019-07-02 22:19:30,982 Orchard.Recipes.Services.RecipeExecutionLogger - Default - INFO CommandStep: Executing command: theme activate "The Theme Machine" [ExecutionId=ee90f451af5e4be7bec2b0790317d951]
2019-07-02 22:19:30,986 Orchard.Recipes.Providers.RecipeHandlers.RecipeExecutionStepHandler - Default - INFO Finished executing recipe step 'Command'. [ExecutionId=ee90f451af5e4be7bec2b0790317d951]
2019-07-02 22:19:30,998 Orchard.Recipes.Services.RecipeScheduler - Default - INFO Scheduling next step of recipe. [ExecutionId=ee90f451af5e4be7bec2b0790317d951]
2019-07-02 22:19:31,134 Orchard.Recipes.Services.RecipeStepQueue - Default - INFO Dequeuing recipe steps. [ExecutionId=ee90f451af5e4be7bec2b0790317d951]
2019-07-02 22:19:31,138 Orchard.Recipes.Services.RecipeStepQueue - Default - INFO Dequeuing recipe step 'ActivateShell'. [ExecutionId=ee90f451af5e4be7bec2b0790317d951]
2019-07-02 22:19:31,138 Orchard.Recipes.Services.RecipeStepExecutor - Default - INFO Executing recipe step 'ActivateShell'. [ExecutionId=ee90f451af5e4be7bec2b0790317d951]
2019-07-02 22:19:31,142 Orchard.Recipes.Providers.RecipeHandlers.RecipeExecutionStepHandler - Default - INFO Executing recipe step 'ActivateShell'. [ExecutionId=ee90f451af5e4be7bec2b0790317d951]
2019-07-02 22:19:31,150 Orchard.Recipes.Providers.RecipeHandlers.RecipeExecutionStepHandler - Default - INFO Finished executing recipe step 'ActivateShell'. [ExecutionId=ee90f451af5e4be7bec2b0790317d951]
2019-07-02 22:19:31,246 Orchard.Recipes.Services.RecipeScheduler - Default - INFO Scheduling next step of recipe. [ExecutionId=ee90f451af5e4be7bec2b0790317d951]
2019-07-02 22:19:31,358 Orchard.Recipes.Services.RecipeStepQueue - Default - INFO Dequeuing recipe steps. [ExecutionId=ee90f451af5e4be7bec2b0790317d951]
2019-07-02 22:19:31,358 Orchard.Recipes.Services.RecipeStepExecutor - Default - INFO No more recipe steps left to execute. [ExecutionId=ee90f451af5e4be7bec2b0790317d951]
2019-07-02 22:19:31,362 Orchard.Recipes.Services.RecipeScheduler - Default - INFO All recipe steps executed; restarting shell. [ExecutionId=ee90f451af5e4be7bec2b0790317d951]
