2019-06-30 21:41:33,671 Orchard.Recipes.Services.RecipeManager - Default - INFO Executing recipe 'Default'. [ExecutionId=9761c15084ba45c8af2955b4fdb4f949]
2019-06-30 21:41:33,700 Orchard.Recipes.Services.RecipeStepQueue - Default - INFO Enqueuing recipe step 'Feature'. [ExecutionId=9761c15084ba45c8af2955b4fdb4f949]
2019-06-30 21:41:33,713 Orchard.Recipes.Services.RecipeStepQueue - Default - INFO Enqueuing recipe step 'ContentDefinition'. [ExecutionId=9761c15084ba45c8af2955b4fdb4f949]
2019-06-30 21:41:33,724 Orchard.Recipes.Services.RecipeStepQueue - Default - INFO Enqueuing recipe step 'Settings'. [ExecutionId=9761c15084ba45c8af2955b4fdb4f949]
2019-06-30 21:41:33,734 Orchard.Recipes.Services.RecipeStepQueue - Default - INFO Enqueuing recipe step 'Migration'. [ExecutionId=9761c15084ba45c8af2955b4fdb4f949]
2019-06-30 21:41:33,745 Orchard.Recipes.Services.RecipeStepQueue - Default - INFO Enqueuing recipe step 'Command'. [ExecutionId=9761c15084ba45c8af2955b4fdb4f949]
2019-06-30 21:41:33,761 Orchard.Recipes.Services.RecipeStepQueue - Default - INFO Enqueuing recipe step 'ActivateShell'. [ExecutionId=(null)]
2019-06-30 21:41:33,883 Orchard.Recipes.Services.RecipeStepQueue - Default - INFO Dequeuing recipe steps. [ExecutionId=9761c15084ba45c8af2955b4fdb4f949]
2019-06-30 21:41:33,886 Orchard.Recipes.Services.RecipeStepQueue - Default - INFO Dequeuing recipe step 'Feature'. [ExecutionId=9761c15084ba45c8af2955b4fdb4f949]
2019-06-30 21:41:33,889 Orchard.Recipes.Services.RecipeStepExecutor - Default - INFO Executing recipe step 'Feature'. [ExecutionId=9761c15084ba45c8af2955b4fdb4f949]
2019-06-30 21:41:33,895 Orchard.Recipes.Providers.RecipeHandlers.RecipeExecutionStepHandler - Default - INFO Executing recipe step 'Feature'. [ExecutionId=9761c15084ba45c8af2955b4fdb4f949]
2019-06-30 21:41:33,901 Orchard.Recipes.Services.RecipeExecutionLogger - Default - INFO FeatureStep: Enabling features: Orchard.Blogs;Orchard.Comments;Orchard.Tags;Orchard.Alias;Orchard.Autoroute;TinyMce;Orchard.MediaLibrary;Orchard.ContentPicker;Orchard.PublishLater;Orchard.Resources;Orchard.Widgets;Orchard.ContentTypes;Orchard.Scripting;Orchard.Scripting.Lightweight;PackagingServices;Orchard.Packaging;Orchard.Projections;Orchard.Fields;Orchard.OutputCache;Orchard.Taxonomies;Orchard.Workflows;Orchard.Layouts;Orchard.Layouts.Tokens;TheThemeMachine [ExecutionId=9761c15084ba45c8af2955b4fdb4f949]
2019-06-30 21:41:34,011 Orchard.Recipes.Providers.RecipeHandlers.RecipeExecutionStepHandler - Default - INFO Finished executing recipe step 'Feature'. [ExecutionId=9761c15084ba45c8af2955b4fdb4f949]
2019-06-30 21:41:34,046 Orchard.Recipes.Services.RecipeScheduler - Default - INFO Scheduling next step of recipe. [ExecutionId=9761c15084ba45c8af2955b4fdb4f949]
2019-06-30 21:41:36,131 Orchard.Recipes.Services.RecipeStepQueue - Default - INFO Dequeuing recipe steps. [ExecutionId=9761c15084ba45c8af2955b4fdb4f949]
2019-06-30 21:41:36,134 Orchard.Recipes.Services.RecipeStepQueue - Default - INFO Dequeuing recipe step 'ContentDefinition'. [ExecutionId=9761c15084ba45c8af2955b4fdb4f949]
2019-06-30 21:41:36,136 Orchard.Recipes.Services.RecipeStepExecutor - Default - INFO Executing recipe step 'ContentDefinition'. [ExecutionId=9761c15084ba45c8af2955b4fdb4f949]
2019-06-30 21:41:36,139 Orchard.Recipes.Providers.RecipeHandlers.RecipeExecutionStepHandler - Default - INFO Executing recipe step 'ContentDefinition'. [ExecutionId=9761c15084ba45c8af2955b4fdb4f949]
2019-06-30 21:41:36,143 Orchard.Recipes.Services.RecipeExecutionLogger - Default - INFO ContentDefinitionStep: Importing content type 'Page'. [ExecutionId=9761c15084ba45c8af2955b4fdb4f949]
2019-06-30 21:41:36,240 Orchard.Recipes.Services.RecipeExecutionLogger - Default - INFO ContentDefinitionStep: Importing content type 'BlogPost'. [ExecutionId=9761c15084ba45c8af2955b4fdb4f949]
2019-06-30 21:41:36,260 Orchard.Recipes.Services.RecipeExecutionLogger - Default - INFO ContentDefinitionStep: Importing content part 'BodyPart'. [ExecutionId=9761c15084ba45c8af2955b4fdb4f949]
2019-06-30 21:41:36,270 Orchard.Recipes.Providers.RecipeHandlers.RecipeExecutionStepHandler - Default - INFO Finished executing recipe step 'ContentDefinition'. [ExecutionId=9761c15084ba45c8af2955b4fdb4f949]
2019-06-30 21:41:36,282 Orchard.Recipes.Services.RecipeScheduler - Default - INFO Scheduling next step of recipe. [ExecutionId=9761c15084ba45c8af2955b4fdb4f949]
2019-06-30 21:41:36,379 Orchard.Recipes.Services.RecipeStepQueue - Default - INFO Dequeuing recipe steps. [ExecutionId=9761c15084ba45c8af2955b4fdb4f949]
2019-06-30 21:41:36,382 Orchard.Recipes.Services.RecipeStepQueue - Default - INFO Dequeuing recipe step 'Settings'. [ExecutionId=9761c15084ba45c8af2955b4fdb4f949]
2019-06-30 21:41:36,384 Orchard.Recipes.Services.RecipeStepExecutor - Default - INFO Executing recipe step 'Settings'. [ExecutionId=9761c15084ba45c8af2955b4fdb4f949]
2019-06-30 21:41:36,387 Orchard.Recipes.Providers.RecipeHandlers.RecipeExecutionStepHandler - Default - INFO Executing recipe step 'Settings'. [ExecutionId=9761c15084ba45c8af2955b4fdb4f949]
2019-06-30 21:41:36,502 Orchard.Recipes.Providers.RecipeHandlers.RecipeExecutionStepHandler - Default - INFO Finished executing recipe step 'Settings'. [ExecutionId=9761c15084ba45c8af2955b4fdb4f949]
2019-06-30 21:41:36,510 Orchard.Recipes.Services.RecipeScheduler - Default - INFO Scheduling next step of recipe. [ExecutionId=9761c15084ba45c8af2955b4fdb4f949]
2019-06-30 21:41:36,608 Orchard.Recipes.Services.RecipeStepQueue - Default - INFO Dequeuing recipe steps. [ExecutionId=9761c15084ba45c8af2955b4fdb4f949]
2019-06-30 21:41:36,610 Orchard.Recipes.Services.RecipeStepQueue - Default - INFO Dequeuing recipe step 'Migration'. [ExecutionId=9761c15084ba45c8af2955b4fdb4f949]
2019-06-30 21:41:36,613 Orchard.Recipes.Services.RecipeStepExecutor - Default - INFO Executing recipe step 'Migration'. [ExecutionId=9761c15084ba45c8af2955b4fdb4f949]
2019-06-30 21:41:36,615 Orchard.Recipes.Providers.RecipeHandlers.RecipeExecutionStepHandler - Default - INFO Executing recipe step 'Migration'. [ExecutionId=9761c15084ba45c8af2955b4fdb4f949]
2019-06-30 21:41:36,685 Orchard.Recipes.Providers.RecipeHandlers.RecipeExecutionStepHandler - Default - INFO Finished executing recipe step 'Migration'. [ExecutionId=9761c15084ba45c8af2955b4fdb4f949]
2019-06-30 21:41:36,692 Orchard.Recipes.Services.RecipeScheduler - Default - INFO Scheduling next step of recipe. [ExecutionId=9761c15084ba45c8af2955b4fdb4f949]
2019-06-30 21:41:36,789 Orchard.Recipes.Services.RecipeStepQueue - Default - INFO Dequeuing recipe steps. [ExecutionId=9761c15084ba45c8af2955b4fdb4f949]
2019-06-30 21:41:36,791 Orchard.Recipes.Services.RecipeStepQueue - Default - INFO Dequeuing recipe step 'Command'. [ExecutionId=9761c15084ba45c8af2955b4fdb4f949]
2019-06-30 21:41:36,793 Orchard.Recipes.Services.RecipeStepExecutor - Default - INFO Executing recipe step 'Command'. [ExecutionId=9761c15084ba45c8af2955b4fdb4f949]
2019-06-30 21:41:36,796 Orchard.Recipes.Providers.RecipeHandlers.RecipeExecutionStepHandler - Default - INFO Executing recipe step 'Command'. [ExecutionId=9761c15084ba45c8af2955b4fdb4f949]
2019-06-30 21:41:36,800 Orchard.Recipes.Services.RecipeExecutionLogger - Default - INFO CommandStep: Executing command: layer create Default /LayerRule:"true" /Description:"The widgets in this layer are displayed on all pages" [ExecutionId=9761c15084ba45c8af2955b4fdb4f949]
2019-06-30 21:41:37,015 Orchard.Recipes.Services.RecipeExecutionLogger - Default - INFO CommandStep: Executing command: layer create Authenticated /LayerRule:"authenticated" /Description:"The widgets in this layer are displayed when the user is authenticated" [ExecutionId=9761c15084ba45c8af2955b4fdb4f949]
2019-06-30 21:41:37,037 Orchard.Recipes.Services.RecipeExecutionLogger - Default - INFO CommandStep: Executing command: layer create Anonymous /LayerRule:"not authenticated" /Description:"The widgets in this layer are displayed when the user is anonymous" [ExecutionId=9761c15084ba45c8af2955b4fdb4f949]
2019-06-30 21:41:37,056 Orchard.Recipes.Services.RecipeExecutionLogger - Default - INFO CommandStep: Executing command: layer create Disabled /LayerRule:"false" /Description:"The widgets in this layer are never displayed" [ExecutionId=9761c15084ba45c8af2955b4fdb4f949]
2019-06-30 21:41:37,078 Orchard.Recipes.Services.RecipeExecutionLogger - Default - INFO CommandStep: Executing command: layer create TheHomepage /LayerRule:"url '~/'" /Description:"The widgets in this layer are displayed on the home page" [ExecutionId=9761c15084ba45c8af2955b4fdb4f949]
2019-06-30 21:41:37,099 Orchard.Recipes.Services.RecipeExecutionLogger - Default - INFO CommandStep: Executing command: site setting set baseurl [ExecutionId=9761c15084ba45c8af2955b4fdb4f949]
2019-06-30 21:41:37,105 Orchard.Recipes.Services.RecipeExecutionLogger - Default - INFO CommandStep: Executing command: menu create /MenuName:"Main Menu" [ExecutionId=9761c15084ba45c8af2955b4fdb4f949]
2019-06-30 21:41:37,126 Orchard.Recipes.Services.RecipeExecutionLogger - Default - INFO CommandStep: Executing command: page create /Slug:"welcome-to-orchard" /Title:"Welcome to Orchard!" /Path:"welcome-to-orchard" /Homepage:true /Publish:true /UseWelcomeText:true [ExecutionId=9761c15084ba45c8af2955b4fdb4f949]
2019-06-30 21:41:37,609 Orchard.Recipes.Services.RecipeExecutionLogger - Default - INFO CommandStep: Executing command: menuitem create /MenuPosition:"0" /MenuText:"Home" /Url:"~/" /MenuName:"Main Menu" [ExecutionId=9761c15084ba45c8af2955b4fdb4f949]
2019-06-30 21:41:37,657 Orchard.Recipes.Services.RecipeExecutionLogger - Default - INFO CommandStep: Executing command: widget create MenuWidget /Title:"Main Menu" /RenderTitle:false /Zone:"Navigation" /Position:"1" /Layer:"Default" /Identity:"MenuWidget1" /MenuName:"Main Menu" [ExecutionId=9761c15084ba45c8af2955b4fdb4f949]
2019-06-30 21:41:37,723 Orchard.Recipes.Services.RecipeExecutionLogger - Default - INFO CommandStep: Executing command: theme activate "The Theme Machine" [ExecutionId=9761c15084ba45c8af2955b4fdb4f949]
2019-06-30 21:41:37,730 Orchard.Recipes.Providers.RecipeHandlers.RecipeExecutionStepHandler - Default - INFO Finished executing recipe step 'Command'. [ExecutionId=9761c15084ba45c8af2955b4fdb4f949]
2019-06-30 21:41:37,739 Orchard.Recipes.Services.RecipeScheduler - Default - INFO Scheduling next step of recipe. [ExecutionId=9761c15084ba45c8af2955b4fdb4f949]
2019-06-30 21:41:37,851 Orchard.Recipes.Services.RecipeStepQueue - Default - INFO Dequeuing recipe steps. [ExecutionId=9761c15084ba45c8af2955b4fdb4f949]
2019-06-30 21:41:37,854 Orchard.Recipes.Services.RecipeStepQueue - Default - INFO Dequeuing recipe step 'ActivateShell'. [ExecutionId=9761c15084ba45c8af2955b4fdb4f949]
2019-06-30 21:41:37,857 Orchard.Recipes.Services.RecipeStepExecutor - Default - INFO Executing recipe step 'ActivateShell'. [ExecutionId=9761c15084ba45c8af2955b4fdb4f949]
2019-06-30 21:41:37,859 Orchard.Recipes.Providers.RecipeHandlers.RecipeExecutionStepHandler - Default - INFO Executing recipe step 'ActivateShell'. [ExecutionId=9761c15084ba45c8af2955b4fdb4f949]
2019-06-30 21:41:37,866 Orchard.Recipes.Providers.RecipeHandlers.RecipeExecutionStepHandler - Default - INFO Finished executing recipe step 'ActivateShell'. [ExecutionId=9761c15084ba45c8af2955b4fdb4f949]
2019-06-30 21:41:37,944 Orchard.Recipes.Services.RecipeScheduler - Default - INFO Scheduling next step of recipe. [ExecutionId=9761c15084ba45c8af2955b4fdb4f949]
2019-06-30 21:41:38,048 Orchard.Recipes.Services.RecipeStepQueue - Default - INFO Dequeuing recipe steps. [ExecutionId=9761c15084ba45c8af2955b4fdb4f949]
2019-06-30 21:41:38,051 Orchard.Recipes.Services.RecipeStepExecutor - Default - INFO No more recipe steps left to execute. [ExecutionId=9761c15084ba45c8af2955b4fdb4f949]
2019-06-30 21:41:38,054 Orchard.Recipes.Services.RecipeScheduler - Default - INFO All recipe steps executed; restarting shell. [ExecutionId=9761c15084ba45c8af2955b4fdb4f949]
