2019-06-30 20:34:36,868 Orchard.Recipes.Services.RecipeManager - Default - INFO Executing recipe 'Default'. [ExecutionId=586cfd3d0f944143b36fb528284bd139]
2019-06-30 20:34:36,897 Orchard.Recipes.Services.RecipeStepQueue - Default - INFO Enqueuing recipe step 'Feature'. [ExecutionId=586cfd3d0f944143b36fb528284bd139]
2019-06-30 20:34:36,912 Orchard.Recipes.Services.RecipeStepQueue - Default - INFO Enqueuing recipe step 'ContentDefinition'. [ExecutionId=586cfd3d0f944143b36fb528284bd139]
2019-06-30 20:34:36,925 Orchard.Recipes.Services.RecipeStepQueue - Default - INFO Enqueuing recipe step 'Settings'. [ExecutionId=586cfd3d0f944143b36fb528284bd139]
2019-06-30 20:34:36,935 Orchard.Recipes.Services.RecipeStepQueue - Default - INFO Enqueuing recipe step 'Migration'. [ExecutionId=586cfd3d0f944143b36fb528284bd139]
2019-06-30 20:34:36,945 Orchard.Recipes.Services.RecipeStepQueue - Default - INFO Enqueuing recipe step 'Command'. [ExecutionId=586cfd3d0f944143b36fb528284bd139]
2019-06-30 20:34:36,962 Orchard.Recipes.Services.RecipeStepQueue - Default - INFO Enqueuing recipe step 'ActivateShell'. [ExecutionId=(null)]
2019-06-30 20:34:37,088 Orchard.Recipes.Services.RecipeStepQueue - Default - INFO Dequeuing recipe steps. [ExecutionId=586cfd3d0f944143b36fb528284bd139]
2019-06-30 20:34:37,092 Orchard.Recipes.Services.RecipeStepQueue - Default - INFO Dequeuing recipe step 'Feature'. [ExecutionId=586cfd3d0f944143b36fb528284bd139]
2019-06-30 20:34:37,095 Orchard.Recipes.Services.RecipeStepExecutor - Default - INFO Executing recipe step 'Feature'. [ExecutionId=586cfd3d0f944143b36fb528284bd139]
2019-06-30 20:34:37,102 Orchard.Recipes.Providers.RecipeHandlers.RecipeExecutionStepHandler - Default - INFO Executing recipe step 'Feature'. [ExecutionId=586cfd3d0f944143b36fb528284bd139]
2019-06-30 20:34:37,108 Orchard.Recipes.Services.RecipeExecutionLogger - Default - INFO FeatureStep: Enabling features: Orchard.Blogs;Orchard.Comments;Orchard.Tags;Orchard.Alias;Orchard.Autoroute;TinyMce;Orchard.MediaLibrary;Orchard.ContentPicker;Orchard.PublishLater;Orchard.Resources;Orchard.Widgets;Orchard.ContentTypes;Orchard.Scripting;Orchard.Scripting.Lightweight;PackagingServices;Orchard.Packaging;Orchard.Projections;Orchard.Fields;Orchard.OutputCache;Orchard.Taxonomies;Orchard.Workflows;Orchard.Layouts;Orchard.Layouts.Tokens;TheThemeMachine [ExecutionId=586cfd3d0f944143b36fb528284bd139]
2019-06-30 20:34:37,254 Orchard.Recipes.Providers.RecipeHandlers.RecipeExecutionStepHandler - Default - INFO Finished executing recipe step 'Feature'. [ExecutionId=586cfd3d0f944143b36fb528284bd139]
2019-06-30 20:34:37,288 Orchard.Recipes.Services.RecipeScheduler - Default - INFO Scheduling next step of recipe. [ExecutionId=586cfd3d0f944143b36fb528284bd139]
2019-06-30 20:34:40,279 Orchard.Recipes.Services.RecipeStepQueue - Default - INFO Dequeuing recipe steps. [ExecutionId=586cfd3d0f944143b36fb528284bd139]
2019-06-30 20:34:40,282 Orchard.Recipes.Services.RecipeStepQueue - Default - INFO Dequeuing recipe step 'ContentDefinition'. [ExecutionId=586cfd3d0f944143b36fb528284bd139]
2019-06-30 20:34:40,285 Orchard.Recipes.Services.RecipeStepExecutor - Default - INFO Executing recipe step 'ContentDefinition'. [ExecutionId=586cfd3d0f944143b36fb528284bd139]
2019-06-30 20:34:40,293 Orchard.Recipes.Providers.RecipeHandlers.RecipeExecutionStepHandler - Default - INFO Executing recipe step 'ContentDefinition'. [ExecutionId=586cfd3d0f944143b36fb528284bd139]
2019-06-30 20:34:40,297 Orchard.Recipes.Services.RecipeExecutionLogger - Default - INFO ContentDefinitionStep: Importing content type 'Page'. [ExecutionId=586cfd3d0f944143b36fb528284bd139]
2019-06-30 20:34:40,433 Orchard.Recipes.Services.RecipeExecutionLogger - Default - INFO ContentDefinitionStep: Importing content type 'BlogPost'. [ExecutionId=586cfd3d0f944143b36fb528284bd139]
2019-06-30 20:34:40,455 Orchard.Recipes.Services.RecipeExecutionLogger - Default - INFO ContentDefinitionStep: Importing content part 'BodyPart'. [ExecutionId=586cfd3d0f944143b36fb528284bd139]
2019-06-30 20:34:40,467 Orchard.Recipes.Providers.RecipeHandlers.RecipeExecutionStepHandler - Default - INFO Finished executing recipe step 'ContentDefinition'. [ExecutionId=586cfd3d0f944143b36fb528284bd139]
2019-06-30 20:34:40,476 Orchard.Recipes.Services.RecipeScheduler - Default - INFO Scheduling next step of recipe. [ExecutionId=586cfd3d0f944143b36fb528284bd139]
2019-06-30 20:34:40,596 Orchard.Recipes.Services.RecipeStepQueue - Default - INFO Dequeuing recipe steps. [ExecutionId=586cfd3d0f944143b36fb528284bd139]
2019-06-30 20:34:40,599 Orchard.Recipes.Services.RecipeStepQueue - Default - INFO Dequeuing recipe step 'Settings'. [ExecutionId=586cfd3d0f944143b36fb528284bd139]
2019-06-30 20:34:40,601 Orchard.Recipes.Services.RecipeStepExecutor - Default - INFO Executing recipe step 'Settings'. [ExecutionId=586cfd3d0f944143b36fb528284bd139]
2019-06-30 20:34:40,604 Orchard.Recipes.Providers.RecipeHandlers.RecipeExecutionStepHandler - Default - INFO Executing recipe step 'Settings'. [ExecutionId=586cfd3d0f944143b36fb528284bd139]
2019-06-30 20:34:40,750 Orchard.Recipes.Providers.RecipeHandlers.RecipeExecutionStepHandler - Default - INFO Finished executing recipe step 'Settings'. [ExecutionId=586cfd3d0f944143b36fb528284bd139]
2019-06-30 20:34:40,759 Orchard.Recipes.Services.RecipeScheduler - Default - INFO Scheduling next step of recipe. [ExecutionId=586cfd3d0f944143b36fb528284bd139]
2019-06-30 20:34:40,876 Orchard.Recipes.Services.RecipeStepQueue - Default - INFO Dequeuing recipe steps. [ExecutionId=586cfd3d0f944143b36fb528284bd139]
2019-06-30 20:34:40,878 Orchard.Recipes.Services.RecipeStepQueue - Default - INFO Dequeuing recipe step 'Migration'. [ExecutionId=586cfd3d0f944143b36fb528284bd139]
2019-06-30 20:34:40,880 Orchard.Recipes.Services.RecipeStepExecutor - Default - INFO Executing recipe step 'Migration'. [ExecutionId=586cfd3d0f944143b36fb528284bd139]
2019-06-30 20:34:40,883 Orchard.Recipes.Providers.RecipeHandlers.RecipeExecutionStepHandler - Default - INFO Executing recipe step 'Migration'. [ExecutionId=586cfd3d0f944143b36fb528284bd139]
2019-06-30 20:34:40,973 Orchard.Recipes.Providers.RecipeHandlers.RecipeExecutionStepHandler - Default - INFO Finished executing recipe step 'Migration'. [ExecutionId=586cfd3d0f944143b36fb528284bd139]
2019-06-30 20:34:40,981 Orchard.Recipes.Services.RecipeScheduler - Default - INFO Scheduling next step of recipe. [ExecutionId=586cfd3d0f944143b36fb528284bd139]
2019-06-30 20:34:41,098 Orchard.Recipes.Services.RecipeStepQueue - Default - INFO Dequeuing recipe steps. [ExecutionId=586cfd3d0f944143b36fb528284bd139]
2019-06-30 20:34:41,101 Orchard.Recipes.Services.RecipeStepQueue - Default - INFO Dequeuing recipe step 'Command'. [ExecutionId=586cfd3d0f944143b36fb528284bd139]
2019-06-30 20:34:41,103 Orchard.Recipes.Services.RecipeStepExecutor - Default - INFO Executing recipe step 'Command'. [ExecutionId=586cfd3d0f944143b36fb528284bd139]
2019-06-30 20:34:41,105 Orchard.Recipes.Providers.RecipeHandlers.RecipeExecutionStepHandler - Default - INFO Executing recipe step 'Command'. [ExecutionId=586cfd3d0f944143b36fb528284bd139]
2019-06-30 20:34:41,109 Orchard.Recipes.Services.RecipeExecutionLogger - Default - INFO CommandStep: Executing command: layer create Default /LayerRule:"true" /Description:"The widgets in this layer are displayed on all pages" [ExecutionId=586cfd3d0f944143b36fb528284bd139]
2019-06-30 20:34:41,345 Orchard.Recipes.Services.RecipeExecutionLogger - Default - INFO CommandStep: Executing command: layer create Authenticated /LayerRule:"authenticated" /Description:"The widgets in this layer are displayed when the user is authenticated" [ExecutionId=586cfd3d0f944143b36fb528284bd139]
2019-06-30 20:34:41,369 Orchard.Recipes.Services.RecipeExecutionLogger - Default - INFO CommandStep: Executing command: layer create Anonymous /LayerRule:"not authenticated" /Description:"The widgets in this layer are displayed when the user is anonymous" [ExecutionId=586cfd3d0f944143b36fb528284bd139]
2019-06-30 20:34:41,393 Orchard.Recipes.Services.RecipeExecutionLogger - Default - INFO CommandStep: Executing command: layer create Disabled /LayerRule:"false" /Description:"The widgets in this layer are never displayed" [ExecutionId=586cfd3d0f944143b36fb528284bd139]
2019-06-30 20:34:41,417 Orchard.Recipes.Services.RecipeExecutionLogger - Default - INFO CommandStep: Executing command: layer create TheHomepage /LayerRule:"url '~/'" /Description:"The widgets in this layer are displayed on the home page" [ExecutionId=586cfd3d0f944143b36fb528284bd139]
2019-06-30 20:34:41,442 Orchard.Recipes.Services.RecipeExecutionLogger - Default - INFO CommandStep: Executing command: site setting set baseurl [ExecutionId=586cfd3d0f944143b36fb528284bd139]
2019-06-30 20:34:41,447 Orchard.Recipes.Services.RecipeExecutionLogger - Default - INFO CommandStep: Executing command: menu create /MenuName:"Main Menu" [ExecutionId=586cfd3d0f944143b36fb528284bd139]
2019-06-30 20:34:41,470 Orchard.Recipes.Services.RecipeExecutionLogger - Default - INFO CommandStep: Executing command: page create /Slug:"welcome-to-orchard" /Title:"Welcome to Orchard!" /Path:"welcome-to-orchard" /Homepage:true /Publish:true /UseWelcomeText:true [ExecutionId=586cfd3d0f944143b36fb528284bd139]
2019-06-30 20:34:41,904 Orchard.Recipes.Services.RecipeExecutionLogger - Default - INFO CommandStep: Executing command: menuitem create /MenuPosition:"0" /MenuText:"Home" /Url:"~/" /MenuName:"Main Menu" [ExecutionId=586cfd3d0f944143b36fb528284bd139]
2019-06-30 20:34:41,947 Orchard.Recipes.Services.RecipeExecutionLogger - Default - INFO CommandStep: Executing command: widget create MenuWidget /Title:"Main Menu" /RenderTitle:false /Zone:"Navigation" /Position:"1" /Layer:"Default" /Identity:"MenuWidget1" /MenuName:"Main Menu" [ExecutionId=586cfd3d0f944143b36fb528284bd139]
2019-06-30 20:34:42,012 Orchard.Recipes.Services.RecipeExecutionLogger - Default - INFO CommandStep: Executing command: theme activate "The Theme Machine" [ExecutionId=586cfd3d0f944143b36fb528284bd139]
2019-06-30 20:34:42,018 Orchard.Recipes.Providers.RecipeHandlers.RecipeExecutionStepHandler - Default - INFO Finished executing recipe step 'Command'. [ExecutionId=586cfd3d0f944143b36fb528284bd139]
2019-06-30 20:34:42,027 Orchard.Recipes.Services.RecipeScheduler - Default - INFO Scheduling next step of recipe. [ExecutionId=586cfd3d0f944143b36fb528284bd139]
2019-06-30 20:34:42,146 Orchard.Recipes.Services.RecipeStepQueue - Default - INFO Dequeuing recipe steps. [ExecutionId=586cfd3d0f944143b36fb528284bd139]
2019-06-30 20:34:42,149 Orchard.Recipes.Services.RecipeStepQueue - Default - INFO Dequeuing recipe step 'ActivateShell'. [ExecutionId=586cfd3d0f944143b36fb528284bd139]
2019-06-30 20:34:42,152 Orchard.Recipes.Services.RecipeStepExecutor - Default - INFO Executing recipe step 'ActivateShell'. [ExecutionId=586cfd3d0f944143b36fb528284bd139]
2019-06-30 20:34:42,154 Orchard.Recipes.Providers.RecipeHandlers.RecipeExecutionStepHandler - Default - INFO Executing recipe step 'ActivateShell'. [ExecutionId=586cfd3d0f944143b36fb528284bd139]
2019-06-30 20:34:42,160 Orchard.Recipes.Providers.RecipeHandlers.RecipeExecutionStepHandler - Default - INFO Finished executing recipe step 'ActivateShell'. [ExecutionId=586cfd3d0f944143b36fb528284bd139]
2019-06-30 20:34:42,255 Orchard.Recipes.Services.RecipeScheduler - Default - INFO Scheduling next step of recipe. [ExecutionId=586cfd3d0f944143b36fb528284bd139]
2019-06-30 20:34:42,372 Orchard.Recipes.Services.RecipeStepQueue - Default - INFO Dequeuing recipe steps. [ExecutionId=586cfd3d0f944143b36fb528284bd139]
2019-06-30 20:34:42,375 Orchard.Recipes.Services.RecipeStepExecutor - Default - INFO No more recipe steps left to execute. [ExecutionId=586cfd3d0f944143b36fb528284bd139]
2019-06-30 20:34:42,378 Orchard.Recipes.Services.RecipeScheduler - Default - INFO All recipe steps executed; restarting shell. [ExecutionId=586cfd3d0f944143b36fb528284bd139]
