2019-06-28 04:50:26,185 Orchard.Recipes.Services.RecipeManager - Default - INFO Executing recipe 'Default'. [ExecutionId=a6bdb745fb6743d7a8a51d9be0bf80a9]
2019-06-28 04:50:26,206 Orchard.Recipes.Services.RecipeStepQueue - Default - INFO Enqueuing recipe step 'Feature'. [ExecutionId=a6bdb745fb6743d7a8a51d9be0bf80a9]
2019-06-28 04:50:26,220 Orchard.Recipes.Services.RecipeStepQueue - Default - INFO Enqueuing recipe step 'ContentDefinition'. [ExecutionId=a6bdb745fb6743d7a8a51d9be0bf80a9]
2019-06-28 04:50:26,232 Orchard.Recipes.Services.RecipeStepQueue - Default - INFO Enqueuing recipe step 'Settings'. [ExecutionId=a6bdb745fb6743d7a8a51d9be0bf80a9]
2019-06-28 04:50:26,244 Orchard.Recipes.Services.RecipeStepQueue - Default - INFO Enqueuing recipe step 'Migration'. [ExecutionId=a6bdb745fb6743d7a8a51d9be0bf80a9]
2019-06-28 04:50:26,256 Orchard.Recipes.Services.RecipeStepQueue - Default - INFO Enqueuing recipe step 'Command'. [ExecutionId=a6bdb745fb6743d7a8a51d9be0bf80a9]
2019-06-28 04:50:26,273 Orchard.Recipes.Services.RecipeStepQueue - Default - INFO Enqueuing recipe step 'ActivateShell'. [ExecutionId=(null)]
2019-06-28 04:50:26,404 Orchard.Recipes.Services.RecipeStepQueue - Default - INFO Dequeuing recipe steps. [ExecutionId=a6bdb745fb6743d7a8a51d9be0bf80a9]
2019-06-28 04:50:26,407 Orchard.Recipes.Services.RecipeStepQueue - Default - INFO Dequeuing recipe step 'Feature'. [ExecutionId=a6bdb745fb6743d7a8a51d9be0bf80a9]
2019-06-28 04:50:26,410 Orchard.Recipes.Services.RecipeStepExecutor - Default - INFO Executing recipe step 'Feature'. [ExecutionId=a6bdb745fb6743d7a8a51d9be0bf80a9]
2019-06-28 04:50:26,415 Orchard.Recipes.Providers.RecipeHandlers.RecipeExecutionStepHandler - Default - INFO Executing recipe step 'Feature'. [ExecutionId=a6bdb745fb6743d7a8a51d9be0bf80a9]
2019-06-28 04:50:26,419 Orchard.Recipes.Services.RecipeExecutionLogger - Default - INFO FeatureStep: Enabling features: Orchard.Blogs;Orchard.Comments;Orchard.Tags;Orchard.Alias;Orchard.Autoroute;TinyMce;Orchard.MediaLibrary;Orchard.ContentPicker;Orchard.PublishLater;Orchard.Resources;Orchard.Widgets;Orchard.ContentTypes;Orchard.Scripting;Orchard.Scripting.Lightweight;PackagingServices;Orchard.Packaging;Orchard.Projections;Orchard.Fields;Orchard.OutputCache;Orchard.Taxonomies;Orchard.Workflows;Orchard.Layouts;Orchard.Layouts.Tokens;TheThemeMachine [ExecutionId=a6bdb745fb6743d7a8a51d9be0bf80a9]
2019-06-28 04:50:26,554 Orchard.Recipes.Providers.RecipeHandlers.RecipeExecutionStepHandler - Default - INFO Finished executing recipe step 'Feature'. [ExecutionId=a6bdb745fb6743d7a8a51d9be0bf80a9]
2019-06-28 04:50:26,579 Orchard.Recipes.Services.RecipeScheduler - Default - INFO Scheduling next step of recipe. [ExecutionId=a6bdb745fb6743d7a8a51d9be0bf80a9]
2019-06-28 04:50:29,844 Orchard.Recipes.Services.RecipeStepQueue - Default - INFO Dequeuing recipe steps. [ExecutionId=a6bdb745fb6743d7a8a51d9be0bf80a9]
2019-06-28 04:50:29,847 Orchard.Recipes.Services.RecipeStepQueue - Default - INFO Dequeuing recipe step 'ContentDefinition'. [ExecutionId=a6bdb745fb6743d7a8a51d9be0bf80a9]
2019-06-28 04:50:29,850 Orchard.Recipes.Services.RecipeStepExecutor - Default - INFO Executing recipe step 'ContentDefinition'. [ExecutionId=a6bdb745fb6743d7a8a51d9be0bf80a9]
2019-06-28 04:50:29,853 Orchard.Recipes.Providers.RecipeHandlers.RecipeExecutionStepHandler - Default - INFO Executing recipe step 'ContentDefinition'. [ExecutionId=a6bdb745fb6743d7a8a51d9be0bf80a9]
2019-06-28 04:50:29,856 Orchard.Recipes.Services.RecipeExecutionLogger - Default - INFO ContentDefinitionStep: Importing content type 'Page'. [ExecutionId=a6bdb745fb6743d7a8a51d9be0bf80a9]
2019-06-28 04:50:30,024 Orchard.Recipes.Services.RecipeExecutionLogger - Default - INFO ContentDefinitionStep: Importing content type 'BlogPost'. [ExecutionId=a6bdb745fb6743d7a8a51d9be0bf80a9]
2019-06-28 04:50:30,048 Orchard.Recipes.Services.RecipeExecutionLogger - Default - INFO ContentDefinitionStep: Importing content part 'BodyPart'. [ExecutionId=a6bdb745fb6743d7a8a51d9be0bf80a9]
2019-06-28 04:50:30,060 Orchard.Recipes.Providers.RecipeHandlers.RecipeExecutionStepHandler - Default - INFO Finished executing recipe step 'ContentDefinition'. [ExecutionId=a6bdb745fb6743d7a8a51d9be0bf80a9]
2019-06-28 04:50:30,069 Orchard.Recipes.Services.RecipeScheduler - Default - INFO Scheduling next step of recipe. [ExecutionId=a6bdb745fb6743d7a8a51d9be0bf80a9]
2019-06-28 04:50:30,189 Orchard.Recipes.Services.RecipeStepQueue - Default - INFO Dequeuing recipe steps. [ExecutionId=a6bdb745fb6743d7a8a51d9be0bf80a9]
2019-06-28 04:50:30,192 Orchard.Recipes.Services.RecipeStepQueue - Default - INFO Dequeuing recipe step 'Settings'. [ExecutionId=a6bdb745fb6743d7a8a51d9be0bf80a9]
2019-06-28 04:50:30,194 Orchard.Recipes.Services.RecipeStepExecutor - Default - INFO Executing recipe step 'Settings'. [ExecutionId=a6bdb745fb6743d7a8a51d9be0bf80a9]
2019-06-28 04:50:30,196 Orchard.Recipes.Providers.RecipeHandlers.RecipeExecutionStepHandler - Default - INFO Executing recipe step 'Settings'. [ExecutionId=a6bdb745fb6743d7a8a51d9be0bf80a9]
2019-06-28 04:50:30,363 Orchard.Recipes.Providers.RecipeHandlers.RecipeExecutionStepHandler - Default - INFO Finished executing recipe step 'Settings'. [ExecutionId=a6bdb745fb6743d7a8a51d9be0bf80a9]
2019-06-28 04:50:30,372 Orchard.Recipes.Services.RecipeScheduler - Default - INFO Scheduling next step of recipe. [ExecutionId=a6bdb745fb6743d7a8a51d9be0bf80a9]
2019-06-28 04:50:30,514 Orchard.Recipes.Services.RecipeStepQueue - Default - INFO Dequeuing recipe steps. [ExecutionId=a6bdb745fb6743d7a8a51d9be0bf80a9]
2019-06-28 04:50:30,517 Orchard.Recipes.Services.RecipeStepQueue - Default - INFO Dequeuing recipe step 'Migration'. [ExecutionId=a6bdb745fb6743d7a8a51d9be0bf80a9]
2019-06-28 04:50:30,520 Orchard.Recipes.Services.RecipeStepExecutor - Default - INFO Executing recipe step 'Migration'. [ExecutionId=a6bdb745fb6743d7a8a51d9be0bf80a9]
2019-06-28 04:50:30,522 Orchard.Recipes.Providers.RecipeHandlers.RecipeExecutionStepHandler - Default - INFO Executing recipe step 'Migration'. [ExecutionId=a6bdb745fb6743d7a8a51d9be0bf80a9]
2019-06-28 04:50:30,624 Orchard.Recipes.Providers.RecipeHandlers.RecipeExecutionStepHandler - Default - INFO Finished executing recipe step 'Migration'. [ExecutionId=a6bdb745fb6743d7a8a51d9be0bf80a9]
2019-06-28 04:50:30,632 Orchard.Recipes.Services.RecipeScheduler - Default - INFO Scheduling next step of recipe. [ExecutionId=a6bdb745fb6743d7a8a51d9be0bf80a9]
2019-06-28 04:50:30,738 Orchard.Recipes.Services.RecipeStepQueue - Default - INFO Dequeuing recipe steps. [ExecutionId=a6bdb745fb6743d7a8a51d9be0bf80a9]
2019-06-28 04:50:30,741 Orchard.Recipes.Services.RecipeStepQueue - Default - INFO Dequeuing recipe step 'Command'. [ExecutionId=a6bdb745fb6743d7a8a51d9be0bf80a9]
2019-06-28 04:50:30,744 Orchard.Recipes.Services.RecipeStepExecutor - Default - INFO Executing recipe step 'Command'. [ExecutionId=a6bdb745fb6743d7a8a51d9be0bf80a9]
2019-06-28 04:50:30,747 Orchard.Recipes.Providers.RecipeHandlers.RecipeExecutionStepHandler - Default - INFO Executing recipe step 'Command'. [ExecutionId=a6bdb745fb6743d7a8a51d9be0bf80a9]
2019-06-28 04:50:30,750 Orchard.Recipes.Services.RecipeExecutionLogger - Default - INFO CommandStep: Executing command: layer create Default /LayerRule:"true" /Description:"The widgets in this layer are displayed on all pages" [ExecutionId=a6bdb745fb6743d7a8a51d9be0bf80a9]
2019-06-28 04:50:31,004 Orchard.Recipes.Services.RecipeExecutionLogger - Default - INFO CommandStep: Executing command: layer create Authenticated /LayerRule:"authenticated" /Description:"The widgets in this layer are displayed when the user is authenticated" [ExecutionId=a6bdb745fb6743d7a8a51d9be0bf80a9]
2019-06-28 04:50:31,028 Orchard.Recipes.Services.RecipeExecutionLogger - Default - INFO CommandStep: Executing command: layer create Anonymous /LayerRule:"not authenticated" /Description:"The widgets in this layer are displayed when the user is anonymous" [ExecutionId=a6bdb745fb6743d7a8a51d9be0bf80a9]
2019-06-28 04:50:31,053 Orchard.Recipes.Services.RecipeExecutionLogger - Default - INFO CommandStep: Executing command: layer create Disabled /LayerRule:"false" /Description:"The widgets in this layer are never displayed" [ExecutionId=a6bdb745fb6743d7a8a51d9be0bf80a9]
2019-06-28 04:50:31,076 Orchard.Recipes.Services.RecipeExecutionLogger - Default - INFO CommandStep: Executing command: layer create TheHomepage /LayerRule:"url '~/'" /Description:"The widgets in this layer are displayed on the home page" [ExecutionId=a6bdb745fb6743d7a8a51d9be0bf80a9]
2019-06-28 04:50:31,118 Orchard.Recipes.Services.RecipeExecutionLogger - Default - INFO CommandStep: Executing command: site setting set baseurl [ExecutionId=a6bdb745fb6743d7a8a51d9be0bf80a9]
2019-06-28 04:50:31,123 Orchard.Recipes.Services.RecipeExecutionLogger - Default - INFO CommandStep: Executing command: menu create /MenuName:"Main Menu" [ExecutionId=a6bdb745fb6743d7a8a51d9be0bf80a9]
2019-06-28 04:50:31,145 Orchard.Recipes.Services.RecipeExecutionLogger - Default - INFO CommandStep: Executing command: page create /Slug:"welcome-to-orchard" /Title:"Welcome to Orchard!" /Path:"welcome-to-orchard" /Homepage:true /Publish:true /UseWelcomeText:true [ExecutionId=a6bdb745fb6743d7a8a51d9be0bf80a9]
2019-06-28 04:50:31,524 Orchard.Recipes.Services.RecipeExecutionLogger - Default - INFO CommandStep: Executing command: menuitem create /MenuPosition:"0" /MenuText:"Home" /Url:"~/" /MenuName:"Main Menu" [ExecutionId=a6bdb745fb6743d7a8a51d9be0bf80a9]
2019-06-28 04:50:31,562 Orchard.Recipes.Services.RecipeExecutionLogger - Default - INFO CommandStep: Executing command: widget create MenuWidget /Title:"Main Menu" /RenderTitle:false /Zone:"Navigation" /Position:"1" /Layer:"Default" /Identity:"MenuWidget1" /MenuName:"Main Menu" [ExecutionId=a6bdb745fb6743d7a8a51d9be0bf80a9]
2019-06-28 04:50:31,623 Orchard.Recipes.Services.RecipeExecutionLogger - Default - INFO CommandStep: Executing command: theme activate "The Theme Machine" [ExecutionId=a6bdb745fb6743d7a8a51d9be0bf80a9]
2019-06-28 04:50:31,630 Orchard.Recipes.Providers.RecipeHandlers.RecipeExecutionStepHandler - Default - INFO Finished executing recipe step 'Command'. [ExecutionId=a6bdb745fb6743d7a8a51d9be0bf80a9]
2019-06-28 04:50:31,639 Orchard.Recipes.Services.RecipeScheduler - Default - INFO Scheduling next step of recipe. [ExecutionId=a6bdb745fb6743d7a8a51d9be0bf80a9]
2019-06-28 04:50:31,759 Orchard.Recipes.Services.RecipeStepQueue - Default - INFO Dequeuing recipe steps. [ExecutionId=a6bdb745fb6743d7a8a51d9be0bf80a9]
2019-06-28 04:50:31,762 Orchard.Recipes.Services.RecipeStepQueue - Default - INFO Dequeuing recipe step 'ActivateShell'. [ExecutionId=a6bdb745fb6743d7a8a51d9be0bf80a9]
2019-06-28 04:50:31,765 Orchard.Recipes.Services.RecipeStepExecutor - Default - INFO Executing recipe step 'ActivateShell'. [ExecutionId=a6bdb745fb6743d7a8a51d9be0bf80a9]
2019-06-28 04:50:31,768 Orchard.Recipes.Providers.RecipeHandlers.RecipeExecutionStepHandler - Default - INFO Executing recipe step 'ActivateShell'. [ExecutionId=a6bdb745fb6743d7a8a51d9be0bf80a9]
2019-06-28 04:50:31,774 Orchard.Recipes.Providers.RecipeHandlers.RecipeExecutionStepHandler - Default - INFO Finished executing recipe step 'ActivateShell'. [ExecutionId=a6bdb745fb6743d7a8a51d9be0bf80a9]
2019-06-28 04:50:31,893 Orchard.Recipes.Services.RecipeScheduler - Default - INFO Scheduling next step of recipe. [ExecutionId=a6bdb745fb6743d7a8a51d9be0bf80a9]
2019-06-28 04:50:32,000 Orchard.Recipes.Services.RecipeStepQueue - Default - INFO Dequeuing recipe steps. [ExecutionId=a6bdb745fb6743d7a8a51d9be0bf80a9]
2019-06-28 04:50:32,003 Orchard.Recipes.Services.RecipeStepExecutor - Default - INFO No more recipe steps left to execute. [ExecutionId=a6bdb745fb6743d7a8a51d9be0bf80a9]
2019-06-28 04:50:32,005 Orchard.Recipes.Services.RecipeScheduler - Default - INFO All recipe steps executed; restarting shell. [ExecutionId=a6bdb745fb6743d7a8a51d9be0bf80a9]
