2019-06-26 19:28:08,696 Orchard.Recipes.Services.RecipeManager - Default - INFO Executing recipe 'Default'. [ExecutionId=d8be761d126b4493a32151aa69a8e686]
2019-06-26 19:28:08,719 Orchard.Recipes.Services.RecipeStepQueue - Default - INFO Enqueuing recipe step 'Feature'. [ExecutionId=d8be761d126b4493a32151aa69a8e686]
2019-06-26 19:28:08,735 Orchard.Recipes.Services.RecipeStepQueue - Default - INFO Enqueuing recipe step 'ContentDefinition'. [ExecutionId=d8be761d126b4493a32151aa69a8e686]
2019-06-26 19:28:08,746 Orchard.Recipes.Services.RecipeStepQueue - Default - INFO Enqueuing recipe step 'Settings'. [ExecutionId=d8be761d126b4493a32151aa69a8e686]
2019-06-26 19:28:08,758 Orchard.Recipes.Services.RecipeStepQueue - Default - INFO Enqueuing recipe step 'Migration'. [ExecutionId=d8be761d126b4493a32151aa69a8e686]
2019-06-26 19:28:08,772 Orchard.Recipes.Services.RecipeStepQueue - Default - INFO Enqueuing recipe step 'Command'. [ExecutionId=d8be761d126b4493a32151aa69a8e686]
2019-06-26 19:28:08,788 Orchard.Recipes.Services.RecipeStepQueue - Default - INFO Enqueuing recipe step 'ActivateShell'. [ExecutionId=(null)]
2019-06-26 19:28:08,894 Orchard.Recipes.Services.RecipeStepQueue - Default - INFO Dequeuing recipe steps. [ExecutionId=d8be761d126b4493a32151aa69a8e686]
2019-06-26 19:28:08,898 Orchard.Recipes.Services.RecipeStepQueue - Default - INFO Dequeuing recipe step 'Feature'. [ExecutionId=d8be761d126b4493a32151aa69a8e686]
2019-06-26 19:28:08,901 Orchard.Recipes.Services.RecipeStepExecutor - Default - INFO Executing recipe step 'Feature'. [ExecutionId=d8be761d126b4493a32151aa69a8e686]
2019-06-26 19:28:08,908 Orchard.Recipes.Providers.RecipeHandlers.RecipeExecutionStepHandler - Default - INFO Executing recipe step 'Feature'. [ExecutionId=d8be761d126b4493a32151aa69a8e686]
2019-06-26 19:28:08,913 Orchard.Recipes.Services.RecipeExecutionLogger - Default - INFO FeatureStep: Enabling features: Orchard.Blogs;Orchard.Comments;Orchard.Tags;Orchard.Alias;Orchard.Autoroute;TinyMce;Orchard.MediaLibrary;Orchard.ContentPicker;Orchard.PublishLater;Orchard.Resources;Orchard.Widgets;Orchard.ContentTypes;Orchard.Scripting;Orchard.Scripting.Lightweight;PackagingServices;Orchard.Packaging;Orchard.Projections;Orchard.Fields;Orchard.OutputCache;Orchard.Taxonomies;Orchard.Workflows;Orchard.Layouts;Orchard.Layouts.Tokens;TheThemeMachine [ExecutionId=d8be761d126b4493a32151aa69a8e686]
2019-06-26 19:28:09,017 Orchard.Recipes.Providers.RecipeHandlers.RecipeExecutionStepHandler - Default - INFO Finished executing recipe step 'Feature'. [ExecutionId=d8be761d126b4493a32151aa69a8e686]
2019-06-26 19:28:09,048 Orchard.Recipes.Services.RecipeScheduler - Default - INFO Scheduling next step of recipe. [ExecutionId=d8be761d126b4493a32151aa69a8e686]
2019-06-26 19:28:11,135 Orchard.Recipes.Services.RecipeStepQueue - Default - INFO Dequeuing recipe steps. [ExecutionId=d8be761d126b4493a32151aa69a8e686]
2019-06-26 19:28:11,138 Orchard.Recipes.Services.RecipeStepQueue - Default - INFO Dequeuing recipe step 'ContentDefinition'. [ExecutionId=d8be761d126b4493a32151aa69a8e686]
2019-06-26 19:28:11,140 Orchard.Recipes.Services.RecipeStepExecutor - Default - INFO Executing recipe step 'ContentDefinition'. [ExecutionId=d8be761d126b4493a32151aa69a8e686]
2019-06-26 19:28:11,143 Orchard.Recipes.Providers.RecipeHandlers.RecipeExecutionStepHandler - Default - INFO Executing recipe step 'ContentDefinition'. [ExecutionId=d8be761d126b4493a32151aa69a8e686]
2019-06-26 19:28:11,146 Orchard.Recipes.Services.RecipeExecutionLogger - Default - INFO ContentDefinitionStep: Importing content type 'Page'. [ExecutionId=d8be761d126b4493a32151aa69a8e686]
2019-06-26 19:28:11,264 Orchard.Recipes.Services.RecipeExecutionLogger - Default - INFO ContentDefinitionStep: Importing content type 'BlogPost'. [ExecutionId=d8be761d126b4493a32151aa69a8e686]
2019-06-26 19:28:11,283 Orchard.Recipes.Services.RecipeExecutionLogger - Default - INFO ContentDefinitionStep: Importing content part 'BodyPart'. [ExecutionId=d8be761d126b4493a32151aa69a8e686]
2019-06-26 19:28:11,293 Orchard.Recipes.Providers.RecipeHandlers.RecipeExecutionStepHandler - Default - INFO Finished executing recipe step 'ContentDefinition'. [ExecutionId=d8be761d126b4493a32151aa69a8e686]
2019-06-26 19:28:11,302 Orchard.Recipes.Services.RecipeScheduler - Default - INFO Scheduling next step of recipe. [ExecutionId=d8be761d126b4493a32151aa69a8e686]
2019-06-26 19:28:11,404 Orchard.Recipes.Services.RecipeStepQueue - Default - INFO Dequeuing recipe steps. [ExecutionId=d8be761d126b4493a32151aa69a8e686]
2019-06-26 19:28:11,406 Orchard.Recipes.Services.RecipeStepQueue - Default - INFO Dequeuing recipe step 'Settings'. [ExecutionId=d8be761d126b4493a32151aa69a8e686]
2019-06-26 19:28:11,409 Orchard.Recipes.Services.RecipeStepExecutor - Default - INFO Executing recipe step 'Settings'. [ExecutionId=d8be761d126b4493a32151aa69a8e686]
2019-06-26 19:28:11,411 Orchard.Recipes.Providers.RecipeHandlers.RecipeExecutionStepHandler - Default - INFO Executing recipe step 'Settings'. [ExecutionId=d8be761d126b4493a32151aa69a8e686]
2019-06-26 19:28:11,532 Orchard.Recipes.Providers.RecipeHandlers.RecipeExecutionStepHandler - Default - INFO Finished executing recipe step 'Settings'. [ExecutionId=d8be761d126b4493a32151aa69a8e686]
2019-06-26 19:28:11,540 Orchard.Recipes.Services.RecipeScheduler - Default - INFO Scheduling next step of recipe. [ExecutionId=d8be761d126b4493a32151aa69a8e686]
2019-06-26 19:28:11,631 Orchard.Recipes.Services.RecipeStepQueue - Default - INFO Dequeuing recipe steps. [ExecutionId=d8be761d126b4493a32151aa69a8e686]
2019-06-26 19:28:11,634 Orchard.Recipes.Services.RecipeStepQueue - Default - INFO Dequeuing recipe step 'Migration'. [ExecutionId=d8be761d126b4493a32151aa69a8e686]
2019-06-26 19:28:11,636 Orchard.Recipes.Services.RecipeStepExecutor - Default - INFO Executing recipe step 'Migration'. [ExecutionId=d8be761d126b4493a32151aa69a8e686]
2019-06-26 19:28:11,638 Orchard.Recipes.Providers.RecipeHandlers.RecipeExecutionStepHandler - Default - INFO Executing recipe step 'Migration'. [ExecutionId=d8be761d126b4493a32151aa69a8e686]
2019-06-26 19:28:11,736 Orchard.Recipes.Providers.RecipeHandlers.RecipeExecutionStepHandler - Default - INFO Finished executing recipe step 'Migration'. [ExecutionId=d8be761d126b4493a32151aa69a8e686]
2019-06-26 19:28:11,743 Orchard.Recipes.Services.RecipeScheduler - Default - INFO Scheduling next step of recipe. [ExecutionId=d8be761d126b4493a32151aa69a8e686]
2019-06-26 19:28:11,844 Orchard.Recipes.Services.RecipeStepQueue - Default - INFO Dequeuing recipe steps. [ExecutionId=d8be761d126b4493a32151aa69a8e686]
2019-06-26 19:28:11,846 Orchard.Recipes.Services.RecipeStepQueue - Default - INFO Dequeuing recipe step 'Command'. [ExecutionId=d8be761d126b4493a32151aa69a8e686]
2019-06-26 19:28:11,848 Orchard.Recipes.Services.RecipeStepExecutor - Default - INFO Executing recipe step 'Command'. [ExecutionId=d8be761d126b4493a32151aa69a8e686]
2019-06-26 19:28:11,851 Orchard.Recipes.Providers.RecipeHandlers.RecipeExecutionStepHandler - Default - INFO Executing recipe step 'Command'. [ExecutionId=d8be761d126b4493a32151aa69a8e686]
2019-06-26 19:28:11,854 Orchard.Recipes.Services.RecipeExecutionLogger - Default - INFO CommandStep: Executing command: layer create Default /LayerRule:"true" /Description:"The widgets in this layer are displayed on all pages" [ExecutionId=d8be761d126b4493a32151aa69a8e686]
2019-06-26 19:28:12,053 Orchard.Recipes.Services.RecipeExecutionLogger - Default - INFO CommandStep: Executing command: layer create Authenticated /LayerRule:"authenticated" /Description:"The widgets in this layer are displayed when the user is authenticated" [ExecutionId=d8be761d126b4493a32151aa69a8e686]
2019-06-26 19:28:12,072 Orchard.Recipes.Services.RecipeExecutionLogger - Default - INFO CommandStep: Executing command: layer create Anonymous /LayerRule:"not authenticated" /Description:"The widgets in this layer are displayed when the user is anonymous" [ExecutionId=d8be761d126b4493a32151aa69a8e686]
2019-06-26 19:28:12,092 Orchard.Recipes.Services.RecipeExecutionLogger - Default - INFO CommandStep: Executing command: layer create Disabled /LayerRule:"false" /Description:"The widgets in this layer are never displayed" [ExecutionId=d8be761d126b4493a32151aa69a8e686]
2019-06-26 19:28:12,113 Orchard.Recipes.Services.RecipeExecutionLogger - Default - INFO CommandStep: Executing command: layer create TheHomepage /LayerRule:"url '~/'" /Description:"The widgets in this layer are displayed on the home page" [ExecutionId=d8be761d126b4493a32151aa69a8e686]
2019-06-26 19:28:12,134 Orchard.Recipes.Services.RecipeExecutionLogger - Default - INFO CommandStep: Executing command: site setting set baseurl [ExecutionId=d8be761d126b4493a32151aa69a8e686]
2019-06-26 19:28:12,139 Orchard.Recipes.Services.RecipeExecutionLogger - Default - INFO CommandStep: Executing command: menu create /MenuName:"Main Menu" [ExecutionId=d8be761d126b4493a32151aa69a8e686]
2019-06-26 19:28:12,159 Orchard.Recipes.Services.RecipeExecutionLogger - Default - INFO CommandStep: Executing command: page create /Slug:"welcome-to-orchard" /Title:"Welcome to Orchard!" /Path:"welcome-to-orchard" /Homepage:true /Publish:true /UseWelcomeText:true [ExecutionId=d8be761d126b4493a32151aa69a8e686]
2019-06-26 19:28:12,584 Orchard.Recipes.Services.RecipeExecutionLogger - Default - INFO CommandStep: Executing command: menuitem create /MenuPosition:"0" /MenuText:"Home" /Url:"~/" /MenuName:"Main Menu" [ExecutionId=d8be761d126b4493a32151aa69a8e686]
2019-06-26 19:28:12,627 Orchard.Recipes.Services.RecipeExecutionLogger - Default - INFO CommandStep: Executing command: widget create MenuWidget /Title:"Main Menu" /RenderTitle:false /Zone:"Navigation" /Position:"1" /Layer:"Default" /Identity:"MenuWidget1" /MenuName:"Main Menu" [ExecutionId=d8be761d126b4493a32151aa69a8e686]
2019-06-26 19:28:12,685 Orchard.Recipes.Services.RecipeExecutionLogger - Default - INFO CommandStep: Executing command: theme activate "The Theme Machine" [ExecutionId=d8be761d126b4493a32151aa69a8e686]
2019-06-26 19:28:12,691 Orchard.Recipes.Providers.RecipeHandlers.RecipeExecutionStepHandler - Default - INFO Finished executing recipe step 'Command'. [ExecutionId=d8be761d126b4493a32151aa69a8e686]
2019-06-26 19:28:12,698 Orchard.Recipes.Services.RecipeScheduler - Default - INFO Scheduling next step of recipe. [ExecutionId=d8be761d126b4493a32151aa69a8e686]
2019-06-26 19:28:12,844 Orchard.Recipes.Services.RecipeStepQueue - Default - INFO Dequeuing recipe steps. [ExecutionId=d8be761d126b4493a32151aa69a8e686]
2019-06-26 19:28:12,847 Orchard.Recipes.Services.RecipeStepQueue - Default - INFO Dequeuing recipe step 'ActivateShell'. [ExecutionId=d8be761d126b4493a32151aa69a8e686]
2019-06-26 19:28:12,849 Orchard.Recipes.Services.RecipeStepExecutor - Default - INFO Executing recipe step 'ActivateShell'. [ExecutionId=d8be761d126b4493a32151aa69a8e686]
2019-06-26 19:28:12,852 Orchard.Recipes.Providers.RecipeHandlers.RecipeExecutionStepHandler - Default - INFO Executing recipe step 'ActivateShell'. [ExecutionId=d8be761d126b4493a32151aa69a8e686]
2019-06-26 19:28:12,858 Orchard.Recipes.Providers.RecipeHandlers.RecipeExecutionStepHandler - Default - INFO Finished executing recipe step 'ActivateShell'. [ExecutionId=d8be761d126b4493a32151aa69a8e686]
2019-06-26 19:28:12,934 Orchard.Recipes.Services.RecipeScheduler - Default - INFO Scheduling next step of recipe. [ExecutionId=d8be761d126b4493a32151aa69a8e686]
2019-06-26 19:28:13,035 Orchard.Recipes.Services.RecipeStepQueue - Default - INFO Dequeuing recipe steps. [ExecutionId=d8be761d126b4493a32151aa69a8e686]
2019-06-26 19:28:13,038 Orchard.Recipes.Services.RecipeStepExecutor - Default - INFO No more recipe steps left to execute. [ExecutionId=d8be761d126b4493a32151aa69a8e686]
2019-06-26 19:28:13,041 Orchard.Recipes.Services.RecipeScheduler - Default - INFO All recipe steps executed; restarting shell. [ExecutionId=d8be761d126b4493a32151aa69a8e686]
