2019-06-26 18:41:14,393 [11] Orchard.Data.Migration.DataMigrationManager - Default - Error while running migration version 0 for Settings. [http://localhost:30321/OrchardLocal/]
System.Reflection.TargetInvocationException: Özel durum bir çaðýrma hedefi tarafýndan oluþturuldu. ---> NHibernate.Exceptions.GenericADOException: could not execute query
[ select contentpar0_.Id as Id12_0_, contentpar1_.Id as Id13_1_, contentfie2_.Id as Id11_2_, contentpar0_.Name as Name12_0_, contentpar0_.Hidden as Hidden12_0_, contentpar0_.Settings as Settings12_0_, contentpar1_.Name as Name13_1_, contentpar1_.Settings as Settings13_1_, contentpar1_.ContentFieldDefinitionRecord_id as ContentF4_13_1_, contentpar1_.ContentPartDefinitionRecord_id as ContentP5_0__, contentpar1_.Id as Id0__, contentfie2_.Name as Name11_2_ from Settings_ContentPartDefinitionRecord contentpar0_ left outer join Settings_ContentPartFieldDefinitionRecord contentpar1_ on contentpar0_.Id=contentpar1_.ContentPartDefinitionRecord_id left outer join Settings_ContentFieldDefinitionRecord contentfie2_ on contentpar1_.ContentFieldDefinitionRecord_id=contentfie2_.Id ]
[SQL: select contentpar0_.Id as Id12_0_, contentpar1_.Id as Id13_1_, contentfie2_.Id as Id11_2_, contentpar0_.Name as Name12_0_, contentpar0_.Hidden as Hidden12_0_, contentpar0_.Settings as Settings12_0_, contentpar1_.Name as Name13_1_, contentpar1_.Settings as Settings13_1_, contentpar1_.ContentFieldDefinitionRecord_id as ContentF4_13_1_, contentpar1_.ContentPartDefinitionRecord_id as ContentP5_0__, contentpar1_.Id as Id0__, contentfie2_.Name as Name11_2_ from Settings_ContentPartDefinitionRecord contentpar0_ left outer join Settings_ContentPartFieldDefinitionRecord contentpar1_ on contentpar0_.Id=contentpar1_.ContentPartDefinitionRecord_id left outer join Settings_ContentFieldDefinitionRecord contentfie2_ on contentpar1_.ContentFieldDefinitionRecord_id=contentfie2_.Id] ---> System.Data.SqlClient.SqlException: Invalid column name 'ContentPartDefinitionRecord_id'.
Invalid column name 'ContentPartDefinitionRecord_id'.
   konum: System.Data.SqlClient.SqlConnection.OnError(SqlException exception, Boolean breakConnection, Action`1 wrapCloseInAction)
   konum: System.Data.SqlClient.SqlInternalConnection.OnError(SqlException exception, Boolean breakConnection, Action`1 wrapCloseInAction)
   konum: System.Data.SqlClient.TdsParser.ThrowExceptionAndWarning(TdsParserStateObject stateObj, Boolean callerHasConnectionLock, Boolean asyncClose)
   konum: System.Data.SqlClient.TdsParser.TryRun(RunBehavior runBehavior, SqlCommand cmdHandler, SqlDataReader dataStream, BulkCopySimpleResultSet bulkCopyHandler, TdsParserStateObject stateObj, Boolean& dataReady)
   konum: System.Data.SqlClient.SqlDataReader.TryConsumeMetaData()
   konum: System.Data.SqlClient.SqlDataReader.get_MetaData()
   konum: System.Data.SqlClient.SqlCommand.FinishExecuteReader(SqlDataReader ds, RunBehavior runBehavior, String resetOptionsString, Boolean isInternal, Boolean forDescribeParameterEncryption, Boolean shouldCacheForAlwaysEncrypted)
   konum: System.Data.SqlClient.SqlCommand.RunExecuteReaderTds(CommandBehavior cmdBehavior, RunBehavior runBehavior, Boolean returnStream, Boolean async, Int32 timeout, Task& task, Boolean asyncWrite, Boolean inRetry, SqlDataReader ds, Boolean describeParameterEncryptionRequest)
   konum: System.Data.SqlClient.SqlCommand.RunExecuteReader(CommandBehavior cmdBehavior, RunBehavior runBehavior, Boolean returnStream, String method, TaskCompletionSource`1 completion, Int32 timeout, Task& task, Boolean& usedCache, Boolean asyncWrite, Boolean inRetry)
   konum: System.Data.SqlClient.SqlCommand.RunExecuteReader(CommandBehavior cmdBehavior, RunBehavior runBehavior, Boolean returnStream, String method)
   konum: System.Data.SqlClient.SqlCommand.ExecuteReader(CommandBehavior behavior, String method)
   konum: System.Data.SqlClient.SqlCommand.ExecuteDbDataReader(CommandBehavior behavior)
   konum: System.Data.Common.DbCommand.System.Data.IDbCommand.ExecuteReader()
   konum: NHibernate.AdoNet.AbstractBatcher.ExecuteReader(IDbCommand cmd)
   konum: NHibernate.Loader.Loader.GetResultSet(IDbCommand st, Boolean autoDiscoverTypes, Boolean callable, RowSelection selection, ISessionImplementor session)
   konum: NHibernate.Loader.Loader.DoQuery(ISessionImplementor session, QueryParameters queryParameters, Boolean returnProxies, IResultTransformer forcedResultTransformer)
   konum: NHibernate.Loader.Loader.DoQueryAndInitializeNonLazyCollections(ISessionImplementor session, QueryParameters queryParameters, Boolean returnProxies, IResultTransformer forcedResultTransformer)
   konum: NHibernate.Loader.Loader.DoList(ISessionImplementor session, QueryParameters queryParameters, IResultTransformer forcedResultTransformer)
   --- Ýç özel durum yýðýný izlemesinin sonu ---
   konum: NHibernate.Loader.Loader.DoList(ISessionImplementor session, QueryParameters queryParameters, IResultTransformer forcedResultTransformer)
   konum: NHibernate.Loader.Loader.ListIgnoreQueryCache(ISessionImplementor session, QueryParameters queryParameters)
   konum: NHibernate.Loader.Loader.List(ISessionImplementor session, QueryParameters queryParameters, ISet`1 querySpaces, IType[] resultTypes)
   konum: NHibernate.Loader.Hql.QueryLoader.List(ISessionImplementor session, QueryParameters queryParameters)
   konum: NHibernate.Hql.Ast.ANTLR.QueryTranslatorImpl.List(ISessionImplementor session, QueryParameters queryParameters)
   konum: NHibernate.Engine.Query.HQLQueryPlan.PerformList(QueryParameters queryParameters, ISessionImplementor session, IList results)
   konum: NHibernate.Impl.SessionImpl.List(IQueryExpression queryExpression, QueryParameters queryParameters, IList results)
   konum: NHibernate.Impl.AbstractSessionImpl.List(IQueryExpression queryExpression, QueryParameters parameters)
   konum: NHibernate.Impl.AbstractQueryImpl2.List()
   konum: NHibernate.Linq.DefaultQueryProvider.ExecuteQuery(NhLinqExpression nhLinqExpression, IQuery query, NhLinqExpression nhQuery)
   konum: NHibernate.Linq.DefaultQueryProvider.Execute(Expression expression)
   konum: NHibernate.Linq.DefaultQueryProvider.Execute[TResult](Expression expression)
   konum: Remotion.Linq.QueryableBase`1.GetEnumerator()
   konum: Orchard.Data.FetchRequest`2.GetEnumerator() C:\Projeler\Orchard-1.10.3\src\Orchard\Data\FetchRequest.cs içinde: satýr 36
   konum: System.Linq.Enumerable.WhereSelectEnumerableIterator`2.MoveNext()
   konum: System.Linq.Enumerable.ToDictionary[TSource,TKey,TElement](IEnumerable`1 source, Func`2 keySelector, Func`2 elementSelector, IEqualityComparer`1 comparer)
   konum: Orchard.Core.Settings.Metadata.ContentDefinitionManager.<AcquireContentPartDefinitions>b__20_0(AcquireContext`1 ctx) C:\Projeler\Orchard-1.10.3\src\Orchard.Web\Core\Settings\Metadata\ContentDefinitionManager.cs içinde: satýr 151
   konum: Orchard.Caching.Cache`2.CreateEntry(TKey k, Func`2 acquire) C:\Projeler\Orchard-1.10.3\src\Orchard\Caching\Cache.cs içinde: satýr 57
   konum: Orchard.Caching.Cache`2.AddEntry(TKey k, Func`2 acquire) C:\Projeler\Orchard-1.10.3\src\Orchard\Caching\Cache.cs içinde: satýr 27
   konum: Orchard.Caching.Cache`2.<>c__DisplayClass3_0.<Get>b__0(TKey k) C:\Projeler\Orchard-1.10.3\src\Orchard\Caching\Cache.cs içinde: satýr 19
   konum: System.Collections.Concurrent.ConcurrentDictionary`2.AddOrUpdate(TKey key, Func`2 addValueFactory, Func`3 updateValueFactory)
   konum: Orchard.Caching.Cache`2.Get(TKey key, Func`2 acquire) C:\Projeler\Orchard-1.10.3\src\Orchard\Caching\Cache.cs içinde: satýr 17
   konum: Orchard.Caching.DefaultCacheManager.Get[TKey,TResult](TKey key, Func`2 acquire) C:\Projeler\Orchard-1.10.3\src\Orchard\Caching\DefaultCacheManager.cs içinde: satýr 33
   konum: Orchard.Caching.CacheManagerExtensions.Get[TKey,TResult](ICacheManager cacheManager, TKey key, Boolean preventConcurrentCalls, Func`2 acquire) C:\Projeler\Orchard-1.10.3\src\Orchard\Caching\ICacheManager.cs içinde: satýr 13
   konum: Orchard.Core.Settings.Metadata.ContentDefinitionManager.AcquireContentPartDefinitions() C:\Projeler\Orchard-1.10.3\src\Orchard.Web\Core\Settings\Metadata\ContentDefinitionManager.cs içinde: satýr 143
   konum: Orchard.Core.Settings.Metadata.ContentDefinitionManager.<AcquireContentTypeDefinitions>b__19_0(AcquireContext`1 ctx) C:\Projeler\Orchard-1.10.3\src\Orchard.Web\Core\Settings\Metadata\ContentDefinitionManager.cs içinde: satýr 131
   konum: Orchard.Caching.Cache`2.CreateEntry(TKey k, Func`2 acquire) C:\Projeler\Orchard-1.10.3\src\Orchard\Caching\Cache.cs içinde: satýr 57
   konum: Orchard.Caching.Cache`2.AddEntry(TKey k, Func`2 acquire) C:\Projeler\Orchard-1.10.3\src\Orchard\Caching\Cache.cs içinde: satýr 27
   konum: Orchard.Caching.Cache`2.<>c__DisplayClass3_0.<Get>b__0(TKey k) C:\Projeler\Orchard-1.10.3\src\Orchard\Caching\Cache.cs içinde: satýr 19
   konum: System.Collections.Concurrent.ConcurrentDictionary`2.AddOrUpdate(TKey key, Func`2 addValueFactory, Func`3 updateValueFactory)
   konum: Orchard.Caching.Cache`2.Get(TKey key, Func`2 acquire) C:\Projeler\Orchard-1.10.3\src\Orchard\Caching\Cache.cs içinde: satýr 17
   konum: Orchard.Caching.DefaultCacheManager.Get[TKey,TResult](TKey key, Func`2 acquire) C:\Projeler\Orchard-1.10.3\src\Orchard\Caching\DefaultCacheManager.cs içinde: satýr 33
   konum: Orchard.Caching.CacheManagerExtensions.Get[TKey,TResult](ICacheManager cacheManager, TKey key, Boolean preventConcurrentCalls, Func`2 acquire) C:\Projeler\Orchard-1.10.3\src\Orchard\Caching\ICacheManager.cs içinde: satýr 13
   konum: Orchard.Core.Settings.Metadata.ContentDefinitionManager.AcquireContentTypeDefinitions() C:\Projeler\Orchard-1.10.3\src\Orchard.Web\Core\Settings\Metadata\ContentDefinitionManager.cs içinde: satýr 128
   konum: Orchard.Core.Settings.Metadata.ContentDefinitionManager.GetTypeDefinition(String name) C:\Projeler\Orchard-1.10.3\src\Orchard.Web\Core\Settings\Metadata\ContentDefinitionManager.cs içinde: satýr 44
   konum: Orchard.ContentManagement.MetaData.ContentDefinitionManagerExtensions.AlterTypeDefinition(IContentDefinitionManager manager, String name, Action`1 alteration) C:\Projeler\Orchard-1.10.3\src\Orchard\ContentManagement\MetaData\IContentDefinitionManager.cs içinde: satýr 24
   konum: Orchard.Core.Settings.Migrations.Create() C:\Projeler\Orchard-1.10.3\src\Orchard.Web\Core\Settings\Migrations.cs içinde: satýr 85
   --- Ýç özel durum yýðýný izlemesinin sonu ---
   konum: System.RuntimeMethodHandle.InvokeMethod(Object target, Object[] arguments, Signature sig, Boolean constructor)
   konum: System.Reflection.RuntimeMethodInfo.UnsafeInvokeInternal(Object obj, Object[] parameters, Object[] arguments)
   konum: System.Reflection.RuntimeMethodInfo.Invoke(Object obj, BindingFlags invokeAttr, Binder binder, Object[] parameters, CultureInfo culture)
   konum: System.Reflection.MethodBase.Invoke(Object obj, Object[] parameters)
   konum: Orchard.Data.Migration.DataMigrationManager.Update(String feature) C:\Projeler\Orchard-1.10.3\src\Orchard\Data\Migration\DataMigrationManager.cs içinde: satýr 115
